mode: set
2024_2_ThereWillBeName/internal/pkg/cities/usecase/cities_usecase.go:15.66,19.2 1 0
2024_2_ThereWillBeName/internal/pkg/cities/usecase/cities_usecase.go:21.106,23.16 2 0
2024_2_ThereWillBeName/internal/pkg/cities/usecase/cities_usecase.go:23.16,24.41 1 0
2024_2_ThereWillBeName/internal/pkg/cities/usecase/cities_usecase.go:24.41,26.4 1 0
2024_2_ThereWillBeName/internal/pkg/cities/usecase/cities_usecase.go:27.3,27.67 1 0
2024_2_ThereWillBeName/internal/pkg/cities/usecase/cities_usecase.go:29.2,29.25 1 0
2024_2_ThereWillBeName/internal/pkg/cities/usecase/cities_usecase.go:32.95,34.16 2 0
2024_2_ThereWillBeName/internal/pkg/cities/usecase/cities_usecase.go:34.16,35.41 1 0
2024_2_ThereWillBeName/internal/pkg/cities/usecase/cities_usecase.go:35.41,37.4 1 0
2024_2_ThereWillBeName/internal/pkg/cities/usecase/cities_usecase.go:38.3,38.77 1 0
2024_2_ThereWillBeName/internal/pkg/cities/usecase/cities_usecase.go:41.2,41.18 1 0
2024_2_ThereWillBeName/docs/docs.go:1399.13,1401.2 1 0
2024_2_ThereWillBeName/internal/pkg/httpresponses/responses.go:13.97,16.17 2 0
2024_2_ThereWillBeName/internal/pkg/httpresponses/responses.go:16.17,18.3 1 0
2024_2_ThereWillBeName/internal/pkg/httpresponses/responses.go:20.2,21.56 2 0
2024_2_ThereWillBeName/internal/pkg/httpresponses/responses.go:21.56,25.3 2 0
2024_2_ThereWillBeName/internal/pkg/cities/delivery/http/handler.go:23.84,25.2 1 0
2024_2_ThereWillBeName/internal/pkg/cities/delivery/http/handler.go:27.119,28.40 1 0
2024_2_ThereWillBeName/internal/pkg/cities/delivery/http/handler.go:28.40,36.3 4 0
2024_2_ThereWillBeName/internal/pkg/cities/delivery/http/handler.go:37.2,43.49 4 0
2024_2_ThereWillBeName/internal/pkg/cities/delivery/http/handler.go:57.91,63.17 4 0
2024_2_ThereWillBeName/internal/pkg/cities/delivery/http/handler.go:63.17,70.3 4 0
2024_2_ThereWillBeName/internal/pkg/cities/delivery/http/handler.go:72.2,73.16 2 0
2024_2_ThereWillBeName/internal/pkg/cities/delivery/http/handler.go:73.16,78.3 4 0
2024_2_ThereWillBeName/internal/pkg/cities/delivery/http/handler.go:80.2,81.67 2 0
2024_2_ThereWillBeName/internal/pkg/cities/delivery/http/handler.go:96.87,103.21 5 0
2024_2_ThereWillBeName/internal/pkg/cities/delivery/http/handler.go:103.21,111.3 4 0
2024_2_ThereWillBeName/internal/pkg/cities/delivery/http/handler.go:113.2,114.16 2 0
2024_2_ThereWillBeName/internal/pkg/cities/delivery/http/handler.go:114.16,121.3 4 0
2024_2_ThereWillBeName/internal/pkg/cities/delivery/http/handler.go:123.2,124.16 2 0
2024_2_ThereWillBeName/internal/pkg/cities/delivery/http/handler.go:124.16,129.3 4 0
2024_2_ThereWillBeName/internal/pkg/cities/delivery/http/handler.go:131.2,133.65 2 0
2024_2_ThereWillBeName/internal/pkg/cities/repo/cities_repository.go:16.56,18.2 1 0
2024_2_ThereWillBeName/internal/pkg/cities/repo/cities_repository.go:20.105,26.16 4 0
2024_2_ThereWillBeName/internal/pkg/cities/repo/cities_repository.go:26.16,28.3 1 0
2024_2_ThereWillBeName/internal/pkg/cities/repo/cities_repository.go:29.2,31.18 2 0
2024_2_ThereWillBeName/internal/pkg/cities/repo/cities_repository.go:31.18,34.17 3 0
2024_2_ThereWillBeName/internal/pkg/cities/repo/cities_repository.go:34.17,36.4 1 0
2024_2_ThereWillBeName/internal/pkg/cities/repo/cities_repository.go:37.3,37.32 1 0
2024_2_ThereWillBeName/internal/pkg/cities/repo/cities_repository.go:40.2,40.22 1 0
2024_2_ThereWillBeName/internal/pkg/cities/repo/cities_repository.go:40.22,42.3 1 0
2024_2_ThereWillBeName/internal/pkg/cities/repo/cities_repository.go:44.2,44.20 1 0
2024_2_ThereWillBeName/internal/pkg/cities/repo/cities_repository.go:47.94,52.16 4 0
2024_2_ThereWillBeName/internal/pkg/cities/repo/cities_repository.go:52.16,53.36 1 0
2024_2_ThereWillBeName/internal/pkg/cities/repo/cities_repository.go:53.36,55.4 1 0
2024_2_ThereWillBeName/internal/pkg/cities/repo/cities_repository.go:56.3,56.77 1 0
2024_2_ThereWillBeName/internal/pkg/cities/repo/cities_repository.go:59.2,59.18 1 0
2024_2_ThereWillBeName/internal/pkg/jwt/jwt.go:16.54,20.2 1 0
2024_2_ThereWillBeName/internal/pkg/jwt/jwt.go:22.79,32.2 3 0
2024_2_ThereWillBeName/internal/pkg/jwt/jwt.go:34.72,35.83 1 0
2024_2_ThereWillBeName/internal/pkg/jwt/jwt.go:35.83,36.58 1 0
2024_2_ThereWillBeName/internal/pkg/jwt/jwt.go:36.58,38.4 1 0
2024_2_ThereWillBeName/internal/pkg/jwt/jwt.go:39.3,39.23 1 0
2024_2_ThereWillBeName/internal/pkg/jwt/jwt.go:42.2,42.79 1 0
2024_2_ThereWillBeName/internal/pkg/jwt/jwt.go:42.79,44.3 1 0
2024_2_ThereWillBeName/internal/pkg/jwt/jwt.go:45.2,45.17 1 0
2024_2_ThereWillBeName/internal/pkg/logger/logger.go:28.74,29.58 1 0
2024_2_ThereWillBeName/internal/pkg/logger/logger.go:29.58,30.27 1 0
2024_2_ThereWillBeName/internal/pkg/logger/logger.go:30.27,32.4 1 0
2024_2_ThereWillBeName/internal/pkg/logger/logger.go:35.2,37.17 2 0
2024_2_ThereWillBeName/internal/pkg/logger/logger.go:38.23,39.37 1 0
2024_2_ThereWillBeName/internal/pkg/logger/logger.go:40.22,41.34 1 0
2024_2_ThereWillBeName/internal/pkg/logger/logger.go:42.22,43.36 1 0
2024_2_ThereWillBeName/internal/pkg/logger/logger.go:44.23,45.33 1 0
2024_2_ThereWillBeName/internal/pkg/logger/logger.go:48.2,49.33 2 0
2024_2_ThereWillBeName/internal/pkg/logger/logger.go:49.33,53.3 2 0
2024_2_ThereWillBeName/internal/pkg/logger/logger.go:62.2,63.16 2 0
2024_2_ThereWillBeName/internal/pkg/logger/logger.go:63.16,65.3 1 0
2024_2_ThereWillBeName/internal/pkg/logger/logger.go:66.2,72.12 4 0
2024_2_ThereWillBeName/internal/pkg/logger/logger.go:75.80,82.2 2 0
2024_2_ThereWillBeName/internal/pkg/logger/logger.go:84.72,85.19 1 0
2024_2_ThereWillBeName/internal/pkg/logger/logger.go:85.19,87.3 1 0
2024_2_ThereWillBeName/internal/pkg/logger/logger.go:89.2,89.57 1 0
2024_2_ThereWillBeName/internal/pkg/logger/logger.go:89.57,92.3 2 0
2024_2_ThereWillBeName/internal/pkg/logger/logger.go:94.2,96.49 3 0
2024_2_ThereWillBeName/internal/pkg/logger/logger.go:99.79,104.2 4 0
2024_2_ThereWillBeName/cmd/main.go:42.13,54.16 10 0
2024_2_ThereWillBeName/cmd/main.go:54.16,56.3 1 0
2024_2_ThereWillBeName/cmd/main.go:57.2,85.84 24 0
2024_2_ThereWillBeName/cmd/main.go:85.84,90.3 2 0
2024_2_ThereWillBeName/cmd/main.go:91.2,144.16 38 0
2024_2_ThereWillBeName/cmd/main.go:144.16,147.3 2 0
2024_2_ThereWillBeName/cmd/main.go:157.65,161.16 3 0
2024_2_ThereWillBeName/cmd/main.go:161.16,167.3 3 0
2024_2_ThereWillBeName/cmd/main.go:170.46,172.16 2 0
2024_2_ThereWillBeName/cmd/main.go:172.16,174.3 1 0
2024_2_ThereWillBeName/cmd/main.go:176.2,177.16 2 0
2024_2_ThereWillBeName/cmd/main.go:177.16,179.3 1 0
2024_2_ThereWillBeName/cmd/main.go:181.2,181.16 1 0
2024_2_ThereWillBeName/cmd/main.go:184.33,188.54 3 0
2024_2_ThereWillBeName/cmd/main.go:188.54,190.3 1 0
2024_2_ThereWillBeName/cmd/main.go:192.2,200.26 3 0
2024_2_ThereWillBeName/internal/pkg/jwt/mocks/mock_jwt.go:25.69,29.2 3 0
2024_2_ThereWillBeName/internal/pkg/jwt/mocks/mock_jwt.go:32.67,34.2 1 0
2024_2_ThereWillBeName/internal/pkg/jwt/mocks/mock_jwt.go:37.92,43.2 5 0
2024_2_ThereWillBeName/internal/pkg/jwt/mocks/mock_jwt.go:46.102,49.2 2 0
2024_2_ThereWillBeName/internal/pkg/jwt/mocks/mock_jwt.go:52.85,58.2 5 0
2024_2_ThereWillBeName/internal/pkg/jwt/mocks/mock_jwt.go:61.84,64.2 2 0
2024_2_ThereWillBeName/internal/pkg/middleware/cors.go:9.65,13.2 1 0
2024_2_ThereWillBeName/internal/pkg/middleware/cors.go:14.73,15.71 1 0
2024_2_ThereWillBeName/internal/pkg/middleware/cors.go:15.71,19.32 4 0
2024_2_ThereWillBeName/internal/pkg/middleware/cors.go:19.32,21.4 1 0
2024_2_ThereWillBeName/internal/pkg/middleware/cors.go:22.3,22.37 1 0
2024_2_ThereWillBeName/internal/pkg/middleware/cors.go:22.37,25.4 2 0
2024_2_ThereWillBeName/internal/pkg/middleware/cors.go:26.3,26.23 1 0
2024_2_ThereWillBeName/internal/pkg/middleware/middleware.go:19.103,20.71 1 0
2024_2_ThereWillBeName/internal/pkg/middleware/middleware.go:20.71,23.17 2 0
2024_2_ThereWillBeName/internal/pkg/middleware/middleware.go:23.17,31.4 4 0
2024_2_ThereWillBeName/internal/pkg/middleware/middleware.go:33.3,34.17 2 0
2024_2_ThereWillBeName/internal/pkg/middleware/middleware.go:34.17,39.21 2 0
2024_2_ThereWillBeName/internal/pkg/middleware/middleware.go:39.21,41.5 1 0
2024_2_ThereWillBeName/internal/pkg/middleware/middleware.go:42.4,43.10 2 0
2024_2_ThereWillBeName/internal/pkg/middleware/middleware.go:45.3,48.20 4 0
2024_2_ThereWillBeName/internal/pkg/middleware/middleware.go:48.20,50.4 1 0
2024_2_ThereWillBeName/internal/pkg/middleware/middleware.go:51.3,56.23 5 0
2024_2_ThereWillBeName/internal/pkg/places/mocks/mock.go:27.63,31.2 3 0
2024_2_ThereWillBeName/internal/pkg/places/mocks/mock.go:34.61,36.2 1 0
2024_2_ThereWillBeName/internal/pkg/places/mocks/mock.go:39.90,44.2 4 0
2024_2_ThereWillBeName/internal/pkg/places/mocks/mock.go:47.87,50.2 2 0
2024_2_ThereWillBeName/internal/pkg/places/mocks/mock.go:53.73,58.2 4 0
2024_2_ThereWillBeName/internal/pkg/places/mocks/mock.go:61.84,64.2 2 0
2024_2_ThereWillBeName/internal/pkg/places/mocks/mock.go:67.89,73.2 5 0
2024_2_ThereWillBeName/internal/pkg/places/mocks/mock.go:76.81,79.2 2 0
2024_2_ThereWillBeName/internal/pkg/places/mocks/mock.go:82.102,88.2 5 0
2024_2_ThereWillBeName/internal/pkg/places/mocks/mock.go:91.93,94.2 2 0
2024_2_ThereWillBeName/internal/pkg/places/mocks/mock.go:97.118,103.2 5 0
2024_2_ThereWillBeName/internal/pkg/places/mocks/mock.go:106.102,109.2 2 0
2024_2_ThereWillBeName/internal/pkg/places/mocks/mock.go:112.90,117.2 4 0
2024_2_ThereWillBeName/internal/pkg/places/mocks/mock.go:120.87,123.2 2 0
2024_2_ThereWillBeName/internal/pkg/places/mocks/mock.go:137.69,141.2 3 0
2024_2_ThereWillBeName/internal/pkg/places/mocks/mock.go:144.67,146.2 1 0
2024_2_ThereWillBeName/internal/pkg/places/mocks/mock.go:149.93,154.2 4 0
2024_2_ThereWillBeName/internal/pkg/places/mocks/mock.go:157.90,160.2 2 0
2024_2_ThereWillBeName/internal/pkg/places/mocks/mock.go:163.76,168.2 4 0
2024_2_ThereWillBeName/internal/pkg/places/mocks/mock.go:171.87,174.2 2 0
2024_2_ThereWillBeName/internal/pkg/places/mocks/mock.go:177.92,183.2 5 0
2024_2_ThereWillBeName/internal/pkg/places/mocks/mock.go:186.84,189.2 2 0
2024_2_ThereWillBeName/internal/pkg/places/mocks/mock.go:192.105,198.2 5 0
2024_2_ThereWillBeName/internal/pkg/places/mocks/mock.go:201.96,204.2 2 0
2024_2_ThereWillBeName/internal/pkg/places/mocks/mock.go:207.121,213.2 5 0
2024_2_ThereWillBeName/internal/pkg/places/mocks/mock.go:216.105,219.2 2 0
2024_2_ThereWillBeName/internal/pkg/places/mocks/mock.go:222.93,227.2 4 0
2024_2_ThereWillBeName/internal/pkg/places/mocks/mock.go:230.90,233.2 2 0
2024_2_ThereWillBeName/internal/pkg/httpresponses/responses.go:13.97,16.17 2 1
2024_2_ThereWillBeName/internal/pkg/httpresponses/responses.go:16.17,18.3 1 1
2024_2_ThereWillBeName/internal/pkg/httpresponses/responses.go:20.2,21.56 2 1
2024_2_ThereWillBeName/internal/pkg/httpresponses/responses.go:21.56,25.3 2 0
2024_2_ThereWillBeName/internal/pkg/logger/logger.go:28.74,29.58 1 0
2024_2_ThereWillBeName/internal/pkg/logger/logger.go:29.58,30.27 1 0
2024_2_ThereWillBeName/internal/pkg/logger/logger.go:30.27,32.4 1 0
2024_2_ThereWillBeName/internal/pkg/logger/logger.go:35.2,37.17 2 0
2024_2_ThereWillBeName/internal/pkg/logger/logger.go:38.23,39.37 1 0
2024_2_ThereWillBeName/internal/pkg/logger/logger.go:40.22,41.34 1 0
2024_2_ThereWillBeName/internal/pkg/logger/logger.go:42.22,43.36 1 0
2024_2_ThereWillBeName/internal/pkg/logger/logger.go:44.23,45.33 1 0
2024_2_ThereWillBeName/internal/pkg/logger/logger.go:48.2,49.33 2 0
2024_2_ThereWillBeName/internal/pkg/logger/logger.go:49.33,53.3 2 0
2024_2_ThereWillBeName/internal/pkg/logger/logger.go:62.2,63.16 2 0
2024_2_ThereWillBeName/internal/pkg/logger/logger.go:63.16,65.3 1 0
2024_2_ThereWillBeName/internal/pkg/logger/logger.go:66.2,72.12 4 0
2024_2_ThereWillBeName/internal/pkg/logger/logger.go:75.80,82.2 2 0
2024_2_ThereWillBeName/internal/pkg/logger/logger.go:84.72,85.19 1 1
2024_2_ThereWillBeName/internal/pkg/logger/logger.go:85.19,87.3 1 0
2024_2_ThereWillBeName/internal/pkg/logger/logger.go:89.2,89.57 1 1
2024_2_ThereWillBeName/internal/pkg/logger/logger.go:89.57,92.3 2 1
2024_2_ThereWillBeName/internal/pkg/logger/logger.go:94.2,96.49 3 1
2024_2_ThereWillBeName/internal/pkg/logger/logger.go:99.79,104.2 4 1
2024_2_ThereWillBeName/internal/pkg/places/delivery/http/handler.go:23.83,25.2 1 1
2024_2_ThereWillBeName/internal/pkg/places/delivery/http/handler.go:35.82,40.16 4 1
2024_2_ThereWillBeName/internal/pkg/places/delivery/http/handler.go:40.16,44.3 3 1
2024_2_ThereWillBeName/internal/pkg/places/delivery/http/handler.go:45.2,46.16 2 1
2024_2_ThereWillBeName/internal/pkg/places/delivery/http/handler.go:46.16,50.3 3 1
2024_2_ThereWillBeName/internal/pkg/places/delivery/http/handler.go:51.2,52.16 2 1
2024_2_ThereWillBeName/internal/pkg/places/delivery/http/handler.go:52.16,59.3 3 1
2024_2_ThereWillBeName/internal/pkg/places/delivery/http/handler.go:61.2,63.67 2 1
2024_2_ThereWillBeName/internal/pkg/places/delivery/http/handler.go:76.82,81.63 4 1
2024_2_ThereWillBeName/internal/pkg/places/delivery/http/handler.go:81.63,87.3 3 1
2024_2_ThereWillBeName/internal/pkg/places/delivery/http/handler.go:88.2,88.61 1 1
2024_2_ThereWillBeName/internal/pkg/places/delivery/http/handler.go:88.61,94.3 3 1
2024_2_ThereWillBeName/internal/pkg/places/delivery/http/handler.go:96.2,98.93 2 1
2024_2_ThereWillBeName/internal/pkg/places/delivery/http/handler.go:111.81,117.63 4 1
2024_2_ThereWillBeName/internal/pkg/places/delivery/http/handler.go:117.63,123.3 3 1
2024_2_ThereWillBeName/internal/pkg/places/delivery/http/handler.go:124.2,124.61 1 1
2024_2_ThereWillBeName/internal/pkg/places/delivery/http/handler.go:124.61,130.3 3 1
2024_2_ThereWillBeName/internal/pkg/places/delivery/http/handler.go:132.2,134.89 2 1
2024_2_ThereWillBeName/internal/pkg/places/delivery/http/handler.go:146.84,154.16 5 1
2024_2_ThereWillBeName/internal/pkg/places/delivery/http/handler.go:154.16,158.3 3 1
2024_2_ThereWillBeName/internal/pkg/places/delivery/http/handler.go:159.2,159.64 1 1
2024_2_ThereWillBeName/internal/pkg/places/delivery/http/handler.go:159.64,160.41 1 1
2024_2_ThereWillBeName/internal/pkg/places/delivery/http/handler.go:160.41,164.4 3 0
2024_2_ThereWillBeName/internal/pkg/places/delivery/http/handler.go:165.3,167.9 3 1
2024_2_ThereWillBeName/internal/pkg/places/delivery/http/handler.go:169.2,171.61 2 1
2024_2_ThereWillBeName/internal/pkg/places/delivery/http/handler.go:183.81,190.16 5 1
2024_2_ThereWillBeName/internal/pkg/places/delivery/http/handler.go:190.16,194.3 3 1
2024_2_ThereWillBeName/internal/pkg/places/delivery/http/handler.go:195.2,196.16 2 1
2024_2_ThereWillBeName/internal/pkg/places/delivery/http/handler.go:196.16,197.41 1 1
2024_2_ThereWillBeName/internal/pkg/places/delivery/http/handler.go:197.41,204.4 4 1
2024_2_ThereWillBeName/internal/pkg/places/delivery/http/handler.go:205.3,207.9 3 1
2024_2_ThereWillBeName/internal/pkg/places/delivery/http/handler.go:209.2,211.61 2 1
2024_2_ThereWillBeName/internal/pkg/places/delivery/http/handler.go:223.85,230.16 5 1
2024_2_ThereWillBeName/internal/pkg/places/delivery/http/handler.go:230.16,234.3 3 1
2024_2_ThereWillBeName/internal/pkg/places/delivery/http/handler.go:235.2,236.16 2 1
2024_2_ThereWillBeName/internal/pkg/places/delivery/http/handler.go:236.16,240.3 3 1
2024_2_ThereWillBeName/internal/pkg/places/delivery/http/handler.go:241.2,242.16 2 1
2024_2_ThereWillBeName/internal/pkg/places/delivery/http/handler.go:242.16,246.3 3 1
2024_2_ThereWillBeName/internal/pkg/places/delivery/http/handler.go:247.2,249.70 2 1
2024_2_ThereWillBeName/internal/pkg/places/mocks/mock.go:27.63,31.2 3 0
2024_2_ThereWillBeName/internal/pkg/places/mocks/mock.go:34.61,36.2 1 0
2024_2_ThereWillBeName/internal/pkg/places/mocks/mock.go:39.90,44.2 4 0
2024_2_ThereWillBeName/internal/pkg/places/mocks/mock.go:47.87,50.2 2 0
2024_2_ThereWillBeName/internal/pkg/places/mocks/mock.go:53.73,58.2 4 0
2024_2_ThereWillBeName/internal/pkg/places/mocks/mock.go:61.84,64.2 2 0
2024_2_ThereWillBeName/internal/pkg/places/mocks/mock.go:67.89,73.2 5 0
2024_2_ThereWillBeName/internal/pkg/places/mocks/mock.go:76.81,79.2 2 0
2024_2_ThereWillBeName/internal/pkg/places/mocks/mock.go:82.102,88.2 5 0
2024_2_ThereWillBeName/internal/pkg/places/mocks/mock.go:91.93,94.2 2 0
2024_2_ThereWillBeName/internal/pkg/places/mocks/mock.go:97.118,103.2 5 0
2024_2_ThereWillBeName/internal/pkg/places/mocks/mock.go:106.102,109.2 2 0
2024_2_ThereWillBeName/internal/pkg/places/mocks/mock.go:112.90,117.2 4 0
2024_2_ThereWillBeName/internal/pkg/places/mocks/mock.go:120.87,123.2 2 0
2024_2_ThereWillBeName/internal/pkg/places/mocks/mock.go:137.69,141.2 3 1
2024_2_ThereWillBeName/internal/pkg/places/mocks/mock.go:144.67,146.2 1 1
2024_2_ThereWillBeName/internal/pkg/places/mocks/mock.go:149.93,154.2 4 1
2024_2_ThereWillBeName/internal/pkg/places/mocks/mock.go:157.90,160.2 2 1
2024_2_ThereWillBeName/internal/pkg/places/mocks/mock.go:163.76,168.2 4 1
2024_2_ThereWillBeName/internal/pkg/places/mocks/mock.go:171.87,174.2 2 1
2024_2_ThereWillBeName/internal/pkg/places/mocks/mock.go:177.92,183.2 5 1
2024_2_ThereWillBeName/internal/pkg/places/mocks/mock.go:186.84,189.2 2 1
2024_2_ThereWillBeName/internal/pkg/places/mocks/mock.go:192.105,198.2 5 1
2024_2_ThereWillBeName/internal/pkg/places/mocks/mock.go:201.96,204.2 2 1
2024_2_ThereWillBeName/internal/pkg/places/mocks/mock.go:207.121,213.2 5 1
2024_2_ThereWillBeName/internal/pkg/places/mocks/mock.go:216.105,219.2 2 1
2024_2_ThereWillBeName/internal/pkg/places/mocks/mock.go:222.93,227.2 4 1
2024_2_ThereWillBeName/internal/pkg/places/mocks/mock.go:230.90,233.2 2 1
2024_2_ThereWillBeName/internal/pkg/reviews/usecase/reviews_usecase.go:15.70,17.2 1 0
2024_2_ThereWillBeName/internal/pkg/reviews/usecase/reviews_usecase.go:19.92,21.16 2 0
2024_2_ThereWillBeName/internal/pkg/reviews/usecase/reviews_usecase.go:21.16,22.41 1 0
2024_2_ThereWillBeName/internal/pkg/reviews/usecase/reviews_usecase.go:22.41,24.4 1 0
2024_2_ThereWillBeName/internal/pkg/reviews/usecase/reviews_usecase.go:25.3,25.62 1 0
2024_2_ThereWillBeName/internal/pkg/reviews/usecase/reviews_usecase.go:28.2,28.12 1 0
2024_2_ThereWillBeName/internal/pkg/reviews/usecase/reviews_usecase.go:31.92,33.16 2 0
2024_2_ThereWillBeName/internal/pkg/reviews/usecase/reviews_usecase.go:33.16,34.41 1 0
2024_2_ThereWillBeName/internal/pkg/reviews/usecase/reviews_usecase.go:34.41,36.4 1 0
2024_2_ThereWillBeName/internal/pkg/reviews/usecase/reviews_usecase.go:37.3,37.62 1 0
2024_2_ThereWillBeName/internal/pkg/reviews/usecase/reviews_usecase.go:40.2,40.12 1 0
2024_2_ThereWillBeName/internal/pkg/reviews/usecase/reviews_usecase.go:43.85,45.16 2 0
2024_2_ThereWillBeName/internal/pkg/reviews/usecase/reviews_usecase.go:45.16,46.41 1 0
2024_2_ThereWillBeName/internal/pkg/reviews/usecase/reviews_usecase.go:46.41,48.4 1 0
2024_2_ThereWillBeName/internal/pkg/reviews/usecase/reviews_usecase.go:49.3,49.62 1 0
2024_2_ThereWillBeName/internal/pkg/reviews/usecase/reviews_usecase.go:52.2,52.12 1 0
2024_2_ThereWillBeName/internal/pkg/reviews/usecase/reviews_usecase.go:55.132,57.16 2 0
2024_2_ThereWillBeName/internal/pkg/reviews/usecase/reviews_usecase.go:57.16,58.41 1 0
2024_2_ThereWillBeName/internal/pkg/reviews/usecase/reviews_usecase.go:58.41,60.4 1 0
2024_2_ThereWillBeName/internal/pkg/reviews/usecase/reviews_usecase.go:61.3,61.67 1 0
2024_2_ThereWillBeName/internal/pkg/reviews/usecase/reviews_usecase.go:64.2,64.26 1 0
2024_2_ThereWillBeName/internal/pkg/reviews/usecase/reviews_usecase.go:67.102,69.16 2 0
2024_2_ThereWillBeName/internal/pkg/reviews/usecase/reviews_usecase.go:69.16,70.41 1 0
2024_2_ThereWillBeName/internal/pkg/reviews/usecase/reviews_usecase.go:70.41,72.4 1 0
2024_2_ThereWillBeName/internal/pkg/reviews/usecase/reviews_usecase.go:73.3,73.82 1 0
2024_2_ThereWillBeName/internal/pkg/reviews/usecase/reviews_usecase.go:76.2,76.25 1 0
2024_2_ThereWillBeName/internal/pkg/places/mocks/mock.go:27.63,31.2 3 1
2024_2_ThereWillBeName/internal/pkg/places/mocks/mock.go:34.61,36.2 1 1
2024_2_ThereWillBeName/internal/pkg/places/mocks/mock.go:39.90,44.2 4 1
2024_2_ThereWillBeName/internal/pkg/places/mocks/mock.go:47.87,50.2 2 1
2024_2_ThereWillBeName/internal/pkg/places/mocks/mock.go:53.73,58.2 4 1
2024_2_ThereWillBeName/internal/pkg/places/mocks/mock.go:61.84,64.2 2 1
2024_2_ThereWillBeName/internal/pkg/places/mocks/mock.go:67.89,73.2 5 1
2024_2_ThereWillBeName/internal/pkg/places/mocks/mock.go:76.81,79.2 2 1
2024_2_ThereWillBeName/internal/pkg/places/mocks/mock.go:82.102,88.2 5 1
2024_2_ThereWillBeName/internal/pkg/places/mocks/mock.go:91.93,94.2 2 1
2024_2_ThereWillBeName/internal/pkg/places/mocks/mock.go:97.118,103.2 5 1
2024_2_ThereWillBeName/internal/pkg/places/mocks/mock.go:106.102,109.2 2 1
2024_2_ThereWillBeName/internal/pkg/places/mocks/mock.go:112.90,117.2 4 1
2024_2_ThereWillBeName/internal/pkg/places/mocks/mock.go:120.87,123.2 2 1
2024_2_ThereWillBeName/internal/pkg/places/mocks/mock.go:137.69,141.2 3 0
2024_2_ThereWillBeName/internal/pkg/places/mocks/mock.go:144.67,146.2 1 0
2024_2_ThereWillBeName/internal/pkg/places/mocks/mock.go:149.93,154.2 4 0
2024_2_ThereWillBeName/internal/pkg/places/mocks/mock.go:157.90,160.2 2 0
2024_2_ThereWillBeName/internal/pkg/places/mocks/mock.go:163.76,168.2 4 0
2024_2_ThereWillBeName/internal/pkg/places/mocks/mock.go:171.87,174.2 2 0
2024_2_ThereWillBeName/internal/pkg/places/mocks/mock.go:177.92,183.2 5 0
2024_2_ThereWillBeName/internal/pkg/places/mocks/mock.go:186.84,189.2 2 0
2024_2_ThereWillBeName/internal/pkg/places/mocks/mock.go:192.105,198.2 5 0
2024_2_ThereWillBeName/internal/pkg/places/mocks/mock.go:201.96,204.2 2 0
2024_2_ThereWillBeName/internal/pkg/places/mocks/mock.go:207.121,213.2 5 0
2024_2_ThereWillBeName/internal/pkg/places/mocks/mock.go:216.105,219.2 2 0
2024_2_ThereWillBeName/internal/pkg/places/mocks/mock.go:222.93,227.2 4 0
2024_2_ThereWillBeName/internal/pkg/places/mocks/mock.go:230.90,233.2 2 0
2024_2_ThereWillBeName/internal/pkg/places/usecase/usecase.go:13.63,15.2 1 1
2024_2_ThereWillBeName/internal/pkg/places/usecase/usecase.go:17.105,19.16 2 1
2024_2_ThereWillBeName/internal/pkg/places/usecase/usecase.go:19.16,21.3 1 1
2024_2_ThereWillBeName/internal/pkg/places/usecase/usecase.go:22.2,22.20 1 1
2024_2_ThereWillBeName/internal/pkg/places/usecase/usecase.go:25.93,28.2 1 1
2024_2_ThereWillBeName/internal/pkg/places/usecase/usecase.go:30.93,32.2 1 1
2024_2_ThereWillBeName/internal/pkg/places/usecase/usecase.go:34.76,36.2 1 1
2024_2_ThereWillBeName/internal/pkg/places/usecase/usecase.go:38.92,40.2 1 1
2024_2_ThereWillBeName/internal/pkg/places/usecase/usecase.go:42.121,44.2 1 1
2024_2_ThereWillBeName/internal/pkg/places/repo/place_repository.go:17.54,19.2 1 1
2024_2_ThereWillBeName/internal/pkg/places/repo/place_repository.go:21.104,24.16 3 1
2024_2_ThereWillBeName/internal/pkg/places/repo/place_repository.go:24.16,26.3 1 1
2024_2_ThereWillBeName/internal/pkg/places/repo/place_repository.go:27.2,29.18 3 1
2024_2_ThereWillBeName/internal/pkg/places/repo/place_repository.go:29.18,32.17 3 1
2024_2_ThereWillBeName/internal/pkg/places/repo/place_repository.go:32.17,34.4 1 0
2024_2_ThereWillBeName/internal/pkg/places/repo/place_repository.go:35.3,35.33 1 1
2024_2_ThereWillBeName/internal/pkg/places/repo/place_repository.go:37.2,37.20 1 1
2024_2_ThereWillBeName/internal/pkg/places/repo/place_repository.go:40.92,44.16 4 0
2024_2_ThereWillBeName/internal/pkg/places/repo/place_repository.go:44.16,46.3 1 0
2024_2_ThereWillBeName/internal/pkg/places/repo/place_repository.go:47.2,47.48 1 0
2024_2_ThereWillBeName/internal/pkg/places/repo/place_repository.go:47.48,50.17 3 0
2024_2_ThereWillBeName/internal/pkg/places/repo/place_repository.go:50.17,52.4 1 0
2024_2_ThereWillBeName/internal/pkg/places/repo/place_repository.go:53.3,53.49 1 0
2024_2_ThereWillBeName/internal/pkg/places/repo/place_repository.go:53.49,55.4 1 0
2024_2_ThereWillBeName/internal/pkg/places/repo/place_repository.go:57.2,57.12 1 0
2024_2_ThereWillBeName/internal/pkg/places/repo/place_repository.go:60.91,65.16 5 0
2024_2_ThereWillBeName/internal/pkg/places/repo/place_repository.go:65.16,66.36 1 0
2024_2_ThereWillBeName/internal/pkg/places/repo/place_repository.go:66.36,68.4 1 0
2024_2_ThereWillBeName/internal/pkg/places/repo/place_repository.go:69.3,69.78 1 0
2024_2_ThereWillBeName/internal/pkg/places/repo/place_repository.go:71.2,71.19 1 0
2024_2_ThereWillBeName/internal/pkg/places/repo/place_repository.go:74.92,77.16 3 0
2024_2_ThereWillBeName/internal/pkg/places/repo/place_repository.go:77.16,79.3 1 0
2024_2_ThereWillBeName/internal/pkg/places/repo/place_repository.go:80.2,81.16 2 0
2024_2_ThereWillBeName/internal/pkg/places/repo/place_repository.go:81.16,83.3 1 0
2024_2_ThereWillBeName/internal/pkg/places/repo/place_repository.go:84.2,84.23 1 0
2024_2_ThereWillBeName/internal/pkg/places/repo/place_repository.go:84.23,86.3 1 0
2024_2_ThereWillBeName/internal/pkg/places/repo/place_repository.go:88.2,90.16 3 0
2024_2_ThereWillBeName/internal/pkg/places/repo/place_repository.go:90.16,92.3 1 0
2024_2_ThereWillBeName/internal/pkg/places/repo/place_repository.go:93.2,94.16 2 0
2024_2_ThereWillBeName/internal/pkg/places/repo/place_repository.go:94.16,96.3 1 0
2024_2_ThereWillBeName/internal/pkg/places/repo/place_repository.go:97.2,97.23 1 0
2024_2_ThereWillBeName/internal/pkg/places/repo/place_repository.go:97.23,99.3 1 0
2024_2_ThereWillBeName/internal/pkg/places/repo/place_repository.go:101.2,101.48 1 0
2024_2_ThereWillBeName/internal/pkg/places/repo/place_repository.go:101.48,104.17 3 0
2024_2_ThereWillBeName/internal/pkg/places/repo/place_repository.go:104.17,106.4 1 0
2024_2_ThereWillBeName/internal/pkg/places/repo/place_repository.go:107.3,107.49 1 0
2024_2_ThereWillBeName/internal/pkg/places/repo/place_repository.go:107.49,109.4 1 0
2024_2_ThereWillBeName/internal/pkg/places/repo/place_repository.go:111.2,111.12 1 0
2024_2_ThereWillBeName/internal/pkg/places/repo/place_repository.go:114.75,117.16 3 0
2024_2_ThereWillBeName/internal/pkg/places/repo/place_repository.go:117.16,119.3 1 0
2024_2_ThereWillBeName/internal/pkg/places/repo/place_repository.go:120.2,121.16 2 0
2024_2_ThereWillBeName/internal/pkg/places/repo/place_repository.go:121.16,123.3 1 0
2024_2_ThereWillBeName/internal/pkg/places/repo/place_repository.go:124.2,124.23 1 0
2024_2_ThereWillBeName/internal/pkg/places/repo/place_repository.go:124.23,126.3 1 0
2024_2_ThereWillBeName/internal/pkg/places/repo/place_repository.go:127.2,127.12 1 0
2024_2_ThereWillBeName/internal/pkg/places/repo/place_repository.go:130.120,134.16 4 0
2024_2_ThereWillBeName/internal/pkg/places/repo/place_repository.go:134.16,136.3 1 0
2024_2_ThereWillBeName/internal/pkg/places/repo/place_repository.go:137.2,139.16 3 0
2024_2_ThereWillBeName/internal/pkg/places/repo/place_repository.go:139.16,141.3 1 0
2024_2_ThereWillBeName/internal/pkg/places/repo/place_repository.go:142.2,144.18 2 0
2024_2_ThereWillBeName/internal/pkg/places/repo/place_repository.go:144.18,147.17 3 0
2024_2_ThereWillBeName/internal/pkg/places/repo/place_repository.go:147.17,149.4 1 0
2024_2_ThereWillBeName/internal/pkg/places/repo/place_repository.go:150.3,150.33 1 0
2024_2_ThereWillBeName/internal/pkg/places/repo/place_repository.go:152.2,152.20 1 0
2024_2_ThereWillBeName/internal/pkg/reviews/repo/reviews_repository.go:16.56,18.2 1 0
2024_2_ThereWillBeName/internal/pkg/reviews/repo/reviews_repository.go:20.90,25.16 3 0
2024_2_ThereWillBeName/internal/pkg/reviews/repo/reviews_repository.go:25.16,27.3 1 0
2024_2_ThereWillBeName/internal/pkg/reviews/repo/reviews_repository.go:29.2,30.16 2 0
2024_2_ThereWillBeName/internal/pkg/reviews/repo/reviews_repository.go:30.16,32.3 1 0
2024_2_ThereWillBeName/internal/pkg/reviews/repo/reviews_repository.go:34.2,34.23 1 0
2024_2_ThereWillBeName/internal/pkg/reviews/repo/reviews_repository.go:34.23,36.3 1 0
2024_2_ThereWillBeName/internal/pkg/reviews/repo/reviews_repository.go:37.2,37.12 1 0
2024_2_ThereWillBeName/internal/pkg/reviews/repo/reviews_repository.go:40.90,46.16 3 0
2024_2_ThereWillBeName/internal/pkg/reviews/repo/reviews_repository.go:46.16,48.3 1 0
2024_2_ThereWillBeName/internal/pkg/reviews/repo/reviews_repository.go:50.2,51.16 2 0
2024_2_ThereWillBeName/internal/pkg/reviews/repo/reviews_repository.go:51.16,53.3 1 0
2024_2_ThereWillBeName/internal/pkg/reviews/repo/reviews_repository.go:55.2,55.23 1 0
2024_2_ThereWillBeName/internal/pkg/reviews/repo/reviews_repository.go:55.23,57.3 1 0
2024_2_ThereWillBeName/internal/pkg/reviews/repo/reviews_repository.go:59.2,59.12 1 0
2024_2_ThereWillBeName/internal/pkg/reviews/repo/reviews_repository.go:62.83,66.16 3 0
2024_2_ThereWillBeName/internal/pkg/reviews/repo/reviews_repository.go:66.16,68.3 1 0
2024_2_ThereWillBeName/internal/pkg/reviews/repo/reviews_repository.go:70.2,71.16 2 0
2024_2_ThereWillBeName/internal/pkg/reviews/repo/reviews_repository.go:71.16,73.3 1 0
2024_2_ThereWillBeName/internal/pkg/reviews/repo/reviews_repository.go:75.2,75.23 1 0
2024_2_ThereWillBeName/internal/pkg/reviews/repo/reviews_repository.go:75.23,77.3 1 0
2024_2_ThereWillBeName/internal/pkg/reviews/repo/reviews_repository.go:79.2,79.12 1 0
2024_2_ThereWillBeName/internal/pkg/reviews/repo/reviews_repository.go:82.130,91.16 3 0
2024_2_ThereWillBeName/internal/pkg/reviews/repo/reviews_repository.go:91.16,93.3 1 0
2024_2_ThereWillBeName/internal/pkg/reviews/repo/reviews_repository.go:94.2,97.18 3 0
2024_2_ThereWillBeName/internal/pkg/reviews/repo/reviews_repository.go:97.18,99.122 2 0
2024_2_ThereWillBeName/internal/pkg/reviews/repo/reviews_repository.go:99.122,101.4 1 0
2024_2_ThereWillBeName/internal/pkg/reviews/repo/reviews_repository.go:102.3,102.36 1 0
2024_2_ThereWillBeName/internal/pkg/reviews/repo/reviews_repository.go:105.2,105.23 1 0
2024_2_ThereWillBeName/internal/pkg/reviews/repo/reviews_repository.go:105.23,107.3 1 0
2024_2_ThereWillBeName/internal/pkg/reviews/repo/reviews_repository.go:109.2,109.21 1 0
2024_2_ThereWillBeName/internal/pkg/reviews/repo/reviews_repository.go:112.100,122.16 5 0
2024_2_ThereWillBeName/internal/pkg/reviews/repo/reviews_repository.go:122.16,123.27 1 0
2024_2_ThereWillBeName/internal/pkg/reviews/repo/reviews_repository.go:123.27,125.4 1 0
2024_2_ThereWillBeName/internal/pkg/reviews/repo/reviews_repository.go:126.3,126.89 1 0
2024_2_ThereWillBeName/internal/pkg/reviews/repo/reviews_repository.go:129.2,129.20 1 0
2024_2_ThereWillBeName/internal/pkg/reviews/delivery/http/handler.go:25.86,27.2 1 0
2024_2_ThereWillBeName/internal/pkg/reviews/delivery/http/handler.go:29.119,30.40 1 0
2024_2_ThereWillBeName/internal/pkg/reviews/delivery/http/handler.go:30.40,39.3 4 0
2024_2_ThereWillBeName/internal/pkg/reviews/delivery/http/handler.go:40.2,45.49 4 0
2024_2_ThereWillBeName/internal/pkg/reviews/delivery/http/handler.go:58.85,64.16 5 0
2024_2_ThereWillBeName/internal/pkg/reviews/delivery/http/handler.go:64.16,74.3 4 0
2024_2_ThereWillBeName/internal/pkg/reviews/delivery/http/handler.go:76.2,77.16 2 0
2024_2_ThereWillBeName/internal/pkg/reviews/delivery/http/handler.go:77.16,81.3 3 0
2024_2_ThereWillBeName/internal/pkg/reviews/delivery/http/handler.go:83.2,85.35 2 0
2024_2_ThereWillBeName/internal/pkg/reviews/delivery/http/handler.go:100.85,107.32 6 0
2024_2_ThereWillBeName/internal/pkg/reviews/delivery/http/handler.go:107.32,115.3 4 0
2024_2_ThereWillBeName/internal/pkg/reviews/delivery/http/handler.go:116.2,117.16 2 0
2024_2_ThereWillBeName/internal/pkg/reviews/delivery/http/handler.go:117.16,124.3 4 0
2024_2_ThereWillBeName/internal/pkg/reviews/delivery/http/handler.go:126.2,128.16 3 0
2024_2_ThereWillBeName/internal/pkg/reviews/delivery/http/handler.go:128.16,133.3 4 0
2024_2_ThereWillBeName/internal/pkg/reviews/delivery/http/handler.go:134.2,136.30 2 0
2024_2_ThereWillBeName/internal/pkg/reviews/delivery/http/handler.go:149.85,157.16 6 0
2024_2_ThereWillBeName/internal/pkg/reviews/delivery/http/handler.go:157.16,164.3 4 0
2024_2_ThereWillBeName/internal/pkg/reviews/delivery/http/handler.go:166.2,167.16 2 0
2024_2_ThereWillBeName/internal/pkg/reviews/delivery/http/handler.go:167.16,172.3 4 0
2024_2_ThereWillBeName/internal/pkg/reviews/delivery/http/handler.go:173.2,175.37 2 0
2024_2_ThereWillBeName/internal/pkg/reviews/delivery/http/handler.go:188.92,196.16 6 0
2024_2_ThereWillBeName/internal/pkg/reviews/delivery/http/handler.go:196.16,203.3 4 0
2024_2_ThereWillBeName/internal/pkg/reviews/delivery/http/handler.go:204.2,206.19 3 0
2024_2_ThereWillBeName/internal/pkg/reviews/delivery/http/handler.go:206.19,208.17 2 0
2024_2_ThereWillBeName/internal/pkg/reviews/delivery/http/handler.go:208.17,214.4 3 0
2024_2_ThereWillBeName/internal/pkg/reviews/delivery/http/handler.go:216.2,219.16 4 0
2024_2_ThereWillBeName/internal/pkg/reviews/delivery/http/handler.go:219.16,224.3 4 0
2024_2_ThereWillBeName/internal/pkg/reviews/delivery/http/handler.go:225.2,227.68 2 0
2024_2_ThereWillBeName/internal/pkg/reviews/delivery/http/handler.go:240.82,248.16 6 0
2024_2_ThereWillBeName/internal/pkg/reviews/delivery/http/handler.go:248.16,255.3 4 0
2024_2_ThereWillBeName/internal/pkg/reviews/delivery/http/handler.go:257.2,258.16 2 0
2024_2_ThereWillBeName/internal/pkg/reviews/delivery/http/handler.go:258.16,263.3 4 0
2024_2_ThereWillBeName/internal/pkg/reviews/delivery/http/handler.go:265.2,267.67 2 0
2024_2_ThereWillBeName/internal/pkg/trips/mocks/mock_trips.go:32.69,36.2 3 0
2024_2_ThereWillBeName/internal/pkg/trips/mocks/mock_trips.go:39.67,41.2 1 0
2024_2_ThereWillBeName/internal/pkg/trips/mocks/mock_trips.go:45.92,50.2 4 0
2024_2_ThereWillBeName/internal/pkg/trips/mocks/mock_trips.go:53.95,56.2 2 0
2024_2_ThereWillBeName/internal/pkg/trips/mocks/mock_trips.go:60.84,65.2 4 0
2024_2_ThereWillBeName/internal/pkg/trips/mocks/mock_trips.go:68.80,71.2 2 0
2024_2_ThereWillBeName/internal/pkg/trips/mocks/mock_trips.go:74.75,79.2 4 0
2024_2_ThereWillBeName/internal/pkg/trips/mocks/mock_trips.go:82.78,85.2 2 0
2024_2_ThereWillBeName/internal/pkg/trips/mocks/mock_trips.go:88.91,94.2 5 0
2024_2_ThereWillBeName/internal/pkg/trips/mocks/mock_trips.go:97.79,100.2 2 0
2024_2_ThereWillBeName/internal/pkg/trips/mocks/mock_trips.go:103.121,109.2 5 0
2024_2_ThereWillBeName/internal/pkg/trips/mocks/mock_trips.go:112.103,115.2 2 0
2024_2_ThereWillBeName/internal/pkg/trips/mocks/mock_trips.go:118.84,123.2 4 0
2024_2_ThereWillBeName/internal/pkg/trips/mocks/mock_trips.go:126.80,129.2 2 0
2024_2_ThereWillBeName/internal/pkg/trips/mocks/mock_trips.go:143.63,147.2 3 0
2024_2_ThereWillBeName/internal/pkg/trips/mocks/mock_trips.go:150.61,152.2 1 0
2024_2_ThereWillBeName/internal/pkg/trips/mocks/mock_trips.go:156.89,161.2 4 0
2024_2_ThereWillBeName/internal/pkg/trips/mocks/mock_trips.go:164.92,167.2 2 0
2024_2_ThereWillBeName/internal/pkg/trips/mocks/mock_trips.go:170.81,175.2 4 0
2024_2_ThereWillBeName/internal/pkg/trips/mocks/mock_trips.go:178.77,181.2 2 0
2024_2_ThereWillBeName/internal/pkg/trips/mocks/mock_trips.go:184.72,189.2 4 0
2024_2_ThereWillBeName/internal/pkg/trips/mocks/mock_trips.go:192.75,195.2 2 0
2024_2_ThereWillBeName/internal/pkg/trips/mocks/mock_trips.go:198.88,204.2 5 0
2024_2_ThereWillBeName/internal/pkg/trips/mocks/mock_trips.go:207.76,210.2 2 0
2024_2_ThereWillBeName/internal/pkg/trips/mocks/mock_trips.go:213.118,219.2 5 0
2024_2_ThereWillBeName/internal/pkg/trips/mocks/mock_trips.go:222.100,225.2 2 0
2024_2_ThereWillBeName/internal/pkg/trips/mocks/mock_trips.go:228.81,233.2 4 0
2024_2_ThereWillBeName/internal/pkg/trips/mocks/mock_trips.go:236.77,240.2 2 0
2024_2_ThereWillBeName/internal/pkg/httpresponses/responses.go:13.97,16.17 2 1
2024_2_ThereWillBeName/internal/pkg/httpresponses/responses.go:16.17,18.3 1 0
2024_2_ThereWillBeName/internal/pkg/httpresponses/responses.go:20.2,21.56 2 1
2024_2_ThereWillBeName/internal/pkg/httpresponses/responses.go:21.56,25.3 2 0
2024_2_ThereWillBeName/internal/pkg/logger/logger.go:28.74,29.58 1 0
2024_2_ThereWillBeName/internal/pkg/logger/logger.go:29.58,30.27 1 0
2024_2_ThereWillBeName/internal/pkg/logger/logger.go:30.27,32.4 1 0
2024_2_ThereWillBeName/internal/pkg/logger/logger.go:35.2,37.17 2 0
2024_2_ThereWillBeName/internal/pkg/logger/logger.go:38.23,39.37 1 0
2024_2_ThereWillBeName/internal/pkg/logger/logger.go:40.22,41.34 1 0
2024_2_ThereWillBeName/internal/pkg/logger/logger.go:42.22,43.36 1 0
2024_2_ThereWillBeName/internal/pkg/logger/logger.go:44.23,45.33 1 0
2024_2_ThereWillBeName/internal/pkg/logger/logger.go:48.2,49.33 2 0
2024_2_ThereWillBeName/internal/pkg/logger/logger.go:49.33,53.3 2 0
2024_2_ThereWillBeName/internal/pkg/logger/logger.go:62.2,63.16 2 0
2024_2_ThereWillBeName/internal/pkg/logger/logger.go:63.16,65.3 1 0
2024_2_ThereWillBeName/internal/pkg/logger/logger.go:66.2,72.12 4 0
2024_2_ThereWillBeName/internal/pkg/logger/logger.go:75.80,82.2 2 0
2024_2_ThereWillBeName/internal/pkg/logger/logger.go:84.72,85.19 1 1
2024_2_ThereWillBeName/internal/pkg/logger/logger.go:85.19,87.3 1 0
2024_2_ThereWillBeName/internal/pkg/logger/logger.go:89.2,89.57 1 1
2024_2_ThereWillBeName/internal/pkg/logger/logger.go:89.57,92.3 2 1
2024_2_ThereWillBeName/internal/pkg/logger/logger.go:94.2,96.49 3 1
2024_2_ThereWillBeName/internal/pkg/logger/logger.go:99.79,104.2 4 1
2024_2_ThereWillBeName/internal/pkg/trips/delivery/http/handler.go:38.78,40.2 1 1
2024_2_ThereWillBeName/internal/pkg/trips/delivery/http/handler.go:42.119,43.40 1 1
2024_2_ThereWillBeName/internal/pkg/trips/delivery/http/handler.go:43.40,52.3 4 1
2024_2_ThereWillBeName/internal/pkg/trips/delivery/http/handler.go:53.2,58.49 4 1
2024_2_ThereWillBeName/internal/pkg/trips/delivery/http/handler.go:72.81,83.16 6 1
2024_2_ThereWillBeName/internal/pkg/trips/delivery/http/handler.go:83.16,92.3 4 0
2024_2_ThereWillBeName/internal/pkg/trips/delivery/http/handler.go:93.2,103.16 3 1
2024_2_ThereWillBeName/internal/pkg/trips/delivery/http/handler.go:103.16,107.3 3 1
2024_2_ThereWillBeName/internal/pkg/trips/delivery/http/handler.go:109.2,111.93 2 1
2024_2_ThereWillBeName/internal/pkg/trips/delivery/http/handler.go:127.81,138.30 7 1
2024_2_ThereWillBeName/internal/pkg/trips/delivery/http/handler.go:138.30,145.3 4 0
2024_2_ThereWillBeName/internal/pkg/trips/delivery/http/handler.go:146.2,147.16 2 1
2024_2_ThereWillBeName/internal/pkg/trips/delivery/http/handler.go:147.16,154.3 4 0
2024_2_ThereWillBeName/internal/pkg/trips/delivery/http/handler.go:155.2,166.16 3 1
2024_2_ThereWillBeName/internal/pkg/trips/delivery/http/handler.go:166.16,171.3 4 1
2024_2_ThereWillBeName/internal/pkg/trips/delivery/http/handler.go:172.2,174.88 2 1
2024_2_ThereWillBeName/internal/pkg/trips/delivery/http/handler.go:187.81,195.16 6 1
2024_2_ThereWillBeName/internal/pkg/trips/delivery/http/handler.go:195.16,202.3 4 0
2024_2_ThereWillBeName/internal/pkg/trips/delivery/http/handler.go:204.2,205.16 2 1
2024_2_ThereWillBeName/internal/pkg/trips/delivery/http/handler.go:205.16,210.3 4 1
2024_2_ThereWillBeName/internal/pkg/trips/delivery/http/handler.go:211.2,213.95 2 1
2024_2_ThereWillBeName/internal/pkg/trips/delivery/http/handler.go:227.87,235.16 6 1
2024_2_ThereWillBeName/internal/pkg/trips/delivery/http/handler.go:235.16,242.3 4 0
2024_2_ThereWillBeName/internal/pkg/trips/delivery/http/handler.go:243.2,245.19 3 1
2024_2_ThereWillBeName/internal/pkg/trips/delivery/http/handler.go:245.19,247.17 2 0
2024_2_ThereWillBeName/internal/pkg/trips/delivery/http/handler.go:247.17,253.4 3 0
2024_2_ThereWillBeName/internal/pkg/trips/delivery/http/handler.go:255.2,258.16 4 1
2024_2_ThereWillBeName/internal/pkg/trips/delivery/http/handler.go:258.16,263.3 4 1
2024_2_ThereWillBeName/internal/pkg/trips/delivery/http/handler.go:265.2,267.65 2 1
2024_2_ThereWillBeName/internal/pkg/trips/delivery/http/handler.go:280.78,288.16 6 1
2024_2_ThereWillBeName/internal/pkg/trips/delivery/http/handler.go:288.16,295.3 4 0
2024_2_ThereWillBeName/internal/pkg/trips/delivery/http/handler.go:297.2,298.16 2 1
2024_2_ThereWillBeName/internal/pkg/trips/delivery/http/handler.go:298.16,303.3 4 1
2024_2_ThereWillBeName/internal/pkg/trips/delivery/http/handler.go:305.2,307.65 2 1
2024_2_ThereWillBeName/internal/pkg/trips/delivery/http/handler.go:323.85,326.9 3 0
2024_2_ThereWillBeName/internal/pkg/trips/delivery/http/handler.go:326.9,332.3 3 0
2024_2_ThereWillBeName/internal/pkg/trips/delivery/http/handler.go:334.2,335.16 2 0
2024_2_ThereWillBeName/internal/pkg/trips/delivery/http/handler.go:335.16,341.3 3 0
2024_2_ThereWillBeName/internal/pkg/trips/delivery/http/handler.go:342.2,344.16 3 0
2024_2_ThereWillBeName/internal/pkg/trips/delivery/http/handler.go:344.16,351.3 4 0
2024_2_ThereWillBeName/internal/pkg/trips/delivery/http/handler.go:353.2,354.16 2 0
2024_2_ThereWillBeName/internal/pkg/trips/delivery/http/handler.go:354.16,358.3 3 0
2024_2_ThereWillBeName/internal/pkg/trips/delivery/http/handler.go:360.2,360.100 1 0
2024_2_ThereWillBeName/internal/pkg/trips/mocks/mock_trips.go:32.69,36.2 3 1
2024_2_ThereWillBeName/internal/pkg/trips/mocks/mock_trips.go:39.67,41.2 1 1
2024_2_ThereWillBeName/internal/pkg/trips/mocks/mock_trips.go:45.92,50.2 4 0
2024_2_ThereWillBeName/internal/pkg/trips/mocks/mock_trips.go:53.95,56.2 2 0
2024_2_ThereWillBeName/internal/pkg/trips/mocks/mock_trips.go:60.84,65.2 4 1
2024_2_ThereWillBeName/internal/pkg/trips/mocks/mock_trips.go:68.80,71.2 2 1
2024_2_ThereWillBeName/internal/pkg/trips/mocks/mock_trips.go:74.75,79.2 4 1
2024_2_ThereWillBeName/internal/pkg/trips/mocks/mock_trips.go:82.78,85.2 2 1
2024_2_ThereWillBeName/internal/pkg/trips/mocks/mock_trips.go:88.91,94.2 5 1
2024_2_ThereWillBeName/internal/pkg/trips/mocks/mock_trips.go:97.79,100.2 2 1
2024_2_ThereWillBeName/internal/pkg/trips/mocks/mock_trips.go:103.121,109.2 5 1
2024_2_ThereWillBeName/internal/pkg/trips/mocks/mock_trips.go:112.103,115.2 2 1
2024_2_ThereWillBeName/internal/pkg/trips/mocks/mock_trips.go:118.84,123.2 4 1
2024_2_ThereWillBeName/internal/pkg/trips/mocks/mock_trips.go:126.80,129.2 2 1
2024_2_ThereWillBeName/internal/pkg/trips/mocks/mock_trips.go:143.63,147.2 3 0
2024_2_ThereWillBeName/internal/pkg/trips/mocks/mock_trips.go:150.61,152.2 1 0
2024_2_ThereWillBeName/internal/pkg/trips/mocks/mock_trips.go:156.89,161.2 4 0
2024_2_ThereWillBeName/internal/pkg/trips/mocks/mock_trips.go:164.92,167.2 2 0
2024_2_ThereWillBeName/internal/pkg/trips/mocks/mock_trips.go:170.81,175.2 4 0
2024_2_ThereWillBeName/internal/pkg/trips/mocks/mock_trips.go:178.77,181.2 2 0
2024_2_ThereWillBeName/internal/pkg/trips/mocks/mock_trips.go:184.72,189.2 4 0
2024_2_ThereWillBeName/internal/pkg/trips/mocks/mock_trips.go:192.75,195.2 2 0
2024_2_ThereWillBeName/internal/pkg/trips/mocks/mock_trips.go:198.88,204.2 5 0
2024_2_ThereWillBeName/internal/pkg/trips/mocks/mock_trips.go:207.76,210.2 2 0
2024_2_ThereWillBeName/internal/pkg/trips/mocks/mock_trips.go:213.118,219.2 5 0
2024_2_ThereWillBeName/internal/pkg/trips/mocks/mock_trips.go:222.100,225.2 2 0
2024_2_ThereWillBeName/internal/pkg/trips/mocks/mock_trips.go:228.81,233.2 4 0
2024_2_ThereWillBeName/internal/pkg/trips/mocks/mock_trips.go:236.77,240.2 2 0
2024_2_ThereWillBeName/internal/pkg/trips/repo/trips_repository.go:16.52,18.2 1 1
2024_2_ThereWillBeName/internal/pkg/trips/repo/trips_repository.go:20.82,25.16 3 1
2024_2_ThereWillBeName/internal/pkg/trips/repo/trips_repository.go:25.16,27.3 1 1
2024_2_ThereWillBeName/internal/pkg/trips/repo/trips_repository.go:29.2,30.16 2 1
2024_2_ThereWillBeName/internal/pkg/trips/repo/trips_repository.go:30.16,32.3 1 0
2024_2_ThereWillBeName/internal/pkg/trips/repo/trips_repository.go:33.2,33.23 1 1
2024_2_ThereWillBeName/internal/pkg/trips/repo/trips_repository.go:33.23,35.3 1 1
2024_2_ThereWillBeName/internal/pkg/trips/repo/trips_repository.go:37.2,37.12 1 1
2024_2_ThereWillBeName/internal/pkg/trips/repo/trips_repository.go:40.82,46.16 3 1
2024_2_ThereWillBeName/internal/pkg/trips/repo/trips_repository.go:46.16,48.3 1 1
2024_2_ThereWillBeName/internal/pkg/trips/repo/trips_repository.go:49.2,50.16 2 1
2024_2_ThereWillBeName/internal/pkg/trips/repo/trips_repository.go:50.16,52.3 1 0
2024_2_ThereWillBeName/internal/pkg/trips/repo/trips_repository.go:53.2,53.23 1 1
2024_2_ThereWillBeName/internal/pkg/trips/repo/trips_repository.go:53.23,55.3 1 1
2024_2_ThereWillBeName/internal/pkg/trips/repo/trips_repository.go:57.2,57.12 1 1
2024_2_ThereWillBeName/internal/pkg/trips/repo/trips_repository.go:60.73,63.16 3 1
2024_2_ThereWillBeName/internal/pkg/trips/repo/trips_repository.go:63.16,65.3 1 1
2024_2_ThereWillBeName/internal/pkg/trips/repo/trips_repository.go:67.2,68.16 2 1
2024_2_ThereWillBeName/internal/pkg/trips/repo/trips_repository.go:68.16,70.3 1 0
2024_2_ThereWillBeName/internal/pkg/trips/repo/trips_repository.go:71.2,71.23 1 1
2024_2_ThereWillBeName/internal/pkg/trips/repo/trips_repository.go:71.23,73.3 1 1
2024_2_ThereWillBeName/internal/pkg/trips/repo/trips_repository.go:74.2,74.12 1 1
2024_2_ThereWillBeName/internal/pkg/trips/repo/trips_repository.go:77.119,86.16 3 1
2024_2_ThereWillBeName/internal/pkg/trips/repo/trips_repository.go:86.16,88.3 1 1
2024_2_ThereWillBeName/internal/pkg/trips/repo/trips_repository.go:89.2,92.18 3 1
2024_2_ThereWillBeName/internal/pkg/trips/repo/trips_repository.go:92.18,94.168 2 1
2024_2_ThereWillBeName/internal/pkg/trips/repo/trips_repository.go:94.168,96.4 1 0
2024_2_ThereWillBeName/internal/pkg/trips/repo/trips_repository.go:97.3,97.36 1 1
2024_2_ThereWillBeName/internal/pkg/trips/repo/trips_repository.go:100.2,100.24 1 1
2024_2_ThereWillBeName/internal/pkg/trips/repo/trips_repository.go:100.24,102.3 1 1
2024_2_ThereWillBeName/internal/pkg/trips/repo/trips_repository.go:104.2,104.22 1 1
2024_2_ThereWillBeName/internal/pkg/trips/repo/trips_repository.go:107.89,116.16 5 1
2024_2_ThereWillBeName/internal/pkg/trips/repo/trips_repository.go:116.16,117.36 1 1
2024_2_ThereWillBeName/internal/pkg/trips/repo/trips_repository.go:117.36,119.4 1 1
2024_2_ThereWillBeName/internal/pkg/trips/repo/trips_repository.go:120.3,120.86 1 0
2024_2_ThereWillBeName/internal/pkg/trips/repo/trips_repository.go:123.2,123.18 1 1
2024_2_ThereWillBeName/internal/pkg/trips/repo/trips_repository.go:126.95,132.16 3 0
2024_2_ThereWillBeName/internal/pkg/trips/repo/trips_repository.go:132.16,134.3 1 0
2024_2_ThereWillBeName/internal/pkg/trips/repo/trips_repository.go:136.2,137.16 2 0
2024_2_ThereWillBeName/internal/pkg/trips/repo/trips_repository.go:137.16,139.3 1 0
2024_2_ThereWillBeName/internal/pkg/trips/repo/trips_repository.go:140.2,140.23 1 0
2024_2_ThereWillBeName/internal/pkg/trips/repo/trips_repository.go:140.23,142.3 1 0
2024_2_ThereWillBeName/internal/pkg/trips/repo/trips_repository.go:144.2,144.12 1 0
2024_2_ThereWillBeName/internal/pkg/trips/mocks/mock_trips.go:32.69,36.2 3 0
2024_2_ThereWillBeName/internal/pkg/trips/mocks/mock_trips.go:39.67,41.2 1 0
2024_2_ThereWillBeName/internal/pkg/trips/mocks/mock_trips.go:45.92,50.2 4 0
2024_2_ThereWillBeName/internal/pkg/trips/mocks/mock_trips.go:53.95,56.2 2 0
2024_2_ThereWillBeName/internal/pkg/trips/mocks/mock_trips.go:60.84,65.2 4 0
2024_2_ThereWillBeName/internal/pkg/trips/mocks/mock_trips.go:68.80,71.2 2 0
2024_2_ThereWillBeName/internal/pkg/trips/mocks/mock_trips.go:74.75,79.2 4 0
2024_2_ThereWillBeName/internal/pkg/trips/mocks/mock_trips.go:82.78,85.2 2 0
2024_2_ThereWillBeName/internal/pkg/trips/mocks/mock_trips.go:88.91,94.2 5 0
2024_2_ThereWillBeName/internal/pkg/trips/mocks/mock_trips.go:97.79,100.2 2 0
2024_2_ThereWillBeName/internal/pkg/trips/mocks/mock_trips.go:103.121,109.2 5 0
2024_2_ThereWillBeName/internal/pkg/trips/mocks/mock_trips.go:112.103,115.2 2 0
2024_2_ThereWillBeName/internal/pkg/trips/mocks/mock_trips.go:118.84,123.2 4 0
2024_2_ThereWillBeName/internal/pkg/trips/mocks/mock_trips.go:126.80,129.2 2 0
2024_2_ThereWillBeName/internal/pkg/trips/mocks/mock_trips.go:143.63,147.2 3 1
2024_2_ThereWillBeName/internal/pkg/trips/mocks/mock_trips.go:150.61,152.2 1 1
2024_2_ThereWillBeName/internal/pkg/trips/mocks/mock_trips.go:156.89,161.2 4 0
2024_2_ThereWillBeName/internal/pkg/trips/mocks/mock_trips.go:164.92,167.2 2 0
2024_2_ThereWillBeName/internal/pkg/trips/mocks/mock_trips.go:170.81,175.2 4 1
2024_2_ThereWillBeName/internal/pkg/trips/mocks/mock_trips.go:178.77,181.2 2 1
2024_2_ThereWillBeName/internal/pkg/trips/mocks/mock_trips.go:184.72,189.2 4 1
2024_2_ThereWillBeName/internal/pkg/trips/mocks/mock_trips.go:192.75,195.2 2 1
2024_2_ThereWillBeName/internal/pkg/trips/mocks/mock_trips.go:198.88,204.2 5 1
2024_2_ThereWillBeName/internal/pkg/trips/mocks/mock_trips.go:207.76,210.2 2 1
2024_2_ThereWillBeName/internal/pkg/trips/mocks/mock_trips.go:213.118,219.2 5 1
2024_2_ThereWillBeName/internal/pkg/trips/mocks/mock_trips.go:222.100,225.2 2 1
2024_2_ThereWillBeName/internal/pkg/trips/mocks/mock_trips.go:228.81,233.2 4 1
2024_2_ThereWillBeName/internal/pkg/trips/mocks/mock_trips.go:236.77,240.2 2 1
2024_2_ThereWillBeName/internal/pkg/trips/usecase/trips_usecase.go:15.62,19.2 1 1
2024_2_ThereWillBeName/internal/pkg/trips/usecase/trips_usecase.go:21.84,23.16 2 1
2024_2_ThereWillBeName/internal/pkg/trips/usecase/trips_usecase.go:23.16,24.41 1 1
2024_2_ThereWillBeName/internal/pkg/trips/usecase/trips_usecase.go:24.41,26.4 1 1
2024_2_ThereWillBeName/internal/pkg/trips/usecase/trips_usecase.go:26.9,28.4 1 1
2024_2_ThereWillBeName/internal/pkg/trips/usecase/trips_usecase.go:31.2,31.12 1 1
2024_2_ThereWillBeName/internal/pkg/trips/usecase/trips_usecase.go:34.84,36.16 2 1
2024_2_ThereWillBeName/internal/pkg/trips/usecase/trips_usecase.go:36.16,37.41 1 1
2024_2_ThereWillBeName/internal/pkg/trips/usecase/trips_usecase.go:37.41,39.4 1 1
2024_2_ThereWillBeName/internal/pkg/trips/usecase/trips_usecase.go:39.9,41.4 1 1
2024_2_ThereWillBeName/internal/pkg/trips/usecase/trips_usecase.go:44.2,44.12 1 1
2024_2_ThereWillBeName/internal/pkg/trips/usecase/trips_usecase.go:47.75,49.16 2 1
2024_2_ThereWillBeName/internal/pkg/trips/usecase/trips_usecase.go:49.16,50.41 1 1
2024_2_ThereWillBeName/internal/pkg/trips/usecase/trips_usecase.go:50.41,52.4 1 1
2024_2_ThereWillBeName/internal/pkg/trips/usecase/trips_usecase.go:53.3,53.62 1 1
2024_2_ThereWillBeName/internal/pkg/trips/usecase/trips_usecase.go:56.2,56.12 1 1
2024_2_ThereWillBeName/internal/pkg/trips/usecase/trips_usecase.go:59.121,61.16 2 1
2024_2_ThereWillBeName/internal/pkg/trips/usecase/trips_usecase.go:61.16,62.41 1 1
2024_2_ThereWillBeName/internal/pkg/trips/usecase/trips_usecase.go:62.41,64.4 1 1
2024_2_ThereWillBeName/internal/pkg/trips/usecase/trips_usecase.go:65.3,65.67 1 1
2024_2_ThereWillBeName/internal/pkg/trips/usecase/trips_usecase.go:67.2,67.24 1 1
2024_2_ThereWillBeName/internal/pkg/trips/usecase/trips_usecase.go:70.91,72.16 2 1
2024_2_ThereWillBeName/internal/pkg/trips/usecase/trips_usecase.go:72.16,73.41 1 1
2024_2_ThereWillBeName/internal/pkg/trips/usecase/trips_usecase.go:73.41,75.4 1 1
2024_2_ThereWillBeName/internal/pkg/trips/usecase/trips_usecase.go:76.3,76.77 1 1
2024_2_ThereWillBeName/internal/pkg/trips/usecase/trips_usecase.go:78.2,78.18 1 1
2024_2_ThereWillBeName/internal/pkg/trips/usecase/trips_usecase.go:81.97,83.16 2 0
2024_2_ThereWillBeName/internal/pkg/trips/usecase/trips_usecase.go:83.16,84.41 1 0
2024_2_ThereWillBeName/internal/pkg/trips/usecase/trips_usecase.go:84.41,86.4 1 0
2024_2_ThereWillBeName/internal/pkg/trips/usecase/trips_usecase.go:86.9,88.4 1 0
2024_2_ThereWillBeName/internal/pkg/trips/usecase/trips_usecase.go:91.2,91.12 1 0
2024_2_ThereWillBeName/internal/pkg/httpresponses/responses.go:13.97,16.17 2 1
2024_2_ThereWillBeName/internal/pkg/httpresponses/responses.go:16.17,18.3 1 0
2024_2_ThereWillBeName/internal/pkg/httpresponses/responses.go:20.2,21.56 2 1
2024_2_ThereWillBeName/internal/pkg/httpresponses/responses.go:21.56,25.3 2 0
2024_2_ThereWillBeName/internal/pkg/jwt/jwt.go:16.54,20.2 1 0
2024_2_ThereWillBeName/internal/pkg/jwt/jwt.go:22.79,32.2 3 0
2024_2_ThereWillBeName/internal/pkg/jwt/jwt.go:34.72,35.83 1 0
2024_2_ThereWillBeName/internal/pkg/jwt/jwt.go:35.83,36.58 1 0
2024_2_ThereWillBeName/internal/pkg/jwt/jwt.go:36.58,38.4 1 0
2024_2_ThereWillBeName/internal/pkg/jwt/jwt.go:39.3,39.23 1 0
2024_2_ThereWillBeName/internal/pkg/jwt/jwt.go:42.2,42.79 1 0
2024_2_ThereWillBeName/internal/pkg/jwt/jwt.go:42.79,44.3 1 0
2024_2_ThereWillBeName/internal/pkg/jwt/jwt.go:45.2,45.17 1 0
2024_2_ThereWillBeName/internal/pkg/jwt/mocks/mock_jwt.go:25.69,29.2 3 1
2024_2_ThereWillBeName/internal/pkg/jwt/mocks/mock_jwt.go:32.67,34.2 1 1
2024_2_ThereWillBeName/internal/pkg/jwt/mocks/mock_jwt.go:37.92,43.2 5 1
2024_2_ThereWillBeName/internal/pkg/jwt/mocks/mock_jwt.go:46.102,49.2 2 1
2024_2_ThereWillBeName/internal/pkg/jwt/mocks/mock_jwt.go:52.85,58.2 5 0
2024_2_ThereWillBeName/internal/pkg/jwt/mocks/mock_jwt.go:61.84,64.2 2 0
2024_2_ThereWillBeName/internal/pkg/logger/logger.go:28.74,29.58 1 0
2024_2_ThereWillBeName/internal/pkg/logger/logger.go:29.58,30.27 1 0
2024_2_ThereWillBeName/internal/pkg/logger/logger.go:30.27,32.4 1 0
2024_2_ThereWillBeName/internal/pkg/logger/logger.go:35.2,37.17 2 0
2024_2_ThereWillBeName/internal/pkg/logger/logger.go:38.23,39.37 1 0
2024_2_ThereWillBeName/internal/pkg/logger/logger.go:40.22,41.34 1 0
2024_2_ThereWillBeName/internal/pkg/logger/logger.go:42.22,43.36 1 0
2024_2_ThereWillBeName/internal/pkg/logger/logger.go:44.23,45.33 1 0
2024_2_ThereWillBeName/internal/pkg/logger/logger.go:48.2,49.33 2 0
2024_2_ThereWillBeName/internal/pkg/logger/logger.go:49.33,53.3 2 0
2024_2_ThereWillBeName/internal/pkg/logger/logger.go:62.2,63.16 2 0
2024_2_ThereWillBeName/internal/pkg/logger/logger.go:63.16,65.3 1 0
2024_2_ThereWillBeName/internal/pkg/logger/logger.go:66.2,72.12 4 0
2024_2_ThereWillBeName/internal/pkg/logger/logger.go:75.80,82.2 2 0
2024_2_ThereWillBeName/internal/pkg/logger/logger.go:84.72,85.19 1 1
2024_2_ThereWillBeName/internal/pkg/logger/logger.go:85.19,87.3 1 0
2024_2_ThereWillBeName/internal/pkg/logger/logger.go:89.2,89.57 1 1
2024_2_ThereWillBeName/internal/pkg/logger/logger.go:89.57,92.3 2 1
2024_2_ThereWillBeName/internal/pkg/logger/logger.go:94.2,96.49 3 1
2024_2_ThereWillBeName/internal/pkg/logger/logger.go:99.79,104.2 4 1
2024_2_ThereWillBeName/internal/pkg/middleware/cors.go:9.65,13.2 1 0
2024_2_ThereWillBeName/internal/pkg/middleware/cors.go:14.73,15.71 1 0
2024_2_ThereWillBeName/internal/pkg/middleware/cors.go:15.71,19.32 4 0
2024_2_ThereWillBeName/internal/pkg/middleware/cors.go:19.32,21.4 1 0
2024_2_ThereWillBeName/internal/pkg/middleware/cors.go:22.3,22.37 1 0
2024_2_ThereWillBeName/internal/pkg/middleware/cors.go:22.37,25.4 2 0
2024_2_ThereWillBeName/internal/pkg/middleware/cors.go:26.3,26.23 1 0
2024_2_ThereWillBeName/internal/pkg/middleware/middleware.go:19.103,20.71 1 0
2024_2_ThereWillBeName/internal/pkg/middleware/middleware.go:20.71,23.17 2 0
2024_2_ThereWillBeName/internal/pkg/middleware/middleware.go:23.17,31.4 4 0
2024_2_ThereWillBeName/internal/pkg/middleware/middleware.go:33.3,34.17 2 0
2024_2_ThereWillBeName/internal/pkg/middleware/middleware.go:34.17,39.21 2 0
2024_2_ThereWillBeName/internal/pkg/middleware/middleware.go:39.21,41.5 1 0
2024_2_ThereWillBeName/internal/pkg/middleware/middleware.go:42.4,43.10 2 0
2024_2_ThereWillBeName/internal/pkg/middleware/middleware.go:45.3,48.20 4 0
2024_2_ThereWillBeName/internal/pkg/middleware/middleware.go:48.20,50.4 1 0
2024_2_ThereWillBeName/internal/pkg/middleware/middleware.go:51.3,56.23 5 0
2024_2_ThereWillBeName/internal/pkg/user/delivery/http/handler.go:32.99,38.2 1 1
2024_2_ThereWillBeName/internal/pkg/user/delivery/http/handler.go:50.66,56.69 4 1
2024_2_ThereWillBeName/internal/pkg/user/delivery/http/handler.go:56.69,63.3 4 0
2024_2_ThereWillBeName/internal/pkg/user/delivery/http/handler.go:65.2,73.16 4 1
2024_2_ThereWillBeName/internal/pkg/user/delivery/http/handler.go:73.16,74.46 1 0
2024_2_ThereWillBeName/internal/pkg/user/delivery/http/handler.go:74.46,81.4 4 0
2024_2_ThereWillBeName/internal/pkg/user/delivery/http/handler.go:83.3,89.9 4 0
2024_2_ThereWillBeName/internal/pkg/user/delivery/http/handler.go:92.2,95.16 3 1
2024_2_ThereWillBeName/internal/pkg/user/delivery/http/handler.go:95.16,102.3 4 1
2024_2_ThereWillBeName/internal/pkg/user/delivery/http/handler.go:104.2,121.69 5 0
2024_2_ThereWillBeName/internal/pkg/user/delivery/http/handler.go:134.65,142.69 4 0
2024_2_ThereWillBeName/internal/pkg/user/delivery/http/handler.go:142.69,149.3 4 0
2024_2_ThereWillBeName/internal/pkg/user/delivery/http/handler.go:151.2,152.16 2 0
2024_2_ThereWillBeName/internal/pkg/user/delivery/http/handler.go:152.16,160.3 4 0
2024_2_ThereWillBeName/internal/pkg/user/delivery/http/handler.go:162.2,165.16 3 0
2024_2_ThereWillBeName/internal/pkg/user/delivery/http/handler.go:165.16,172.3 4 0
2024_2_ThereWillBeName/internal/pkg/user/delivery/http/handler.go:174.2,191.69 5 0
2024_2_ThereWillBeName/internal/pkg/user/delivery/http/handler.go:201.66,217.2 5 1
2024_2_ThereWillBeName/internal/pkg/user/delivery/http/handler.go:227.71,232.9 4 1
2024_2_ThereWillBeName/internal/pkg/user/delivery/http/handler.go:232.9,241.3 4 1
2024_2_ThereWillBeName/internal/pkg/user/delivery/http/handler.go:243.2,244.9 2 1
2024_2_ThereWillBeName/internal/pkg/user/delivery/http/handler.go:244.9,252.3 4 0
2024_2_ThereWillBeName/internal/pkg/user/delivery/http/handler.go:254.2,255.9 2 1
2024_2_ThereWillBeName/internal/pkg/user/delivery/http/handler.go:255.9,263.3 4 0
2024_2_ThereWillBeName/internal/pkg/user/delivery/http/handler.go:265.2,272.69 3 1
2024_2_ThereWillBeName/internal/pkg/user/delivery/http/handler.go:286.72,292.16 5 1
2024_2_ThereWillBeName/internal/pkg/user/delivery/http/handler.go:292.16,300.3 4 0
2024_2_ThereWillBeName/internal/pkg/user/delivery/http/handler.go:302.2,303.39 2 1
2024_2_ThereWillBeName/internal/pkg/user/delivery/http/handler.go:303.39,311.3 4 1
2024_2_ThereWillBeName/internal/pkg/user/delivery/http/handler.go:313.2,313.55 1 1
2024_2_ThereWillBeName/internal/pkg/user/delivery/http/handler.go:313.55,321.3 4 0
2024_2_ThereWillBeName/internal/pkg/user/delivery/http/handler.go:323.2,324.16 2 1
2024_2_ThereWillBeName/internal/pkg/user/delivery/http/handler.go:324.16,332.3 4 0
2024_2_ThereWillBeName/internal/pkg/user/delivery/http/handler.go:333.2,338.108 4 1
2024_2_ThereWillBeName/internal/pkg/user/delivery/http/handler.go:338.108,345.3 3 0
2024_2_ThereWillBeName/internal/pkg/user/delivery/http/handler.go:347.2,354.69 3 1
2024_2_ThereWillBeName/internal/pkg/user/delivery/http/handler.go:367.70,373.16 5 0
2024_2_ThereWillBeName/internal/pkg/user/delivery/http/handler.go:373.16,381.3 4 0
2024_2_ThereWillBeName/internal/pkg/user/delivery/http/handler.go:383.2,384.9 2 0
2024_2_ThereWillBeName/internal/pkg/user/delivery/http/handler.go:384.9,392.3 4 0
2024_2_ThereWillBeName/internal/pkg/user/delivery/http/handler.go:394.2,397.16 3 0
2024_2_ThereWillBeName/internal/pkg/user/delivery/http/handler.go:397.16,398.41 1 0
2024_2_ThereWillBeName/internal/pkg/user/delivery/http/handler.go:398.41,406.4 4 0
2024_2_ThereWillBeName/internal/pkg/user/delivery/http/handler.go:408.3,414.9 4 0
2024_2_ThereWillBeName/internal/pkg/user/delivery/http/handler.go:416.2,418.68 2 0
2024_2_ThereWillBeName/internal/pkg/user/mocks/mock.go:28.67,32.2 3 1
2024_2_ThereWillBeName/internal/pkg/user/mocks/mock.go:35.65,37.2 1 1
2024_2_ThereWillBeName/internal/pkg/user/mocks/mock.go:40.113,46.2 5 0
2024_2_ThereWillBeName/internal/pkg/user/mocks/mock.go:49.102,52.2 2 0
2024_2_ThereWillBeName/internal/pkg/user/mocks/mock.go:55.99,61.2 5 0
2024_2_ThereWillBeName/internal/pkg/user/mocks/mock.go:64.93,67.2 2 0
2024_2_ThereWillBeName/internal/pkg/user/mocks/mock.go:70.87,76.2 5 1
2024_2_ThereWillBeName/internal/pkg/user/mocks/mock.go:79.83,82.2 2 1
2024_2_ThereWillBeName/internal/pkg/user/mocks/mock.go:85.147,91.2 5 1
2024_2_ThereWillBeName/internal/pkg/user/mocks/mock.go:94.111,97.2 2 1
2024_2_ThereWillBeName/internal/pkg/user/mocks/mock.go:111.61,115.2 3 0
2024_2_ThereWillBeName/internal/pkg/user/mocks/mock.go:118.59,120.2 1 0
2024_2_ThereWillBeName/internal/pkg/user/mocks/mock.go:123.88,129.2 5 0
2024_2_ThereWillBeName/internal/pkg/user/mocks/mock.go:132.84,135.2 2 0
2024_2_ThereWillBeName/internal/pkg/user/mocks/mock.go:138.73,143.2 4 0
2024_2_ThereWillBeName/internal/pkg/user/mocks/mock.go:146.82,149.2 2 0
2024_2_ThereWillBeName/internal/pkg/user/mocks/mock.go:152.96,158.2 5 0
2024_2_ThereWillBeName/internal/pkg/user/mocks/mock.go:161.97,164.2 2 0
2024_2_ThereWillBeName/internal/pkg/user/mocks/mock.go:167.95,173.2 5 0
2024_2_ThereWillBeName/internal/pkg/user/mocks/mock.go:176.89,179.2 2 0
2024_2_ThereWillBeName/internal/pkg/user/mocks/mock.go:182.98,188.2 5 0
2024_2_ThereWillBeName/internal/pkg/user/mocks/mock.go:191.87,194.2 2 0
2024_2_ThereWillBeName/internal/pkg/user/mocks/mock.go:197.98,203.2 5 0
2024_2_ThereWillBeName/internal/pkg/user/mocks/mock.go:206.91,209.2 2 0
2024_2_ThereWillBeName/internal/pkg/user/mocks/mock.go:212.108,217.2 4 0
2024_2_ThereWillBeName/internal/pkg/user/mocks/mock.go:220.112,223.2 2 0
2024_2_ThereWillBeName/internal/pkg/user/mocks/mock.go:226.80,231.2 4 0
2024_2_ThereWillBeName/internal/pkg/user/mocks/mock.go:234.84,237.2 2 0
2024_2_ThereWillBeName/internal/pkg/user/mocks/mock_jwt.go:21.51,25.2 3 0
2024_2_ThereWillBeName/internal/pkg/user/mocks/mock_jwt.go:28.49,30.2 1 0
2024_2_ThereWillBeName/internal/pkg/user/mocks/mock_jwt.go:33.83,39.2 5 0
2024_2_ThereWillBeName/internal/pkg/user/mocks/mock_jwt.go:42.93,44.2 1 0
2024_2_ThereWillBeName/internal/pkg/user/mocks/mock_jwt.go:47.76,53.2 5 0
2024_2_ThereWillBeName/internal/pkg/user/mocks/mock_jwt.go:56.75,58.2 1 0
2024_2_ThereWillBeName/internal/pkg/user/mocks/mock.go:28.67,32.2 3 0
2024_2_ThereWillBeName/internal/pkg/user/mocks/mock.go:35.65,37.2 1 0
2024_2_ThereWillBeName/internal/pkg/user/mocks/mock.go:40.113,46.2 5 0
2024_2_ThereWillBeName/internal/pkg/user/mocks/mock.go:49.102,52.2 2 0
2024_2_ThereWillBeName/internal/pkg/user/mocks/mock.go:55.99,61.2 5 0
2024_2_ThereWillBeName/internal/pkg/user/mocks/mock.go:64.93,67.2 2 0
2024_2_ThereWillBeName/internal/pkg/user/mocks/mock.go:70.87,76.2 5 0
2024_2_ThereWillBeName/internal/pkg/user/mocks/mock.go:79.83,82.2 2 0
2024_2_ThereWillBeName/internal/pkg/user/mocks/mock.go:85.147,91.2 5 0
2024_2_ThereWillBeName/internal/pkg/user/mocks/mock.go:94.111,97.2 2 0
2024_2_ThereWillBeName/internal/pkg/user/mocks/mock.go:111.61,115.2 3 0
2024_2_ThereWillBeName/internal/pkg/user/mocks/mock.go:118.59,120.2 1 0
2024_2_ThereWillBeName/internal/pkg/user/mocks/mock.go:123.88,129.2 5 0
2024_2_ThereWillBeName/internal/pkg/user/mocks/mock.go:132.84,135.2 2 0
2024_2_ThereWillBeName/internal/pkg/user/mocks/mock.go:138.73,143.2 4 0
2024_2_ThereWillBeName/internal/pkg/user/mocks/mock.go:146.82,149.2 2 0
2024_2_ThereWillBeName/internal/pkg/user/mocks/mock.go:152.96,158.2 5 0
2024_2_ThereWillBeName/internal/pkg/user/mocks/mock.go:161.97,164.2 2 0
2024_2_ThereWillBeName/internal/pkg/user/mocks/mock.go:167.95,173.2 5 0
2024_2_ThereWillBeName/internal/pkg/user/mocks/mock.go:176.89,179.2 2 0
2024_2_ThereWillBeName/internal/pkg/user/mocks/mock.go:182.98,188.2 5 0
2024_2_ThereWillBeName/internal/pkg/user/mocks/mock.go:191.87,194.2 2 0
2024_2_ThereWillBeName/internal/pkg/user/mocks/mock.go:197.98,203.2 5 0
2024_2_ThereWillBeName/internal/pkg/user/mocks/mock.go:206.91,209.2 2 0
2024_2_ThereWillBeName/internal/pkg/user/mocks/mock.go:212.108,217.2 4 0
2024_2_ThereWillBeName/internal/pkg/user/mocks/mock.go:220.112,223.2 2 0
2024_2_ThereWillBeName/internal/pkg/user/mocks/mock.go:226.80,231.2 4 0
2024_2_ThereWillBeName/internal/pkg/user/mocks/mock.go:234.84,237.2 2 0
2024_2_ThereWillBeName/internal/pkg/user/mocks/mock_jwt.go:21.51,25.2 3 0
2024_2_ThereWillBeName/internal/pkg/user/mocks/mock_jwt.go:28.49,30.2 1 0
2024_2_ThereWillBeName/internal/pkg/user/mocks/mock_jwt.go:33.83,39.2 5 0
2024_2_ThereWillBeName/internal/pkg/user/mocks/mock_jwt.go:42.93,44.2 1 0
2024_2_ThereWillBeName/internal/pkg/user/mocks/mock_jwt.go:47.76,53.2 5 0
2024_2_ThereWillBeName/internal/pkg/user/mocks/mock_jwt.go:56.75,58.2 1 0
2024_2_ThereWillBeName/internal/pkg/user/repo/user_repository.go:19.56,21.2 1 1
2024_2_ThereWillBeName/internal/pkg/user/repo/user_repository.go:23.94,27.16 4 1
2024_2_ThereWillBeName/internal/pkg/user/repo/user_repository.go:27.16,29.54 2 0
2024_2_ThereWillBeName/internal/pkg/user/repo/user_repository.go:29.54,31.4 1 0
2024_2_ThereWillBeName/internal/pkg/user/repo/user_repository.go:32.3,32.16 1 0
2024_2_ThereWillBeName/internal/pkg/user/repo/user_repository.go:35.2,35.20 1 1
2024_2_ThereWillBeName/internal/pkg/user/repo/user_repository.go:38.101,43.16 5 1
2024_2_ThereWillBeName/internal/pkg/user/repo/user_repository.go:43.16,44.27 1 0
2024_2_ThereWillBeName/internal/pkg/user/repo/user_repository.go:44.27,46.4 1 0
2024_2_ThereWillBeName/internal/pkg/user/repo/user_repository.go:47.3,47.28 1 0
2024_2_ThereWillBeName/internal/pkg/user/repo/user_repository.go:49.2,49.18 1 1
2024_2_ThereWillBeName/internal/pkg/user/repo/user_repository.go:52.86,56.2 3 0
2024_2_ThereWillBeName/internal/pkg/user/repo/user_repository.go:58.79,62.2 3 0
2024_2_ThereWillBeName/internal/pkg/user/repo/user_repository.go:64.104,67.16 3 0
2024_2_ThereWillBeName/internal/pkg/user/repo/user_repository.go:67.16,69.3 1 0
2024_2_ThereWillBeName/internal/pkg/user/repo/user_repository.go:70.2,73.18 3 0
2024_2_ThereWillBeName/internal/pkg/user/repo/user_repository.go:73.18,75.88 2 0
2024_2_ThereWillBeName/internal/pkg/user/repo/user_repository.go:75.88,77.4 1 0
2024_2_ThereWillBeName/internal/pkg/user/repo/user_repository.go:78.3,78.30 1 0
2024_2_ThereWillBeName/internal/pkg/user/repo/user_repository.go:80.2,80.19 1 0
2024_2_ThereWillBeName/internal/pkg/user/repo/user_repository.go:83.102,90.16 5 0
2024_2_ThereWillBeName/internal/pkg/user/repo/user_repository.go:90.16,91.36 1 0
2024_2_ThereWillBeName/internal/pkg/user/repo/user_repository.go:91.36,93.4 1 0
2024_2_ThereWillBeName/internal/pkg/user/repo/user_repository.go:94.3,94.82 1 0
2024_2_ThereWillBeName/internal/pkg/user/repo/user_repository.go:97.2,97.24 1 0
2024_2_ThereWillBeName/internal/pkg/user/repo/user_repository.go:100.114,104.16 3 0
2024_2_ThereWillBeName/internal/pkg/user/repo/user_repository.go:104.16,106.3 1 0
2024_2_ThereWillBeName/internal/pkg/user/repo/user_repository.go:108.2,109.16 2 0
2024_2_ThereWillBeName/internal/pkg/user/repo/user_repository.go:109.16,111.3 1 0
2024_2_ThereWillBeName/internal/pkg/user/repo/user_repository.go:112.2,112.23 1 0
2024_2_ThereWillBeName/internal/pkg/user/repo/user_repository.go:112.23,114.3 1 0
2024_2_ThereWillBeName/internal/pkg/user/repo/user_repository.go:116.2,116.12 1 0
2024_2_ThereWillBeName/internal/pkg/user/repo/user_repository.go:119.104,126.16 3 0
2024_2_ThereWillBeName/internal/pkg/user/repo/user_repository.go:126.16,128.3 1 0
2024_2_ThereWillBeName/internal/pkg/user/repo/user_repository.go:130.2,134.98 3 0
2024_2_ThereWillBeName/internal/pkg/user/repo/user_repository.go:134.98,135.36 1 0
2024_2_ThereWillBeName/internal/pkg/user/repo/user_repository.go:135.36,137.4 1 0
2024_2_ThereWillBeName/internal/pkg/user/repo/user_repository.go:138.3,138.82 1 0
2024_2_ThereWillBeName/internal/pkg/user/repo/user_repository.go:141.2,141.25 1 0
2024_2_ThereWillBeName/internal/pkg/user/mocks/mock.go:28.67,32.2 3 0
2024_2_ThereWillBeName/internal/pkg/user/mocks/mock.go:35.65,37.2 1 0
2024_2_ThereWillBeName/internal/pkg/user/mocks/mock.go:40.113,46.2 5 0
2024_2_ThereWillBeName/internal/pkg/user/mocks/mock.go:49.102,52.2 2 0
2024_2_ThereWillBeName/internal/pkg/user/mocks/mock.go:55.99,61.2 5 0
2024_2_ThereWillBeName/internal/pkg/user/mocks/mock.go:64.93,67.2 2 0
2024_2_ThereWillBeName/internal/pkg/user/mocks/mock.go:70.87,76.2 5 0
2024_2_ThereWillBeName/internal/pkg/user/mocks/mock.go:79.83,82.2 2 0
2024_2_ThereWillBeName/internal/pkg/user/mocks/mock.go:85.147,91.2 5 0
2024_2_ThereWillBeName/internal/pkg/user/mocks/mock.go:94.111,97.2 2 0
2024_2_ThereWillBeName/internal/pkg/user/mocks/mock.go:111.61,115.2 3 1
2024_2_ThereWillBeName/internal/pkg/user/mocks/mock.go:118.59,120.2 1 1
2024_2_ThereWillBeName/internal/pkg/user/mocks/mock.go:123.88,129.2 5 0
2024_2_ThereWillBeName/internal/pkg/user/mocks/mock.go:132.84,135.2 2 0
2024_2_ThereWillBeName/internal/pkg/user/mocks/mock.go:138.73,143.2 4 0
2024_2_ThereWillBeName/internal/pkg/user/mocks/mock.go:146.82,149.2 2 0
2024_2_ThereWillBeName/internal/pkg/user/mocks/mock.go:152.96,158.2 5 0
2024_2_ThereWillBeName/internal/pkg/user/mocks/mock.go:161.97,164.2 2 0
2024_2_ThereWillBeName/internal/pkg/user/mocks/mock.go:167.95,173.2 5 1
2024_2_ThereWillBeName/internal/pkg/user/mocks/mock.go:176.89,179.2 2 1
2024_2_ThereWillBeName/internal/pkg/user/mocks/mock.go:182.98,188.2 5 0
2024_2_ThereWillBeName/internal/pkg/user/mocks/mock.go:191.87,194.2 2 0
2024_2_ThereWillBeName/internal/pkg/user/mocks/mock.go:197.98,203.2 5 0
2024_2_ThereWillBeName/internal/pkg/user/mocks/mock.go:206.91,209.2 2 0
2024_2_ThereWillBeName/internal/pkg/user/mocks/mock.go:212.108,217.2 4 0
2024_2_ThereWillBeName/internal/pkg/user/mocks/mock.go:220.112,223.2 2 0
2024_2_ThereWillBeName/internal/pkg/user/mocks/mock.go:226.80,231.2 4 0
2024_2_ThereWillBeName/internal/pkg/user/mocks/mock.go:234.84,237.2 2 0
2024_2_ThereWillBeName/internal/pkg/user/mocks/mock_jwt.go:21.51,25.2 3 0
2024_2_ThereWillBeName/internal/pkg/user/mocks/mock_jwt.go:28.49,30.2 1 0
2024_2_ThereWillBeName/internal/pkg/user/mocks/mock_jwt.go:33.83,39.2 5 0
2024_2_ThereWillBeName/internal/pkg/user/mocks/mock_jwt.go:42.93,44.2 1 0
2024_2_ThereWillBeName/internal/pkg/user/mocks/mock_jwt.go:47.76,53.2 5 0
2024_2_ThereWillBeName/internal/pkg/user/mocks/mock_jwt.go:56.75,58.2 1 0
2024_2_ThereWillBeName/internal/pkg/user/usecase/user_usecase.go:23.78,27.2 1 1
2024_2_ThereWillBeName/internal/pkg/user/usecase/user_usecase.go:29.67,31.16 2 0
2024_2_ThereWillBeName/internal/pkg/user/usecase/user_usecase.go:31.16,33.3 1 0
2024_2_ThereWillBeName/internal/pkg/user/usecase/user_usecase.go:34.2,36.56 2 0
2024_2_ThereWillBeName/internal/pkg/user/usecase/user_usecase.go:36.56,38.3 1 0
2024_2_ThereWillBeName/internal/pkg/user/usecase/user_usecase.go:40.2,40.12 1 0
2024_2_ThereWillBeName/internal/pkg/user/usecase/user_usecase.go:43.87,47.2 3 0
2024_2_ThereWillBeName/internal/pkg/user/usecase/user_usecase.go:49.99,52.16 2 1
2024_2_ThereWillBeName/internal/pkg/user/usecase/user_usecase.go:52.16,55.3 2 1
2024_2_ThereWillBeName/internal/pkg/user/usecase/user_usecase.go:57.2,57.95 1 1
2024_2_ThereWillBeName/internal/pkg/user/usecase/user_usecase.go:57.95,60.3 2 0
2024_2_ThereWillBeName/internal/pkg/user/usecase/user_usecase.go:60.8,62.3 1 1
2024_2_ThereWillBeName/internal/pkg/user/usecase/user_usecase.go:64.2,64.18 1 1
2024_2_ThereWillBeName/internal/pkg/user/usecase/user_usecase.go:67.147,69.16 2 0
2024_2_ThereWillBeName/internal/pkg/user/usecase/user_usecase.go:69.16,70.41 1 0
2024_2_ThereWillBeName/internal/pkg/user/usecase/user_usecase.go:70.41,72.4 1 0
2024_2_ThereWillBeName/internal/pkg/user/usecase/user_usecase.go:73.3,73.66 1 0
2024_2_ThereWillBeName/internal/pkg/user/usecase/user_usecase.go:76.2,81.67 4 0
2024_2_ThereWillBeName/internal/pkg/user/usecase/user_usecase.go:81.67,83.3 1 0
2024_2_ThereWillBeName/internal/pkg/user/usecase/user_usecase.go:85.2,85.22 1 0
2024_2_ThereWillBeName/internal/pkg/user/usecase/user_usecase.go:85.22,86.86 1 0
2024_2_ThereWillBeName/internal/pkg/user/usecase/user_usecase.go:86.86,88.4 1 0
2024_2_ThereWillBeName/internal/pkg/user/usecase/user_usecase.go:91.2,91.28 1 0
2024_2_ThereWillBeName/internal/pkg/user/usecase/user_usecase.go:94.113,96.16 2 0
2024_2_ThereWillBeName/internal/pkg/user/usecase/user_usecase.go:96.16,97.41 1 0
2024_2_ThereWillBeName/internal/pkg/user/usecase/user_usecase.go:97.41,99.4 1 0
2024_2_ThereWillBeName/internal/pkg/user/usecase/user_usecase.go:100.3,100.84 1 0
2024_2_ThereWillBeName/internal/pkg/user/usecase/user_usecase.go:103.2,103.27 1 0
2024_2_ThereWillBeName/internal/pkg/user/usecase/user_usecase.go:103.27,105.3 1 0
2024_2_ThereWillBeName/internal/pkg/user/usecase/user_usecase.go:107.2,111.8 1 0
