mode: set
2024_2_ThereWillBeName/cmd/attractions/main.go:42.13,51.16 7 0
2024_2_ThereWillBeName/cmd/attractions/main.go:51.16,53.3 1 0
2024_2_ThereWillBeName/cmd/attractions/main.go:54.2,88.12 25 0
2024_2_ThereWillBeName/cmd/attractions/main.go:88.12,90.17 2 0
2024_2_ThereWillBeName/cmd/attractions/main.go:90.17,92.4 1 0
2024_2_ThereWillBeName/cmd/attractions/main.go:93.3,94.63 2 0
2024_2_ThereWillBeName/cmd/attractions/main.go:94.63,96.4 1 0
2024_2_ThereWillBeName/cmd/attractions/main.go:99.2,105.47 6 0
2024_2_ThereWillBeName/cmd/attractions/main.go:108.33,112.54 3 0
2024_2_ThereWillBeName/cmd/attractions/main.go:112.54,114.3 1 0
2024_2_ThereWillBeName/cmd/attractions/main.go:116.2,124.26 3 0
2024_2_ThereWillBeName/cmd/users/main.go:28.13,39.16 8 0
2024_2_ThereWillBeName/cmd/users/main.go:39.16,41.3 1 0
2024_2_ThereWillBeName/cmd/users/main.go:42.2,54.12 9 0
2024_2_ThereWillBeName/cmd/users/main.go:54.12,56.17 2 0
2024_2_ThereWillBeName/cmd/users/main.go:56.17,58.4 1 0
2024_2_ThereWillBeName/cmd/users/main.go:59.3,60.57 2 0
2024_2_ThereWillBeName/cmd/users/main.go:60.57,62.4 1 0
2024_2_ThereWillBeName/cmd/users/main.go:65.2,71.47 6 0
2024_2_ThereWillBeName/cmd/users/main.go:74.33,78.54 3 0
2024_2_ThereWillBeName/cmd/users/main.go:78.54,80.3 1 0
2024_2_ThereWillBeName/cmd/users/main.go:82.2,90.26 3 0
2024_2_ThereWillBeName/internal/pkg/attractions/delivery/grpc/gen/attractions.pb.go:41.25,46.2 4 0
2024_2_ThereWillBeName/internal/pkg/attractions/delivery/grpc/gen/attractions.pb.go:48.33,50.2 1 0
2024_2_ThereWillBeName/internal/pkg/attractions/delivery/grpc/gen/attractions.pb.go:52.31,52.32 0 0
2024_2_ThereWillBeName/internal/pkg/attractions/delivery/grpc/gen/attractions.pb.go:54.53,56.14 2 0
2024_2_ThereWillBeName/internal/pkg/attractions/delivery/grpc/gen/attractions.pb.go:56.14,58.34 2 0
2024_2_ThereWillBeName/internal/pkg/attractions/delivery/grpc/gen/attractions.pb.go:58.34,60.4 1 0
2024_2_ThereWillBeName/internal/pkg/attractions/delivery/grpc/gen/attractions.pb.go:61.3,61.12 1 0
2024_2_ThereWillBeName/internal/pkg/attractions/delivery/grpc/gen/attractions.pb.go:63.2,63.24 1 0
2024_2_ThereWillBeName/internal/pkg/attractions/delivery/grpc/gen/attractions.pb.go:67.44,69.2 1 0
2024_2_ThereWillBeName/internal/pkg/attractions/delivery/grpc/gen/attractions.pb.go:71.32,72.14 1 0
2024_2_ThereWillBeName/internal/pkg/attractions/delivery/grpc/gen/attractions.pb.go:72.14,74.3 1 0
2024_2_ThereWillBeName/internal/pkg/attractions/delivery/grpc/gen/attractions.pb.go:75.2,75.10 1 0
2024_2_ThereWillBeName/internal/pkg/attractions/delivery/grpc/gen/attractions.pb.go:78.34,79.14 1 0
2024_2_ThereWillBeName/internal/pkg/attractions/delivery/grpc/gen/attractions.pb.go:79.14,81.3 1 0
2024_2_ThereWillBeName/internal/pkg/attractions/delivery/grpc/gen/attractions.pb.go:82.2,82.11 1 0
2024_2_ThereWillBeName/internal/pkg/attractions/delivery/grpc/gen/attractions.pb.go:85.39,86.14 1 0
2024_2_ThereWillBeName/internal/pkg/attractions/delivery/grpc/gen/attractions.pb.go:86.14,88.3 1 0
2024_2_ThereWillBeName/internal/pkg/attractions/delivery/grpc/gen/attractions.pb.go:89.2,89.11 1 0
2024_2_ThereWillBeName/internal/pkg/attractions/delivery/grpc/gen/attractions.pb.go:92.41,93.14 1 0
2024_2_ThereWillBeName/internal/pkg/attractions/delivery/grpc/gen/attractions.pb.go:93.14,95.3 1 0
2024_2_ThereWillBeName/internal/pkg/attractions/delivery/grpc/gen/attractions.pb.go:96.2,96.11 1 0
2024_2_ThereWillBeName/internal/pkg/attractions/delivery/grpc/gen/attractions.pb.go:99.35,100.14 1 0
2024_2_ThereWillBeName/internal/pkg/attractions/delivery/grpc/gen/attractions.pb.go:100.14,102.3 1 0
2024_2_ThereWillBeName/internal/pkg/attractions/delivery/grpc/gen/attractions.pb.go:103.2,103.10 1 0
2024_2_ThereWillBeName/internal/pkg/attractions/delivery/grpc/gen/attractions.pb.go:106.37,107.14 1 0
2024_2_ThereWillBeName/internal/pkg/attractions/delivery/grpc/gen/attractions.pb.go:107.14,109.3 1 0
2024_2_ThereWillBeName/internal/pkg/attractions/delivery/grpc/gen/attractions.pb.go:110.2,110.11 1 0
2024_2_ThereWillBeName/internal/pkg/attractions/delivery/grpc/gen/attractions.pb.go:113.34,114.14 1 0
2024_2_ThereWillBeName/internal/pkg/attractions/delivery/grpc/gen/attractions.pb.go:114.14,116.3 1 0
2024_2_ThereWillBeName/internal/pkg/attractions/delivery/grpc/gen/attractions.pb.go:117.2,117.11 1 0
2024_2_ThereWillBeName/internal/pkg/attractions/delivery/grpc/gen/attractions.pb.go:120.41,121.14 1 0
2024_2_ThereWillBeName/internal/pkg/attractions/delivery/grpc/gen/attractions.pb.go:121.14,123.3 1 0
2024_2_ThereWillBeName/internal/pkg/attractions/delivery/grpc/gen/attractions.pb.go:124.2,124.11 1 0
2024_2_ThereWillBeName/internal/pkg/attractions/delivery/grpc/gen/attractions.pb.go:127.42,128.14 1 0
2024_2_ThereWillBeName/internal/pkg/attractions/delivery/grpc/gen/attractions.pb.go:128.14,130.3 1 0
2024_2_ThereWillBeName/internal/pkg/attractions/delivery/grpc/gen/attractions.pb.go:131.2,131.12 1 0
2024_2_ThereWillBeName/internal/pkg/attractions/delivery/grpc/gen/attractions.pb.go:134.39,135.14 1 0
2024_2_ThereWillBeName/internal/pkg/attractions/delivery/grpc/gen/attractions.pb.go:135.14,137.3 1 0
2024_2_ThereWillBeName/internal/pkg/attractions/delivery/grpc/gen/attractions.pb.go:138.2,138.10 1 0
2024_2_ThereWillBeName/internal/pkg/attractions/delivery/grpc/gen/attractions.pb.go:141.40,142.14 1 0
2024_2_ThereWillBeName/internal/pkg/attractions/delivery/grpc/gen/attractions.pb.go:142.14,144.3 1 0
2024_2_ThereWillBeName/internal/pkg/attractions/delivery/grpc/gen/attractions.pb.go:145.2,145.10 1 0
2024_2_ThereWillBeName/internal/pkg/attractions/delivery/grpc/gen/attractions.pb.go:157.36,162.2 4 0
2024_2_ThereWillBeName/internal/pkg/attractions/delivery/grpc/gen/attractions.pb.go:164.44,166.2 1 0
2024_2_ThereWillBeName/internal/pkg/attractions/delivery/grpc/gen/attractions.pb.go:168.42,168.43 0 0
2024_2_ThereWillBeName/internal/pkg/attractions/delivery/grpc/gen/attractions.pb.go:170.64,172.14 2 0
2024_2_ThereWillBeName/internal/pkg/attractions/delivery/grpc/gen/attractions.pb.go:172.14,174.34 2 0
2024_2_ThereWillBeName/internal/pkg/attractions/delivery/grpc/gen/attractions.pb.go:174.34,176.4 1 0
2024_2_ThereWillBeName/internal/pkg/attractions/delivery/grpc/gen/attractions.pb.go:177.3,177.12 1 0
2024_2_ThereWillBeName/internal/pkg/attractions/delivery/grpc/gen/attractions.pb.go:179.2,179.24 1 0
2024_2_ThereWillBeName/internal/pkg/attractions/delivery/grpc/gen/attractions.pb.go:183.55,185.2 1 0
2024_2_ThereWillBeName/internal/pkg/attractions/delivery/grpc/gen/attractions.pb.go:187.45,188.14 1 0
2024_2_ThereWillBeName/internal/pkg/attractions/delivery/grpc/gen/attractions.pb.go:188.14,190.3 1 0
2024_2_ThereWillBeName/internal/pkg/attractions/delivery/grpc/gen/attractions.pb.go:191.2,191.10 1 0
2024_2_ThereWillBeName/internal/pkg/attractions/delivery/grpc/gen/attractions.pb.go:194.46,195.14 1 0
2024_2_ThereWillBeName/internal/pkg/attractions/delivery/grpc/gen/attractions.pb.go:195.14,197.3 1 0
2024_2_ThereWillBeName/internal/pkg/attractions/delivery/grpc/gen/attractions.pb.go:198.2,198.10 1 0
2024_2_ThereWillBeName/internal/pkg/attractions/delivery/grpc/gen/attractions.pb.go:209.37,214.2 4 0
2024_2_ThereWillBeName/internal/pkg/attractions/delivery/grpc/gen/attractions.pb.go:216.45,218.2 1 0
2024_2_ThereWillBeName/internal/pkg/attractions/delivery/grpc/gen/attractions.pb.go:220.43,220.44 0 0
2024_2_ThereWillBeName/internal/pkg/attractions/delivery/grpc/gen/attractions.pb.go:222.65,224.14 2 0
2024_2_ThereWillBeName/internal/pkg/attractions/delivery/grpc/gen/attractions.pb.go:224.14,226.34 2 0
2024_2_ThereWillBeName/internal/pkg/attractions/delivery/grpc/gen/attractions.pb.go:226.34,228.4 1 0
2024_2_ThereWillBeName/internal/pkg/attractions/delivery/grpc/gen/attractions.pb.go:229.3,229.12 1 0
2024_2_ThereWillBeName/internal/pkg/attractions/delivery/grpc/gen/attractions.pb.go:231.2,231.24 1 0
2024_2_ThereWillBeName/internal/pkg/attractions/delivery/grpc/gen/attractions.pb.go:235.56,237.2 1 0
2024_2_ThereWillBeName/internal/pkg/attractions/delivery/grpc/gen/attractions.pb.go:239.50,240.14 1 0
2024_2_ThereWillBeName/internal/pkg/attractions/delivery/grpc/gen/attractions.pb.go:240.14,242.3 1 0
2024_2_ThereWillBeName/internal/pkg/attractions/delivery/grpc/gen/attractions.pb.go:243.2,243.12 1 0
2024_2_ThereWillBeName/internal/pkg/attractions/delivery/grpc/gen/attractions.pb.go:254.35,259.2 4 0
2024_2_ThereWillBeName/internal/pkg/attractions/delivery/grpc/gen/attractions.pb.go:261.43,263.2 1 0
2024_2_ThereWillBeName/internal/pkg/attractions/delivery/grpc/gen/attractions.pb.go:265.41,265.42 0 0
2024_2_ThereWillBeName/internal/pkg/attractions/delivery/grpc/gen/attractions.pb.go:267.63,269.14 2 0
2024_2_ThereWillBeName/internal/pkg/attractions/delivery/grpc/gen/attractions.pb.go:269.14,271.34 2 0
2024_2_ThereWillBeName/internal/pkg/attractions/delivery/grpc/gen/attractions.pb.go:271.34,273.4 1 0
2024_2_ThereWillBeName/internal/pkg/attractions/delivery/grpc/gen/attractions.pb.go:274.3,274.12 1 0
2024_2_ThereWillBeName/internal/pkg/attractions/delivery/grpc/gen/attractions.pb.go:276.2,276.24 1 0
2024_2_ThereWillBeName/internal/pkg/attractions/delivery/grpc/gen/attractions.pb.go:280.54,282.2 1 0
2024_2_ThereWillBeName/internal/pkg/attractions/delivery/grpc/gen/attractions.pb.go:284.42,285.14 1 0
2024_2_ThereWillBeName/internal/pkg/attractions/delivery/grpc/gen/attractions.pb.go:285.14,287.3 1 0
2024_2_ThereWillBeName/internal/pkg/attractions/delivery/grpc/gen/attractions.pb.go:288.2,288.10 1 0
2024_2_ThereWillBeName/internal/pkg/attractions/delivery/grpc/gen/attractions.pb.go:299.36,304.2 4 0
2024_2_ThereWillBeName/internal/pkg/attractions/delivery/grpc/gen/attractions.pb.go:306.44,308.2 1 0
2024_2_ThereWillBeName/internal/pkg/attractions/delivery/grpc/gen/attractions.pb.go:310.42,310.43 0 0
2024_2_ThereWillBeName/internal/pkg/attractions/delivery/grpc/gen/attractions.pb.go:312.64,314.14 2 0
2024_2_ThereWillBeName/internal/pkg/attractions/delivery/grpc/gen/attractions.pb.go:314.14,316.34 2 0
2024_2_ThereWillBeName/internal/pkg/attractions/delivery/grpc/gen/attractions.pb.go:316.34,318.4 1 0
2024_2_ThereWillBeName/internal/pkg/attractions/delivery/grpc/gen/attractions.pb.go:319.3,319.12 1 0
2024_2_ThereWillBeName/internal/pkg/attractions/delivery/grpc/gen/attractions.pb.go:321.2,321.24 1 0
2024_2_ThereWillBeName/internal/pkg/attractions/delivery/grpc/gen/attractions.pb.go:325.55,327.2 1 0
2024_2_ThereWillBeName/internal/pkg/attractions/delivery/grpc/gen/attractions.pb.go:329.46,330.14 1 0
2024_2_ThereWillBeName/internal/pkg/attractions/delivery/grpc/gen/attractions.pb.go:330.14,332.3 1 0
2024_2_ThereWillBeName/internal/pkg/attractions/delivery/grpc/gen/attractions.pb.go:333.2,333.12 1 0
2024_2_ThereWillBeName/internal/pkg/attractions/delivery/grpc/gen/attractions.pb.go:348.39,353.2 4 0
2024_2_ThereWillBeName/internal/pkg/attractions/delivery/grpc/gen/attractions.pb.go:355.47,357.2 1 0
2024_2_ThereWillBeName/internal/pkg/attractions/delivery/grpc/gen/attractions.pb.go:359.45,359.46 0 0
2024_2_ThereWillBeName/internal/pkg/attractions/delivery/grpc/gen/attractions.pb.go:361.67,363.14 2 0
2024_2_ThereWillBeName/internal/pkg/attractions/delivery/grpc/gen/attractions.pb.go:363.14,365.34 2 0
2024_2_ThereWillBeName/internal/pkg/attractions/delivery/grpc/gen/attractions.pb.go:365.34,367.4 1 0
2024_2_ThereWillBeName/internal/pkg/attractions/delivery/grpc/gen/attractions.pb.go:368.3,368.12 1 0
2024_2_ThereWillBeName/internal/pkg/attractions/delivery/grpc/gen/attractions.pb.go:370.2,370.24 1 0
2024_2_ThereWillBeName/internal/pkg/attractions/delivery/grpc/gen/attractions.pb.go:374.58,376.2 1 0
2024_2_ThereWillBeName/internal/pkg/attractions/delivery/grpc/gen/attractions.pb.go:378.48,379.14 1 0
2024_2_ThereWillBeName/internal/pkg/attractions/delivery/grpc/gen/attractions.pb.go:379.14,381.3 1 0
2024_2_ThereWillBeName/internal/pkg/attractions/delivery/grpc/gen/attractions.pb.go:382.2,382.11 1 0
2024_2_ThereWillBeName/internal/pkg/attractions/delivery/grpc/gen/attractions.pb.go:385.51,386.14 1 0
2024_2_ThereWillBeName/internal/pkg/attractions/delivery/grpc/gen/attractions.pb.go:386.14,388.3 1 0
2024_2_ThereWillBeName/internal/pkg/attractions/delivery/grpc/gen/attractions.pb.go:389.2,389.10 1 0
2024_2_ThereWillBeName/internal/pkg/attractions/delivery/grpc/gen/attractions.pb.go:392.47,393.14 1 0
2024_2_ThereWillBeName/internal/pkg/attractions/delivery/grpc/gen/attractions.pb.go:393.14,395.3 1 0
2024_2_ThereWillBeName/internal/pkg/attractions/delivery/grpc/gen/attractions.pb.go:396.2,396.10 1 0
2024_2_ThereWillBeName/internal/pkg/attractions/delivery/grpc/gen/attractions.pb.go:399.48,400.14 1 0
2024_2_ThereWillBeName/internal/pkg/attractions/delivery/grpc/gen/attractions.pb.go:400.14,402.3 1 0
2024_2_ThereWillBeName/internal/pkg/attractions/delivery/grpc/gen/attractions.pb.go:403.2,403.10 1 0
2024_2_ThereWillBeName/internal/pkg/attractions/delivery/grpc/gen/attractions.pb.go:406.49,407.14 1 0
2024_2_ThereWillBeName/internal/pkg/attractions/delivery/grpc/gen/attractions.pb.go:407.14,409.3 1 0
2024_2_ThereWillBeName/internal/pkg/attractions/delivery/grpc/gen/attractions.pb.go:410.2,410.10 1 0
2024_2_ThereWillBeName/internal/pkg/attractions/delivery/grpc/gen/attractions.pb.go:421.40,426.2 4 0
2024_2_ThereWillBeName/internal/pkg/attractions/delivery/grpc/gen/attractions.pb.go:428.48,430.2 1 0
2024_2_ThereWillBeName/internal/pkg/attractions/delivery/grpc/gen/attractions.pb.go:432.46,432.47 0 0
2024_2_ThereWillBeName/internal/pkg/attractions/delivery/grpc/gen/attractions.pb.go:434.68,436.14 2 0
2024_2_ThereWillBeName/internal/pkg/attractions/delivery/grpc/gen/attractions.pb.go:436.14,438.34 2 0
2024_2_ThereWillBeName/internal/pkg/attractions/delivery/grpc/gen/attractions.pb.go:438.34,440.4 1 0
2024_2_ThereWillBeName/internal/pkg/attractions/delivery/grpc/gen/attractions.pb.go:441.3,441.12 1 0
2024_2_ThereWillBeName/internal/pkg/attractions/delivery/grpc/gen/attractions.pb.go:443.2,443.24 1 0
2024_2_ThereWillBeName/internal/pkg/attractions/delivery/grpc/gen/attractions.pb.go:447.59,449.2 1 0
2024_2_ThereWillBeName/internal/pkg/attractions/delivery/grpc/gen/attractions.pb.go:451.53,452.14 1 0
2024_2_ThereWillBeName/internal/pkg/attractions/delivery/grpc/gen/attractions.pb.go:452.14,454.3 1 0
2024_2_ThereWillBeName/internal/pkg/attractions/delivery/grpc/gen/attractions.pb.go:455.2,455.12 1 0
2024_2_ThereWillBeName/internal/pkg/attractions/delivery/grpc/gen/attractions.pb.go:468.46,473.2 4 0
2024_2_ThereWillBeName/internal/pkg/attractions/delivery/grpc/gen/attractions.pb.go:475.54,477.2 1 0
2024_2_ThereWillBeName/internal/pkg/attractions/delivery/grpc/gen/attractions.pb.go:479.52,479.53 0 0
2024_2_ThereWillBeName/internal/pkg/attractions/delivery/grpc/gen/attractions.pb.go:481.74,483.14 2 0
2024_2_ThereWillBeName/internal/pkg/attractions/delivery/grpc/gen/attractions.pb.go:483.14,485.34 2 0
2024_2_ThereWillBeName/internal/pkg/attractions/delivery/grpc/gen/attractions.pb.go:485.34,487.4 1 0
2024_2_ThereWillBeName/internal/pkg/attractions/delivery/grpc/gen/attractions.pb.go:488.3,488.12 1 0
2024_2_ThereWillBeName/internal/pkg/attractions/delivery/grpc/gen/attractions.pb.go:490.2,490.24 1 0
2024_2_ThereWillBeName/internal/pkg/attractions/delivery/grpc/gen/attractions.pb.go:494.65,496.2 1 0
2024_2_ThereWillBeName/internal/pkg/attractions/delivery/grpc/gen/attractions.pb.go:498.59,499.14 1 0
2024_2_ThereWillBeName/internal/pkg/attractions/delivery/grpc/gen/attractions.pb.go:499.14,501.3 1 0
2024_2_ThereWillBeName/internal/pkg/attractions/delivery/grpc/gen/attractions.pb.go:502.2,502.11 1 0
2024_2_ThereWillBeName/internal/pkg/attractions/delivery/grpc/gen/attractions.pb.go:505.55,506.14 1 0
2024_2_ThereWillBeName/internal/pkg/attractions/delivery/grpc/gen/attractions.pb.go:506.14,508.3 1 0
2024_2_ThereWillBeName/internal/pkg/attractions/delivery/grpc/gen/attractions.pb.go:509.2,509.10 1 0
2024_2_ThereWillBeName/internal/pkg/attractions/delivery/grpc/gen/attractions.pb.go:512.56,513.14 1 0
2024_2_ThereWillBeName/internal/pkg/attractions/delivery/grpc/gen/attractions.pb.go:513.14,515.3 1 0
2024_2_ThereWillBeName/internal/pkg/attractions/delivery/grpc/gen/attractions.pb.go:516.2,516.10 1 0
2024_2_ThereWillBeName/internal/pkg/attractions/delivery/grpc/gen/attractions.pb.go:527.47,532.2 4 0
2024_2_ThereWillBeName/internal/pkg/attractions/delivery/grpc/gen/attractions.pb.go:534.55,536.2 1 0
2024_2_ThereWillBeName/internal/pkg/attractions/delivery/grpc/gen/attractions.pb.go:538.53,538.54 0 0
2024_2_ThereWillBeName/internal/pkg/attractions/delivery/grpc/gen/attractions.pb.go:540.75,542.14 2 0
2024_2_ThereWillBeName/internal/pkg/attractions/delivery/grpc/gen/attractions.pb.go:542.14,544.34 2 0
2024_2_ThereWillBeName/internal/pkg/attractions/delivery/grpc/gen/attractions.pb.go:544.34,546.4 1 0
2024_2_ThereWillBeName/internal/pkg/attractions/delivery/grpc/gen/attractions.pb.go:547.3,547.12 1 0
2024_2_ThereWillBeName/internal/pkg/attractions/delivery/grpc/gen/attractions.pb.go:549.2,549.24 1 0
2024_2_ThereWillBeName/internal/pkg/attractions/delivery/grpc/gen/attractions.pb.go:553.66,555.2 1 0
2024_2_ThereWillBeName/internal/pkg/attractions/delivery/grpc/gen/attractions.pb.go:557.60,558.14 1 0
2024_2_ThereWillBeName/internal/pkg/attractions/delivery/grpc/gen/attractions.pb.go:558.14,560.3 1 0
2024_2_ThereWillBeName/internal/pkg/attractions/delivery/grpc/gen/attractions.pb.go:561.2,561.12 1 0
2024_2_ThereWillBeName/internal/pkg/attractions/delivery/grpc/gen/attractions.pb.go:660.95,661.92 1 0
2024_2_ThereWillBeName/internal/pkg/attractions/delivery/grpc/gen/attractions.pb.go:661.92,663.3 1 0
2024_2_ThereWillBeName/internal/pkg/attractions/delivery/grpc/gen/attractions.pb.go:664.2,664.88 1 0
2024_2_ThereWillBeName/internal/pkg/attractions/delivery/grpc/gen/attractions.pb.go:699.13,699.91 1 0
2024_2_ThereWillBeName/internal/pkg/attractions/delivery/grpc/gen/attractions.pb.go:700.81,701.80 1 0
2024_2_ThereWillBeName/internal/pkg/attractions/delivery/grpc/gen/attractions.pb.go:701.80,703.3 1 0
2024_2_ThereWillBeName/internal/pkg/attractions/delivery/grpc/gen/attractions.pb.go:704.2,721.83 6 0
2024_2_ThereWillBeName/internal/pkg/attractions/delivery/grpc/gen/attractions_grpc.pb.go:45.74,47.2 1 0
2024_2_ThereWillBeName/internal/pkg/attractions/delivery/grpc/gen/attractions_grpc.pb.go:49.135,53.16 4 0
2024_2_ThereWillBeName/internal/pkg/attractions/delivery/grpc/gen/attractions_grpc.pb.go:53.16,55.3 1 0
2024_2_ThereWillBeName/internal/pkg/attractions/delivery/grpc/gen/attractions_grpc.pb.go:56.2,56.17 1 0
2024_2_ThereWillBeName/internal/pkg/attractions/delivery/grpc/gen/attractions_grpc.pb.go:59.132,63.16 4 0
2024_2_ThereWillBeName/internal/pkg/attractions/delivery/grpc/gen/attractions_grpc.pb.go:63.16,65.3 1 0
2024_2_ThereWillBeName/internal/pkg/attractions/delivery/grpc/gen/attractions_grpc.pb.go:66.2,66.17 1 0
2024_2_ThereWillBeName/internal/pkg/attractions/delivery/grpc/gen/attractions_grpc.pb.go:69.144,73.16 4 0
2024_2_ThereWillBeName/internal/pkg/attractions/delivery/grpc/gen/attractions_grpc.pb.go:73.16,75.3 1 0
2024_2_ThereWillBeName/internal/pkg/attractions/delivery/grpc/gen/attractions_grpc.pb.go:76.2,76.17 1 0
2024_2_ThereWillBeName/internal/pkg/attractions/delivery/grpc/gen/attractions_grpc.pb.go:79.165,83.16 4 0
2024_2_ThereWillBeName/internal/pkg/attractions/delivery/grpc/gen/attractions_grpc.pb.go:83.16,85.3 1 0
2024_2_ThereWillBeName/internal/pkg/attractions/delivery/grpc/gen/attractions_grpc.pb.go:86.2,86.17 1 0
2024_2_ThereWillBeName/internal/pkg/attractions/delivery/grpc/gen/attractions_grpc.pb.go:110.113,112.2 1 0
2024_2_ThereWillBeName/internal/pkg/attractions/delivery/grpc/gen/attractions_grpc.pb.go:113.110,115.2 1 0
2024_2_ThereWillBeName/internal/pkg/attractions/delivery/grpc/gen/attractions_grpc.pb.go:116.122,118.2 1 0
2024_2_ThereWillBeName/internal/pkg/attractions/delivery/grpc/gen/attractions_grpc.pb.go:119.143,121.2 1 0
2024_2_ThereWillBeName/internal/pkg/attractions/delivery/grpc/gen/attractions_grpc.pb.go:122.82,122.83 0 0
2024_2_ThereWillBeName/internal/pkg/attractions/delivery/grpc/gen/attractions_grpc.pb.go:123.82,123.83 0 0
2024_2_ThereWillBeName/internal/pkg/attractions/delivery/grpc/gen/attractions_grpc.pb.go:132.80,137.59 1 0
2024_2_ThereWillBeName/internal/pkg/attractions/delivery/grpc/gen/attractions_grpc.pb.go:137.59,139.3 1 0
2024_2_ThereWillBeName/internal/pkg/attractions/delivery/grpc/gen/attractions_grpc.pb.go:140.2,140.50 1 0
2024_2_ThereWillBeName/internal/pkg/attractions/delivery/grpc/gen/attractions_grpc.pb.go:143.166,145.32 2 0
2024_2_ThereWillBeName/internal/pkg/attractions/delivery/grpc/gen/attractions_grpc.pb.go:145.32,147.3 1 0
2024_2_ThereWillBeName/internal/pkg/attractions/delivery/grpc/gen/attractions_grpc.pb.go:148.2,148.24 1 0
2024_2_ThereWillBeName/internal/pkg/attractions/delivery/grpc/gen/attractions_grpc.pb.go:148.24,150.3 1 0
2024_2_ThereWillBeName/internal/pkg/attractions/delivery/grpc/gen/attractions_grpc.pb.go:151.2,155.77 2 0
2024_2_ThereWillBeName/internal/pkg/attractions/delivery/grpc/gen/attractions_grpc.pb.go:155.77,157.3 1 0
2024_2_ThereWillBeName/internal/pkg/attractions/delivery/grpc/gen/attractions_grpc.pb.go:158.2,158.44 1 0
2024_2_ThereWillBeName/internal/pkg/attractions/delivery/grpc/gen/attractions_grpc.pb.go:161.165,163.32 2 0
2024_2_ThereWillBeName/internal/pkg/attractions/delivery/grpc/gen/attractions_grpc.pb.go:163.32,165.3 1 0
2024_2_ThereWillBeName/internal/pkg/attractions/delivery/grpc/gen/attractions_grpc.pb.go:166.2,166.24 1 0
2024_2_ThereWillBeName/internal/pkg/attractions/delivery/grpc/gen/attractions_grpc.pb.go:166.24,168.3 1 0
2024_2_ThereWillBeName/internal/pkg/attractions/delivery/grpc/gen/attractions_grpc.pb.go:169.2,173.77 2 0
2024_2_ThereWillBeName/internal/pkg/attractions/delivery/grpc/gen/attractions_grpc.pb.go:173.77,175.3 1 0
2024_2_ThereWillBeName/internal/pkg/attractions/delivery/grpc/gen/attractions_grpc.pb.go:176.2,176.44 1 0
2024_2_ThereWillBeName/internal/pkg/attractions/delivery/grpc/gen/attractions_grpc.pb.go:179.169,181.32 2 0
2024_2_ThereWillBeName/internal/pkg/attractions/delivery/grpc/gen/attractions_grpc.pb.go:181.32,183.3 1 0
2024_2_ThereWillBeName/internal/pkg/attractions/delivery/grpc/gen/attractions_grpc.pb.go:184.2,184.24 1 0
2024_2_ThereWillBeName/internal/pkg/attractions/delivery/grpc/gen/attractions_grpc.pb.go:184.24,186.3 1 0
2024_2_ThereWillBeName/internal/pkg/attractions/delivery/grpc/gen/attractions_grpc.pb.go:187.2,191.77 2 0
2024_2_ThereWillBeName/internal/pkg/attractions/delivery/grpc/gen/attractions_grpc.pb.go:191.77,193.3 1 0
2024_2_ThereWillBeName/internal/pkg/attractions/delivery/grpc/gen/attractions_grpc.pb.go:194.2,194.44 1 0
2024_2_ThereWillBeName/internal/pkg/attractions/delivery/grpc/gen/attractions_grpc.pb.go:197.176,199.32 2 0
2024_2_ThereWillBeName/internal/pkg/attractions/delivery/grpc/gen/attractions_grpc.pb.go:199.32,201.3 1 0
2024_2_ThereWillBeName/internal/pkg/attractions/delivery/grpc/gen/attractions_grpc.pb.go:202.2,202.24 1 0
2024_2_ThereWillBeName/internal/pkg/attractions/delivery/grpc/gen/attractions_grpc.pb.go:202.24,204.3 1 0
2024_2_ThereWillBeName/internal/pkg/attractions/delivery/grpc/gen/attractions_grpc.pb.go:205.2,209.77 2 0
2024_2_ThereWillBeName/internal/pkg/attractions/delivery/grpc/gen/attractions_grpc.pb.go:209.77,211.3 1 0
2024_2_ThereWillBeName/internal/pkg/attractions/delivery/grpc/gen/attractions_grpc.pb.go:212.2,212.44 1 0
2024_2_ThereWillBeName/docs/docs.go:1547.13,1549.2 1 0
2024_2_ThereWillBeName/cmd/trips/main.go:28.13,37.16 7 0
2024_2_ThereWillBeName/cmd/trips/main.go:37.16,39.3 1 0
2024_2_ThereWillBeName/cmd/trips/main.go:40.2,52.12 9 0
2024_2_ThereWillBeName/cmd/trips/main.go:52.12,54.17 2 0
2024_2_ThereWillBeName/cmd/trips/main.go:54.17,56.4 1 0
2024_2_ThereWillBeName/cmd/trips/main.go:57.3,58.57 2 0
2024_2_ThereWillBeName/cmd/trips/main.go:58.57,60.4 1 0
2024_2_ThereWillBeName/cmd/trips/main.go:63.2,69.47 6 0
2024_2_ThereWillBeName/cmd/trips/main.go:71.33,75.54 3 0
2024_2_ThereWillBeName/cmd/trips/main.go:75.54,77.3 1 0
2024_2_ThereWillBeName/cmd/trips/main.go:79.2,87.26 3 0
2024_2_ThereWillBeName/internal/models/place.go:49.70,59.2 9 0
2024_2_ThereWillBeName/internal/models/place.go:61.70,71.2 9 0
2024_2_ThereWillBeName/internal/models/review.go:32.61,38.2 5 0
2024_2_ThereWillBeName/internal/models/trip.go:21.55,39.2 15 0
2024_2_ThereWillBeName/internal/models/user.go:23.55,28.2 3 0
2024_2_ThereWillBeName/cmd/survey/main.go:26.13,35.16 7 0
2024_2_ThereWillBeName/cmd/survey/main.go:35.16,37.3 1 0
2024_2_ThereWillBeName/cmd/survey/main.go:38.2,48.12 8 0
2024_2_ThereWillBeName/cmd/survey/main.go:48.12,50.17 2 0
2024_2_ThereWillBeName/cmd/survey/main.go:50.17,52.4 1 0
2024_2_ThereWillBeName/cmd/survey/main.go:53.3,54.58 2 0
2024_2_ThereWillBeName/cmd/survey/main.go:54.58,56.4 1 0
2024_2_ThereWillBeName/cmd/survey/main.go:59.2,65.47 6 0
2024_2_ThereWillBeName/cmd/survey/main.go:67.33,71.54 3 0
2024_2_ThereWillBeName/cmd/survey/main.go:71.54,73.3 1 0
2024_2_ThereWillBeName/cmd/survey/main.go:75.2,83.26 3 0
2024_2_ThereWillBeName/internal/pkg/attractions/delivery/grpc/grpc_server.go:16.95,18.2 1 0
2024_2_ThereWillBeName/internal/pkg/attractions/delivery/grpc/grpc_server.go:20.124,22.16 2 0
2024_2_ThereWillBeName/internal/pkg/attractions/delivery/grpc/grpc_server.go:22.16,24.3 1 0
2024_2_ThereWillBeName/internal/pkg/attractions/delivery/grpc/grpc_server.go:25.2,26.31 2 0
2024_2_ThereWillBeName/internal/pkg/attractions/delivery/grpc/grpc_server.go:26.31,40.3 1 0
2024_2_ThereWillBeName/internal/pkg/attractions/delivery/grpc/grpc_server.go:41.2,41.60 1 0
2024_2_ThereWillBeName/internal/pkg/attractions/delivery/grpc/grpc_server.go:44.121,46.16 2 0
2024_2_ThereWillBeName/internal/pkg/attractions/delivery/grpc/grpc_server.go:46.16,48.3 1 0
2024_2_ThereWillBeName/internal/pkg/attractions/delivery/grpc/grpc_server.go:49.2,62.57 2 0
2024_2_ThereWillBeName/internal/pkg/attractions/delivery/grpc/grpc_server.go:65.133,67.16 2 0
2024_2_ThereWillBeName/internal/pkg/attractions/delivery/grpc/grpc_server.go:67.16,69.3 1 0
2024_2_ThereWillBeName/internal/pkg/attractions/delivery/grpc/grpc_server.go:71.2,72.31 2 0
2024_2_ThereWillBeName/internal/pkg/attractions/delivery/grpc/grpc_server.go:72.31,86.3 1 0
2024_2_ThereWillBeName/internal/pkg/attractions/delivery/grpc/grpc_server.go:87.2,87.63 1 0
2024_2_ThereWillBeName/internal/pkg/attractions/delivery/grpc/grpc_server.go:90.154,92.16 2 0
2024_2_ThereWillBeName/internal/pkg/attractions/delivery/grpc/grpc_server.go:92.16,94.3 1 0
2024_2_ThereWillBeName/internal/pkg/attractions/delivery/grpc/grpc_server.go:95.2,96.31 2 0
2024_2_ThereWillBeName/internal/pkg/attractions/delivery/grpc/grpc_server.go:96.31,109.3 1 0
2024_2_ThereWillBeName/internal/pkg/attractions/delivery/grpc/grpc_server.go:110.2,110.70 1 0
2024_2_ThereWillBeName/internal/pkg/attractions/mocks/mock.go:27.63,31.2 3 0
2024_2_ThereWillBeName/internal/pkg/attractions/mocks/mock.go:34.61,36.2 1 0
2024_2_ThereWillBeName/internal/pkg/attractions/mocks/mock.go:39.90,44.2 4 0
2024_2_ThereWillBeName/internal/pkg/attractions/mocks/mock.go:47.87,50.2 2 0
2024_2_ThereWillBeName/internal/pkg/attractions/mocks/mock.go:53.73,58.2 4 0
2024_2_ThereWillBeName/internal/pkg/attractions/mocks/mock.go:61.84,64.2 2 0
2024_2_ThereWillBeName/internal/pkg/attractions/mocks/mock.go:67.89,73.2 5 0
2024_2_ThereWillBeName/internal/pkg/attractions/mocks/mock.go:76.81,79.2 2 0
2024_2_ThereWillBeName/internal/pkg/attractions/mocks/mock.go:82.102,88.2 5 0
2024_2_ThereWillBeName/internal/pkg/attractions/mocks/mock.go:91.93,94.2 2 0
2024_2_ThereWillBeName/internal/pkg/attractions/mocks/mock.go:97.129,103.2 5 0
2024_2_ThereWillBeName/internal/pkg/attractions/mocks/mock.go:106.113,109.2 2 0
2024_2_ThereWillBeName/internal/pkg/attractions/mocks/mock.go:112.134,118.2 5 0
2024_2_ThereWillBeName/internal/pkg/attractions/mocks/mock.go:121.118,124.2 2 0
2024_2_ThereWillBeName/internal/pkg/attractions/mocks/mock.go:127.90,132.2 4 0
2024_2_ThereWillBeName/internal/pkg/attractions/mocks/mock.go:135.87,138.2 2 0
2024_2_ThereWillBeName/internal/pkg/attractions/mocks/mock.go:152.69,156.2 3 0
2024_2_ThereWillBeName/internal/pkg/attractions/mocks/mock.go:159.67,161.2 1 0
2024_2_ThereWillBeName/internal/pkg/attractions/mocks/mock.go:164.93,169.2 4 0
2024_2_ThereWillBeName/internal/pkg/attractions/mocks/mock.go:172.90,175.2 2 0
2024_2_ThereWillBeName/internal/pkg/attractions/mocks/mock.go:178.76,183.2 4 0
2024_2_ThereWillBeName/internal/pkg/attractions/mocks/mock.go:186.87,189.2 2 0
2024_2_ThereWillBeName/internal/pkg/attractions/mocks/mock.go:192.92,198.2 5 0
2024_2_ThereWillBeName/internal/pkg/attractions/mocks/mock.go:201.84,204.2 2 0
2024_2_ThereWillBeName/internal/pkg/attractions/mocks/mock.go:207.105,213.2 5 0
2024_2_ThereWillBeName/internal/pkg/attractions/mocks/mock.go:216.96,219.2 2 0
2024_2_ThereWillBeName/internal/pkg/attractions/mocks/mock.go:222.132,228.2 5 0
2024_2_ThereWillBeName/internal/pkg/attractions/mocks/mock.go:231.116,234.2 2 0
2024_2_ThereWillBeName/internal/pkg/attractions/mocks/mock.go:237.137,243.2 5 0
2024_2_ThereWillBeName/internal/pkg/attractions/mocks/mock.go:246.121,249.2 2 0
2024_2_ThereWillBeName/internal/pkg/attractions/mocks/mock.go:252.93,257.2 4 0
2024_2_ThereWillBeName/internal/pkg/attractions/mocks/mock.go:260.90,263.2 2 0
2024_2_ThereWillBeName/internal/models/place.go:49.70,59.2 9 0
2024_2_ThereWillBeName/internal/models/place.go:61.70,71.2 9 0
2024_2_ThereWillBeName/internal/models/review.go:32.61,38.2 5 0
2024_2_ThereWillBeName/internal/models/trip.go:21.55,39.2 15 0
2024_2_ThereWillBeName/internal/models/user.go:23.55,28.2 3 0
2024_2_ThereWillBeName/internal/pkg/attractions/delivery/grpc/gen/attractions.pb.go:41.25,46.2 4 0
2024_2_ThereWillBeName/internal/pkg/attractions/delivery/grpc/gen/attractions.pb.go:48.33,50.2 1 0
2024_2_ThereWillBeName/internal/pkg/attractions/delivery/grpc/gen/attractions.pb.go:52.31,52.32 0 0
2024_2_ThereWillBeName/internal/pkg/attractions/delivery/grpc/gen/attractions.pb.go:54.53,56.14 2 0
2024_2_ThereWillBeName/internal/pkg/attractions/delivery/grpc/gen/attractions.pb.go:56.14,58.34 2 0
2024_2_ThereWillBeName/internal/pkg/attractions/delivery/grpc/gen/attractions.pb.go:58.34,60.4 1 0
2024_2_ThereWillBeName/internal/pkg/attractions/delivery/grpc/gen/attractions.pb.go:61.3,61.12 1 0
2024_2_ThereWillBeName/internal/pkg/attractions/delivery/grpc/gen/attractions.pb.go:63.2,63.24 1 0
2024_2_ThereWillBeName/internal/pkg/attractions/delivery/grpc/gen/attractions.pb.go:67.44,69.2 1 0
2024_2_ThereWillBeName/internal/pkg/attractions/delivery/grpc/gen/attractions.pb.go:71.32,72.14 1 0
2024_2_ThereWillBeName/internal/pkg/attractions/delivery/grpc/gen/attractions.pb.go:72.14,74.3 1 0
2024_2_ThereWillBeName/internal/pkg/attractions/delivery/grpc/gen/attractions.pb.go:75.2,75.10 1 0
2024_2_ThereWillBeName/internal/pkg/attractions/delivery/grpc/gen/attractions.pb.go:78.34,79.14 1 0
2024_2_ThereWillBeName/internal/pkg/attractions/delivery/grpc/gen/attractions.pb.go:79.14,81.3 1 0
2024_2_ThereWillBeName/internal/pkg/attractions/delivery/grpc/gen/attractions.pb.go:82.2,82.11 1 0
2024_2_ThereWillBeName/internal/pkg/attractions/delivery/grpc/gen/attractions.pb.go:85.39,86.14 1 0
2024_2_ThereWillBeName/internal/pkg/attractions/delivery/grpc/gen/attractions.pb.go:86.14,88.3 1 0
2024_2_ThereWillBeName/internal/pkg/attractions/delivery/grpc/gen/attractions.pb.go:89.2,89.11 1 0
2024_2_ThereWillBeName/internal/pkg/attractions/delivery/grpc/gen/attractions.pb.go:92.41,93.14 1 0
2024_2_ThereWillBeName/internal/pkg/attractions/delivery/grpc/gen/attractions.pb.go:93.14,95.3 1 0
2024_2_ThereWillBeName/internal/pkg/attractions/delivery/grpc/gen/attractions.pb.go:96.2,96.11 1 0
2024_2_ThereWillBeName/internal/pkg/attractions/delivery/grpc/gen/attractions.pb.go:99.35,100.14 1 0
2024_2_ThereWillBeName/internal/pkg/attractions/delivery/grpc/gen/attractions.pb.go:100.14,102.3 1 0
2024_2_ThereWillBeName/internal/pkg/attractions/delivery/grpc/gen/attractions.pb.go:103.2,103.10 1 0
2024_2_ThereWillBeName/internal/pkg/attractions/delivery/grpc/gen/attractions.pb.go:106.37,107.14 1 0
2024_2_ThereWillBeName/internal/pkg/attractions/delivery/grpc/gen/attractions.pb.go:107.14,109.3 1 0
2024_2_ThereWillBeName/internal/pkg/attractions/delivery/grpc/gen/attractions.pb.go:110.2,110.11 1 0
2024_2_ThereWillBeName/internal/pkg/attractions/delivery/grpc/gen/attractions.pb.go:113.34,114.14 1 0
2024_2_ThereWillBeName/internal/pkg/attractions/delivery/grpc/gen/attractions.pb.go:114.14,116.3 1 0
2024_2_ThereWillBeName/internal/pkg/attractions/delivery/grpc/gen/attractions.pb.go:117.2,117.11 1 0
2024_2_ThereWillBeName/internal/pkg/attractions/delivery/grpc/gen/attractions.pb.go:120.41,121.14 1 0
2024_2_ThereWillBeName/internal/pkg/attractions/delivery/grpc/gen/attractions.pb.go:121.14,123.3 1 0
2024_2_ThereWillBeName/internal/pkg/attractions/delivery/grpc/gen/attractions.pb.go:124.2,124.11 1 0
2024_2_ThereWillBeName/internal/pkg/attractions/delivery/grpc/gen/attractions.pb.go:127.42,128.14 1 0
2024_2_ThereWillBeName/internal/pkg/attractions/delivery/grpc/gen/attractions.pb.go:128.14,130.3 1 0
2024_2_ThereWillBeName/internal/pkg/attractions/delivery/grpc/gen/attractions.pb.go:131.2,131.12 1 0
2024_2_ThereWillBeName/internal/pkg/attractions/delivery/grpc/gen/attractions.pb.go:134.39,135.14 1 0
2024_2_ThereWillBeName/internal/pkg/attractions/delivery/grpc/gen/attractions.pb.go:135.14,137.3 1 0
2024_2_ThereWillBeName/internal/pkg/attractions/delivery/grpc/gen/attractions.pb.go:138.2,138.10 1 0
2024_2_ThereWillBeName/internal/pkg/attractions/delivery/grpc/gen/attractions.pb.go:141.40,142.14 1 0
2024_2_ThereWillBeName/internal/pkg/attractions/delivery/grpc/gen/attractions.pb.go:142.14,144.3 1 0
2024_2_ThereWillBeName/internal/pkg/attractions/delivery/grpc/gen/attractions.pb.go:145.2,145.10 1 0
2024_2_ThereWillBeName/internal/pkg/attractions/delivery/grpc/gen/attractions.pb.go:157.36,162.2 4 0
2024_2_ThereWillBeName/internal/pkg/attractions/delivery/grpc/gen/attractions.pb.go:164.44,166.2 1 0
2024_2_ThereWillBeName/internal/pkg/attractions/delivery/grpc/gen/attractions.pb.go:168.42,168.43 0 0
2024_2_ThereWillBeName/internal/pkg/attractions/delivery/grpc/gen/attractions.pb.go:170.64,172.14 2 0
2024_2_ThereWillBeName/internal/pkg/attractions/delivery/grpc/gen/attractions.pb.go:172.14,174.34 2 0
2024_2_ThereWillBeName/internal/pkg/attractions/delivery/grpc/gen/attractions.pb.go:174.34,176.4 1 0
2024_2_ThereWillBeName/internal/pkg/attractions/delivery/grpc/gen/attractions.pb.go:177.3,177.12 1 0
2024_2_ThereWillBeName/internal/pkg/attractions/delivery/grpc/gen/attractions.pb.go:179.2,179.24 1 0
2024_2_ThereWillBeName/internal/pkg/attractions/delivery/grpc/gen/attractions.pb.go:183.55,185.2 1 0
2024_2_ThereWillBeName/internal/pkg/attractions/delivery/grpc/gen/attractions.pb.go:187.45,188.14 1 0
2024_2_ThereWillBeName/internal/pkg/attractions/delivery/grpc/gen/attractions.pb.go:188.14,190.3 1 0
2024_2_ThereWillBeName/internal/pkg/attractions/delivery/grpc/gen/attractions.pb.go:191.2,191.10 1 0
2024_2_ThereWillBeName/internal/pkg/attractions/delivery/grpc/gen/attractions.pb.go:194.46,195.14 1 0
2024_2_ThereWillBeName/internal/pkg/attractions/delivery/grpc/gen/attractions.pb.go:195.14,197.3 1 0
2024_2_ThereWillBeName/internal/pkg/attractions/delivery/grpc/gen/attractions.pb.go:198.2,198.10 1 0
2024_2_ThereWillBeName/internal/pkg/attractions/delivery/grpc/gen/attractions.pb.go:209.37,214.2 4 0
2024_2_ThereWillBeName/internal/pkg/attractions/delivery/grpc/gen/attractions.pb.go:216.45,218.2 1 0
2024_2_ThereWillBeName/internal/pkg/attractions/delivery/grpc/gen/attractions.pb.go:220.43,220.44 0 0
2024_2_ThereWillBeName/internal/pkg/attractions/delivery/grpc/gen/attractions.pb.go:222.65,224.14 2 0
2024_2_ThereWillBeName/internal/pkg/attractions/delivery/grpc/gen/attractions.pb.go:224.14,226.34 2 0
2024_2_ThereWillBeName/internal/pkg/attractions/delivery/grpc/gen/attractions.pb.go:226.34,228.4 1 0
2024_2_ThereWillBeName/internal/pkg/attractions/delivery/grpc/gen/attractions.pb.go:229.3,229.12 1 0
2024_2_ThereWillBeName/internal/pkg/attractions/delivery/grpc/gen/attractions.pb.go:231.2,231.24 1 0
2024_2_ThereWillBeName/internal/pkg/attractions/delivery/grpc/gen/attractions.pb.go:235.56,237.2 1 0
2024_2_ThereWillBeName/internal/pkg/attractions/delivery/grpc/gen/attractions.pb.go:239.50,240.14 1 0
2024_2_ThereWillBeName/internal/pkg/attractions/delivery/grpc/gen/attractions.pb.go:240.14,242.3 1 0
2024_2_ThereWillBeName/internal/pkg/attractions/delivery/grpc/gen/attractions.pb.go:243.2,243.12 1 0
2024_2_ThereWillBeName/internal/pkg/attractions/delivery/grpc/gen/attractions.pb.go:254.35,259.2 4 0
2024_2_ThereWillBeName/internal/pkg/attractions/delivery/grpc/gen/attractions.pb.go:261.43,263.2 1 0
2024_2_ThereWillBeName/internal/pkg/attractions/delivery/grpc/gen/attractions.pb.go:265.41,265.42 0 0
2024_2_ThereWillBeName/internal/pkg/attractions/delivery/grpc/gen/attractions.pb.go:267.63,269.14 2 0
2024_2_ThereWillBeName/internal/pkg/attractions/delivery/grpc/gen/attractions.pb.go:269.14,271.34 2 0
2024_2_ThereWillBeName/internal/pkg/attractions/delivery/grpc/gen/attractions.pb.go:271.34,273.4 1 0
2024_2_ThereWillBeName/internal/pkg/attractions/delivery/grpc/gen/attractions.pb.go:274.3,274.12 1 0
2024_2_ThereWillBeName/internal/pkg/attractions/delivery/grpc/gen/attractions.pb.go:276.2,276.24 1 0
2024_2_ThereWillBeName/internal/pkg/attractions/delivery/grpc/gen/attractions.pb.go:280.54,282.2 1 0
2024_2_ThereWillBeName/internal/pkg/attractions/delivery/grpc/gen/attractions.pb.go:284.42,285.14 1 0
2024_2_ThereWillBeName/internal/pkg/attractions/delivery/grpc/gen/attractions.pb.go:285.14,287.3 1 0
2024_2_ThereWillBeName/internal/pkg/attractions/delivery/grpc/gen/attractions.pb.go:288.2,288.10 1 0
2024_2_ThereWillBeName/internal/pkg/attractions/delivery/grpc/gen/attractions.pb.go:299.36,304.2 4 0
2024_2_ThereWillBeName/internal/pkg/attractions/delivery/grpc/gen/attractions.pb.go:306.44,308.2 1 0
2024_2_ThereWillBeName/internal/pkg/attractions/delivery/grpc/gen/attractions.pb.go:310.42,310.43 0 0
2024_2_ThereWillBeName/internal/pkg/attractions/delivery/grpc/gen/attractions.pb.go:312.64,314.14 2 0
2024_2_ThereWillBeName/internal/pkg/attractions/delivery/grpc/gen/attractions.pb.go:314.14,316.34 2 0
2024_2_ThereWillBeName/internal/pkg/attractions/delivery/grpc/gen/attractions.pb.go:316.34,318.4 1 0
2024_2_ThereWillBeName/internal/pkg/attractions/delivery/grpc/gen/attractions.pb.go:319.3,319.12 1 0
2024_2_ThereWillBeName/internal/pkg/attractions/delivery/grpc/gen/attractions.pb.go:321.2,321.24 1 0
2024_2_ThereWillBeName/internal/pkg/attractions/delivery/grpc/gen/attractions.pb.go:325.55,327.2 1 0
2024_2_ThereWillBeName/internal/pkg/attractions/delivery/grpc/gen/attractions.pb.go:329.46,330.14 1 0
2024_2_ThereWillBeName/internal/pkg/attractions/delivery/grpc/gen/attractions.pb.go:330.14,332.3 1 0
2024_2_ThereWillBeName/internal/pkg/attractions/delivery/grpc/gen/attractions.pb.go:333.2,333.12 1 0
2024_2_ThereWillBeName/internal/pkg/attractions/delivery/grpc/gen/attractions.pb.go:348.39,353.2 4 0
2024_2_ThereWillBeName/internal/pkg/attractions/delivery/grpc/gen/attractions.pb.go:355.47,357.2 1 0
2024_2_ThereWillBeName/internal/pkg/attractions/delivery/grpc/gen/attractions.pb.go:359.45,359.46 0 0
2024_2_ThereWillBeName/internal/pkg/attractions/delivery/grpc/gen/attractions.pb.go:361.67,363.14 2 0
2024_2_ThereWillBeName/internal/pkg/attractions/delivery/grpc/gen/attractions.pb.go:363.14,365.34 2 0
2024_2_ThereWillBeName/internal/pkg/attractions/delivery/grpc/gen/attractions.pb.go:365.34,367.4 1 0
2024_2_ThereWillBeName/internal/pkg/attractions/delivery/grpc/gen/attractions.pb.go:368.3,368.12 1 0
2024_2_ThereWillBeName/internal/pkg/attractions/delivery/grpc/gen/attractions.pb.go:370.2,370.24 1 0
2024_2_ThereWillBeName/internal/pkg/attractions/delivery/grpc/gen/attractions.pb.go:374.58,376.2 1 0
2024_2_ThereWillBeName/internal/pkg/attractions/delivery/grpc/gen/attractions.pb.go:378.48,379.14 1 0
2024_2_ThereWillBeName/internal/pkg/attractions/delivery/grpc/gen/attractions.pb.go:379.14,381.3 1 0
2024_2_ThereWillBeName/internal/pkg/attractions/delivery/grpc/gen/attractions.pb.go:382.2,382.11 1 0
2024_2_ThereWillBeName/internal/pkg/attractions/delivery/grpc/gen/attractions.pb.go:385.51,386.14 1 0
2024_2_ThereWillBeName/internal/pkg/attractions/delivery/grpc/gen/attractions.pb.go:386.14,388.3 1 0
2024_2_ThereWillBeName/internal/pkg/attractions/delivery/grpc/gen/attractions.pb.go:389.2,389.10 1 0
2024_2_ThereWillBeName/internal/pkg/attractions/delivery/grpc/gen/attractions.pb.go:392.47,393.14 1 0
2024_2_ThereWillBeName/internal/pkg/attractions/delivery/grpc/gen/attractions.pb.go:393.14,395.3 1 0
2024_2_ThereWillBeName/internal/pkg/attractions/delivery/grpc/gen/attractions.pb.go:396.2,396.10 1 0
2024_2_ThereWillBeName/internal/pkg/attractions/delivery/grpc/gen/attractions.pb.go:399.48,400.14 1 0
2024_2_ThereWillBeName/internal/pkg/attractions/delivery/grpc/gen/attractions.pb.go:400.14,402.3 1 0
2024_2_ThereWillBeName/internal/pkg/attractions/delivery/grpc/gen/attractions.pb.go:403.2,403.10 1 0
2024_2_ThereWillBeName/internal/pkg/attractions/delivery/grpc/gen/attractions.pb.go:406.49,407.14 1 0
2024_2_ThereWillBeName/internal/pkg/attractions/delivery/grpc/gen/attractions.pb.go:407.14,409.3 1 0
2024_2_ThereWillBeName/internal/pkg/attractions/delivery/grpc/gen/attractions.pb.go:410.2,410.10 1 0
2024_2_ThereWillBeName/internal/pkg/attractions/delivery/grpc/gen/attractions.pb.go:421.40,426.2 4 0
2024_2_ThereWillBeName/internal/pkg/attractions/delivery/grpc/gen/attractions.pb.go:428.48,430.2 1 0
2024_2_ThereWillBeName/internal/pkg/attractions/delivery/grpc/gen/attractions.pb.go:432.46,432.47 0 0
2024_2_ThereWillBeName/internal/pkg/attractions/delivery/grpc/gen/attractions.pb.go:434.68,436.14 2 0
2024_2_ThereWillBeName/internal/pkg/attractions/delivery/grpc/gen/attractions.pb.go:436.14,438.34 2 0
2024_2_ThereWillBeName/internal/pkg/attractions/delivery/grpc/gen/attractions.pb.go:438.34,440.4 1 0
2024_2_ThereWillBeName/internal/pkg/attractions/delivery/grpc/gen/attractions.pb.go:441.3,441.12 1 0
2024_2_ThereWillBeName/internal/pkg/attractions/delivery/grpc/gen/attractions.pb.go:443.2,443.24 1 0
2024_2_ThereWillBeName/internal/pkg/attractions/delivery/grpc/gen/attractions.pb.go:447.59,449.2 1 0
2024_2_ThereWillBeName/internal/pkg/attractions/delivery/grpc/gen/attractions.pb.go:451.53,452.14 1 0
2024_2_ThereWillBeName/internal/pkg/attractions/delivery/grpc/gen/attractions.pb.go:452.14,454.3 1 0
2024_2_ThereWillBeName/internal/pkg/attractions/delivery/grpc/gen/attractions.pb.go:455.2,455.12 1 0
2024_2_ThereWillBeName/internal/pkg/attractions/delivery/grpc/gen/attractions.pb.go:468.46,473.2 4 0
2024_2_ThereWillBeName/internal/pkg/attractions/delivery/grpc/gen/attractions.pb.go:475.54,477.2 1 0
2024_2_ThereWillBeName/internal/pkg/attractions/delivery/grpc/gen/attractions.pb.go:479.52,479.53 0 0
2024_2_ThereWillBeName/internal/pkg/attractions/delivery/grpc/gen/attractions.pb.go:481.74,483.14 2 0
2024_2_ThereWillBeName/internal/pkg/attractions/delivery/grpc/gen/attractions.pb.go:483.14,485.34 2 0
2024_2_ThereWillBeName/internal/pkg/attractions/delivery/grpc/gen/attractions.pb.go:485.34,487.4 1 0
2024_2_ThereWillBeName/internal/pkg/attractions/delivery/grpc/gen/attractions.pb.go:488.3,488.12 1 0
2024_2_ThereWillBeName/internal/pkg/attractions/delivery/grpc/gen/attractions.pb.go:490.2,490.24 1 0
2024_2_ThereWillBeName/internal/pkg/attractions/delivery/grpc/gen/attractions.pb.go:494.65,496.2 1 0
2024_2_ThereWillBeName/internal/pkg/attractions/delivery/grpc/gen/attractions.pb.go:498.59,499.14 1 0
2024_2_ThereWillBeName/internal/pkg/attractions/delivery/grpc/gen/attractions.pb.go:499.14,501.3 1 0
2024_2_ThereWillBeName/internal/pkg/attractions/delivery/grpc/gen/attractions.pb.go:502.2,502.11 1 0
2024_2_ThereWillBeName/internal/pkg/attractions/delivery/grpc/gen/attractions.pb.go:505.55,506.14 1 0
2024_2_ThereWillBeName/internal/pkg/attractions/delivery/grpc/gen/attractions.pb.go:506.14,508.3 1 0
2024_2_ThereWillBeName/internal/pkg/attractions/delivery/grpc/gen/attractions.pb.go:509.2,509.10 1 0
2024_2_ThereWillBeName/internal/pkg/attractions/delivery/grpc/gen/attractions.pb.go:512.56,513.14 1 0
2024_2_ThereWillBeName/internal/pkg/attractions/delivery/grpc/gen/attractions.pb.go:513.14,515.3 1 0
2024_2_ThereWillBeName/internal/pkg/attractions/delivery/grpc/gen/attractions.pb.go:516.2,516.10 1 0
2024_2_ThereWillBeName/internal/pkg/attractions/delivery/grpc/gen/attractions.pb.go:527.47,532.2 4 0
2024_2_ThereWillBeName/internal/pkg/attractions/delivery/grpc/gen/attractions.pb.go:534.55,536.2 1 0
2024_2_ThereWillBeName/internal/pkg/attractions/delivery/grpc/gen/attractions.pb.go:538.53,538.54 0 0
2024_2_ThereWillBeName/internal/pkg/attractions/delivery/grpc/gen/attractions.pb.go:540.75,542.14 2 0
2024_2_ThereWillBeName/internal/pkg/attractions/delivery/grpc/gen/attractions.pb.go:542.14,544.34 2 0
2024_2_ThereWillBeName/internal/pkg/attractions/delivery/grpc/gen/attractions.pb.go:544.34,546.4 1 0
2024_2_ThereWillBeName/internal/pkg/attractions/delivery/grpc/gen/attractions.pb.go:547.3,547.12 1 0
2024_2_ThereWillBeName/internal/pkg/attractions/delivery/grpc/gen/attractions.pb.go:549.2,549.24 1 0
2024_2_ThereWillBeName/internal/pkg/attractions/delivery/grpc/gen/attractions.pb.go:553.66,555.2 1 0
2024_2_ThereWillBeName/internal/pkg/attractions/delivery/grpc/gen/attractions.pb.go:557.60,558.14 1 0
2024_2_ThereWillBeName/internal/pkg/attractions/delivery/grpc/gen/attractions.pb.go:558.14,560.3 1 0
2024_2_ThereWillBeName/internal/pkg/attractions/delivery/grpc/gen/attractions.pb.go:561.2,561.12 1 0
2024_2_ThereWillBeName/internal/pkg/attractions/delivery/grpc/gen/attractions.pb.go:660.95,661.92 1 0
2024_2_ThereWillBeName/internal/pkg/attractions/delivery/grpc/gen/attractions.pb.go:661.92,663.3 1 0
2024_2_ThereWillBeName/internal/pkg/attractions/delivery/grpc/gen/attractions.pb.go:664.2,664.88 1 0
2024_2_ThereWillBeName/internal/pkg/attractions/delivery/grpc/gen/attractions.pb.go:699.13,699.91 1 1
2024_2_ThereWillBeName/internal/pkg/attractions/delivery/grpc/gen/attractions.pb.go:700.81,701.80 1 1
2024_2_ThereWillBeName/internal/pkg/attractions/delivery/grpc/gen/attractions.pb.go:701.80,703.3 1 0
2024_2_ThereWillBeName/internal/pkg/attractions/delivery/grpc/gen/attractions.pb.go:704.2,721.83 6 1
2024_2_ThereWillBeName/internal/pkg/attractions/delivery/grpc/gen/attractions_grpc.pb.go:45.74,47.2 1 0
2024_2_ThereWillBeName/internal/pkg/attractions/delivery/grpc/gen/attractions_grpc.pb.go:49.135,53.16 4 0
2024_2_ThereWillBeName/internal/pkg/attractions/delivery/grpc/gen/attractions_grpc.pb.go:53.16,55.3 1 0
2024_2_ThereWillBeName/internal/pkg/attractions/delivery/grpc/gen/attractions_grpc.pb.go:56.2,56.17 1 0
2024_2_ThereWillBeName/internal/pkg/attractions/delivery/grpc/gen/attractions_grpc.pb.go:59.132,63.16 4 0
2024_2_ThereWillBeName/internal/pkg/attractions/delivery/grpc/gen/attractions_grpc.pb.go:63.16,65.3 1 0
2024_2_ThereWillBeName/internal/pkg/attractions/delivery/grpc/gen/attractions_grpc.pb.go:66.2,66.17 1 0
2024_2_ThereWillBeName/internal/pkg/attractions/delivery/grpc/gen/attractions_grpc.pb.go:69.144,73.16 4 0
2024_2_ThereWillBeName/internal/pkg/attractions/delivery/grpc/gen/attractions_grpc.pb.go:73.16,75.3 1 0
2024_2_ThereWillBeName/internal/pkg/attractions/delivery/grpc/gen/attractions_grpc.pb.go:76.2,76.17 1 0
2024_2_ThereWillBeName/internal/pkg/attractions/delivery/grpc/gen/attractions_grpc.pb.go:79.165,83.16 4 0
2024_2_ThereWillBeName/internal/pkg/attractions/delivery/grpc/gen/attractions_grpc.pb.go:83.16,85.3 1 0
2024_2_ThereWillBeName/internal/pkg/attractions/delivery/grpc/gen/attractions_grpc.pb.go:86.2,86.17 1 0
2024_2_ThereWillBeName/internal/pkg/attractions/delivery/grpc/gen/attractions_grpc.pb.go:110.113,112.2 1 0
2024_2_ThereWillBeName/internal/pkg/attractions/delivery/grpc/gen/attractions_grpc.pb.go:113.110,115.2 1 0
2024_2_ThereWillBeName/internal/pkg/attractions/delivery/grpc/gen/attractions_grpc.pb.go:116.122,118.2 1 0
2024_2_ThereWillBeName/internal/pkg/attractions/delivery/grpc/gen/attractions_grpc.pb.go:119.143,121.2 1 0
2024_2_ThereWillBeName/internal/pkg/attractions/delivery/grpc/gen/attractions_grpc.pb.go:122.82,122.83 0 0
2024_2_ThereWillBeName/internal/pkg/attractions/delivery/grpc/gen/attractions_grpc.pb.go:123.82,123.83 0 0
2024_2_ThereWillBeName/internal/pkg/attractions/delivery/grpc/gen/attractions_grpc.pb.go:132.80,137.59 1 0
2024_2_ThereWillBeName/internal/pkg/attractions/delivery/grpc/gen/attractions_grpc.pb.go:137.59,139.3 1 0
2024_2_ThereWillBeName/internal/pkg/attractions/delivery/grpc/gen/attractions_grpc.pb.go:140.2,140.50 1 0
2024_2_ThereWillBeName/internal/pkg/attractions/delivery/grpc/gen/attractions_grpc.pb.go:143.166,145.32 2 0
2024_2_ThereWillBeName/internal/pkg/attractions/delivery/grpc/gen/attractions_grpc.pb.go:145.32,147.3 1 0
2024_2_ThereWillBeName/internal/pkg/attractions/delivery/grpc/gen/attractions_grpc.pb.go:148.2,148.24 1 0
2024_2_ThereWillBeName/internal/pkg/attractions/delivery/grpc/gen/attractions_grpc.pb.go:148.24,150.3 1 0
2024_2_ThereWillBeName/internal/pkg/attractions/delivery/grpc/gen/attractions_grpc.pb.go:151.2,155.77 2 0
2024_2_ThereWillBeName/internal/pkg/attractions/delivery/grpc/gen/attractions_grpc.pb.go:155.77,157.3 1 0
2024_2_ThereWillBeName/internal/pkg/attractions/delivery/grpc/gen/attractions_grpc.pb.go:158.2,158.44 1 0
2024_2_ThereWillBeName/internal/pkg/attractions/delivery/grpc/gen/attractions_grpc.pb.go:161.165,163.32 2 0
2024_2_ThereWillBeName/internal/pkg/attractions/delivery/grpc/gen/attractions_grpc.pb.go:163.32,165.3 1 0
2024_2_ThereWillBeName/internal/pkg/attractions/delivery/grpc/gen/attractions_grpc.pb.go:166.2,166.24 1 0
2024_2_ThereWillBeName/internal/pkg/attractions/delivery/grpc/gen/attractions_grpc.pb.go:166.24,168.3 1 0
2024_2_ThereWillBeName/internal/pkg/attractions/delivery/grpc/gen/attractions_grpc.pb.go:169.2,173.77 2 0
2024_2_ThereWillBeName/internal/pkg/attractions/delivery/grpc/gen/attractions_grpc.pb.go:173.77,175.3 1 0
2024_2_ThereWillBeName/internal/pkg/attractions/delivery/grpc/gen/attractions_grpc.pb.go:176.2,176.44 1 0
2024_2_ThereWillBeName/internal/pkg/attractions/delivery/grpc/gen/attractions_grpc.pb.go:179.169,181.32 2 0
2024_2_ThereWillBeName/internal/pkg/attractions/delivery/grpc/gen/attractions_grpc.pb.go:181.32,183.3 1 0
2024_2_ThereWillBeName/internal/pkg/attractions/delivery/grpc/gen/attractions_grpc.pb.go:184.2,184.24 1 0
2024_2_ThereWillBeName/internal/pkg/attractions/delivery/grpc/gen/attractions_grpc.pb.go:184.24,186.3 1 0
2024_2_ThereWillBeName/internal/pkg/attractions/delivery/grpc/gen/attractions_grpc.pb.go:187.2,191.77 2 0
2024_2_ThereWillBeName/internal/pkg/attractions/delivery/grpc/gen/attractions_grpc.pb.go:191.77,193.3 1 0
2024_2_ThereWillBeName/internal/pkg/attractions/delivery/grpc/gen/attractions_grpc.pb.go:194.2,194.44 1 0
2024_2_ThereWillBeName/internal/pkg/attractions/delivery/grpc/gen/attractions_grpc.pb.go:197.176,199.32 2 0
2024_2_ThereWillBeName/internal/pkg/attractions/delivery/grpc/gen/attractions_grpc.pb.go:199.32,201.3 1 0
2024_2_ThereWillBeName/internal/pkg/attractions/delivery/grpc/gen/attractions_grpc.pb.go:202.2,202.24 1 0
2024_2_ThereWillBeName/internal/pkg/attractions/delivery/grpc/gen/attractions_grpc.pb.go:202.24,204.3 1 0
2024_2_ThereWillBeName/internal/pkg/attractions/delivery/grpc/gen/attractions_grpc.pb.go:205.2,209.77 2 0
2024_2_ThereWillBeName/internal/pkg/attractions/delivery/grpc/gen/attractions_grpc.pb.go:209.77,211.3 1 0
2024_2_ThereWillBeName/internal/pkg/attractions/delivery/grpc/gen/attractions_grpc.pb.go:212.2,212.44 1 0
2024_2_ThereWillBeName/internal/pkg/attractions/delivery/http/handler.go:22.89,24.2 1 0
2024_2_ThereWillBeName/internal/pkg/attractions/delivery/http/handler.go:34.82,39.16 4 0
2024_2_ThereWillBeName/internal/pkg/attractions/delivery/http/handler.go:39.16,43.3 3 0
2024_2_ThereWillBeName/internal/pkg/attractions/delivery/http/handler.go:44.2,45.16 2 0
2024_2_ThereWillBeName/internal/pkg/attractions/delivery/http/handler.go:45.16,49.3 3 0
2024_2_ThereWillBeName/internal/pkg/attractions/delivery/http/handler.go:50.2,51.16 2 0
2024_2_ThereWillBeName/internal/pkg/attractions/delivery/http/handler.go:51.16,58.3 3 0
2024_2_ThereWillBeName/internal/pkg/attractions/delivery/http/handler.go:60.2,62.74 2 0
2024_2_ThereWillBeName/internal/pkg/attractions/delivery/http/handler.go:217.81,224.16 5 0
2024_2_ThereWillBeName/internal/pkg/attractions/delivery/http/handler.go:224.16,228.3 3 0
2024_2_ThereWillBeName/internal/pkg/attractions/delivery/http/handler.go:229.2,230.16 2 0
2024_2_ThereWillBeName/internal/pkg/attractions/delivery/http/handler.go:230.16,231.41 1 0
2024_2_ThereWillBeName/internal/pkg/attractions/delivery/http/handler.go:231.41,238.4 4 0
2024_2_ThereWillBeName/internal/pkg/attractions/delivery/http/handler.go:239.3,241.9 3 0
2024_2_ThereWillBeName/internal/pkg/attractions/delivery/http/handler.go:243.2,245.61 2 0
2024_2_ThereWillBeName/internal/pkg/attractions/delivery/http/handler.go:257.85,266.16 7 0
2024_2_ThereWillBeName/internal/pkg/attractions/delivery/http/handler.go:266.16,270.3 3 0
2024_2_ThereWillBeName/internal/pkg/attractions/delivery/http/handler.go:271.2,272.16 2 0
2024_2_ThereWillBeName/internal/pkg/attractions/delivery/http/handler.go:272.16,276.3 3 0
2024_2_ThereWillBeName/internal/pkg/attractions/delivery/http/handler.go:278.2,282.19 4 0
2024_2_ThereWillBeName/internal/pkg/attractions/delivery/http/handler.go:282.19,284.17 2 0
2024_2_ThereWillBeName/internal/pkg/attractions/delivery/http/handler.go:284.17,290.4 3 0
2024_2_ThereWillBeName/internal/pkg/attractions/delivery/http/handler.go:293.2,293.23 1 0
2024_2_ThereWillBeName/internal/pkg/attractions/delivery/http/handler.go:293.23,295.17 2 0
2024_2_ThereWillBeName/internal/pkg/attractions/delivery/http/handler.go:295.17,301.4 3 0
2024_2_ThereWillBeName/internal/pkg/attractions/delivery/http/handler.go:304.2,305.16 2 0
2024_2_ThereWillBeName/internal/pkg/attractions/delivery/http/handler.go:305.16,309.3 3 0
2024_2_ThereWillBeName/internal/pkg/attractions/delivery/http/handler.go:310.2,312.75 2 0
2024_2_ThereWillBeName/internal/pkg/attractions/delivery/http/handler.go:315.92,322.16 5 0
2024_2_ThereWillBeName/internal/pkg/attractions/delivery/http/handler.go:322.16,326.3 3 0
2024_2_ThereWillBeName/internal/pkg/attractions/delivery/http/handler.go:327.2,328.16 2 0
2024_2_ThereWillBeName/internal/pkg/attractions/delivery/http/handler.go:328.16,332.3 3 0
2024_2_ThereWillBeName/internal/pkg/attractions/delivery/http/handler.go:334.2,335.16 2 0
2024_2_ThereWillBeName/internal/pkg/attractions/delivery/http/handler.go:335.16,343.3 3 0
2024_2_ThereWillBeName/internal/pkg/attractions/delivery/http/handler.go:344.2,344.74 1 0
2024_2_ThereWillBeName/internal/pkg/httpresponses/responses.go:13.97,16.17 2 0
2024_2_ThereWillBeName/internal/pkg/httpresponses/responses.go:16.17,18.3 1 0
2024_2_ThereWillBeName/internal/pkg/httpresponses/responses.go:20.2,21.56 2 0
2024_2_ThereWillBeName/internal/pkg/httpresponses/responses.go:21.56,25.3 2 0
2024_2_ThereWillBeName/internal/pkg/logger/logger.go:27.74,28.58 1 0
2024_2_ThereWillBeName/internal/pkg/logger/logger.go:28.58,29.27 1 0
2024_2_ThereWillBeName/internal/pkg/logger/logger.go:29.27,31.4 1 0
2024_2_ThereWillBeName/internal/pkg/logger/logger.go:34.2,36.17 2 0
2024_2_ThereWillBeName/internal/pkg/logger/logger.go:37.23,38.37 1 0
2024_2_ThereWillBeName/internal/pkg/logger/logger.go:39.22,40.34 1 0
2024_2_ThereWillBeName/internal/pkg/logger/logger.go:41.22,42.36 1 0
2024_2_ThereWillBeName/internal/pkg/logger/logger.go:43.23,44.33 1 0
2024_2_ThereWillBeName/internal/pkg/logger/logger.go:47.2,48.33 2 0
2024_2_ThereWillBeName/internal/pkg/logger/logger.go:48.33,52.3 2 0
2024_2_ThereWillBeName/internal/pkg/logger/logger.go:61.2,62.16 2 0
2024_2_ThereWillBeName/internal/pkg/logger/logger.go:62.16,64.3 1 0
2024_2_ThereWillBeName/internal/pkg/logger/logger.go:65.2,71.12 4 0
2024_2_ThereWillBeName/internal/pkg/logger/logger.go:74.80,81.2 2 0
2024_2_ThereWillBeName/internal/pkg/logger/logger.go:83.72,84.19 1 0
2024_2_ThereWillBeName/internal/pkg/logger/logger.go:84.19,86.3 1 0
2024_2_ThereWillBeName/internal/pkg/logger/logger.go:88.2,88.57 1 0
2024_2_ThereWillBeName/internal/pkg/logger/logger.go:88.57,91.3 2 0
2024_2_ThereWillBeName/internal/pkg/logger/logger.go:93.2,95.49 3 0
2024_2_ThereWillBeName/internal/pkg/logger/logger.go:98.79,103.2 4 0
2024_2_ThereWillBeName/internal/validator/validator.go:11.23,13.2 1 0
2024_2_ThereWillBeName/internal/validator/validator.go:15.34,17.2 1 0
2024_2_ThereWillBeName/internal/validator/validator.go:19.51,20.41 1 0
2024_2_ThereWillBeName/internal/validator/validator.go:20.41,22.3 1 0
2024_2_ThereWillBeName/internal/validator/validator.go:25.57,26.9 1 0
2024_2_ThereWillBeName/internal/validator/validator.go:26.9,28.3 1 0
2024_2_ThereWillBeName/internal/validator/validator.go:31.67,33.2 1 0
2024_2_ThereWillBeName/internal/pkg/categories/delivery/grpc/grpc_server.go:16.87,18.2 1 0
2024_2_ThereWillBeName/internal/pkg/categories/delivery/grpc/grpc_server.go:20.135,22.16 2 0
2024_2_ThereWillBeName/internal/pkg/categories/delivery/grpc/grpc_server.go:22.16,24.3 1 0
2024_2_ThereWillBeName/internal/pkg/categories/delivery/grpc/grpc_server.go:26.2,27.38 2 0
2024_2_ThereWillBeName/internal/pkg/categories/delivery/grpc/grpc_server.go:27.38,32.3 1 0
2024_2_ThereWillBeName/internal/pkg/categories/delivery/grpc/grpc_server.go:33.2,33.72 1 0
2024_2_ThereWillBeName/internal/pkg/categories/delivery/grpc/gen/categories.pb.go:32.28,37.2 4 0
2024_2_ThereWillBeName/internal/pkg/categories/delivery/grpc/gen/categories.pb.go:39.36,41.2 1 0
2024_2_ThereWillBeName/internal/pkg/categories/delivery/grpc/gen/categories.pb.go:43.34,43.35 0 0
2024_2_ThereWillBeName/internal/pkg/categories/delivery/grpc/gen/categories.pb.go:45.56,47.14 2 0
2024_2_ThereWillBeName/internal/pkg/categories/delivery/grpc/gen/categories.pb.go:47.14,49.34 2 0
2024_2_ThereWillBeName/internal/pkg/categories/delivery/grpc/gen/categories.pb.go:49.34,51.4 1 0
2024_2_ThereWillBeName/internal/pkg/categories/delivery/grpc/gen/categories.pb.go:52.3,52.12 1 0
2024_2_ThereWillBeName/internal/pkg/categories/delivery/grpc/gen/categories.pb.go:54.2,54.24 1 0
2024_2_ThereWillBeName/internal/pkg/categories/delivery/grpc/gen/categories.pb.go:58.47,60.2 1 0
2024_2_ThereWillBeName/internal/pkg/categories/delivery/grpc/gen/categories.pb.go:62.35,63.14 1 0
2024_2_ThereWillBeName/internal/pkg/categories/delivery/grpc/gen/categories.pb.go:63.14,65.3 1 0
2024_2_ThereWillBeName/internal/pkg/categories/delivery/grpc/gen/categories.pb.go:66.2,66.10 1 0
2024_2_ThereWillBeName/internal/pkg/categories/delivery/grpc/gen/categories.pb.go:69.37,70.14 1 0
2024_2_ThereWillBeName/internal/pkg/categories/delivery/grpc/gen/categories.pb.go:70.14,72.3 1 0
2024_2_ThereWillBeName/internal/pkg/categories/delivery/grpc/gen/categories.pb.go:73.2,73.11 1 0
2024_2_ThereWillBeName/internal/pkg/categories/delivery/grpc/gen/categories.pb.go:85.40,90.2 4 0
2024_2_ThereWillBeName/internal/pkg/categories/delivery/grpc/gen/categories.pb.go:92.48,94.2 1 0
2024_2_ThereWillBeName/internal/pkg/categories/delivery/grpc/gen/categories.pb.go:96.46,96.47 0 0
2024_2_ThereWillBeName/internal/pkg/categories/delivery/grpc/gen/categories.pb.go:98.68,100.14 2 0
2024_2_ThereWillBeName/internal/pkg/categories/delivery/grpc/gen/categories.pb.go:100.14,102.34 2 0
2024_2_ThereWillBeName/internal/pkg/categories/delivery/grpc/gen/categories.pb.go:102.34,104.4 1 0
2024_2_ThereWillBeName/internal/pkg/categories/delivery/grpc/gen/categories.pb.go:105.3,105.12 1 0
2024_2_ThereWillBeName/internal/pkg/categories/delivery/grpc/gen/categories.pb.go:107.2,107.24 1 0
2024_2_ThereWillBeName/internal/pkg/categories/delivery/grpc/gen/categories.pb.go:111.59,113.2 1 0
2024_2_ThereWillBeName/internal/pkg/categories/delivery/grpc/gen/categories.pb.go:115.49,116.14 1 0
2024_2_ThereWillBeName/internal/pkg/categories/delivery/grpc/gen/categories.pb.go:116.14,118.3 1 0
2024_2_ThereWillBeName/internal/pkg/categories/delivery/grpc/gen/categories.pb.go:119.2,119.10 1 0
2024_2_ThereWillBeName/internal/pkg/categories/delivery/grpc/gen/categories.pb.go:122.50,123.14 1 0
2024_2_ThereWillBeName/internal/pkg/categories/delivery/grpc/gen/categories.pb.go:123.14,125.3 1 0
2024_2_ThereWillBeName/internal/pkg/categories/delivery/grpc/gen/categories.pb.go:126.2,126.10 1 0
2024_2_ThereWillBeName/internal/pkg/categories/delivery/grpc/gen/categories.pb.go:137.41,142.2 4 0
2024_2_ThereWillBeName/internal/pkg/categories/delivery/grpc/gen/categories.pb.go:144.49,146.2 1 0
2024_2_ThereWillBeName/internal/pkg/categories/delivery/grpc/gen/categories.pb.go:148.47,148.48 0 0
2024_2_ThereWillBeName/internal/pkg/categories/delivery/grpc/gen/categories.pb.go:150.69,152.14 2 0
2024_2_ThereWillBeName/internal/pkg/categories/delivery/grpc/gen/categories.pb.go:152.14,154.34 2 0
2024_2_ThereWillBeName/internal/pkg/categories/delivery/grpc/gen/categories.pb.go:154.34,156.4 1 0
2024_2_ThereWillBeName/internal/pkg/categories/delivery/grpc/gen/categories.pb.go:157.3,157.12 1 0
2024_2_ThereWillBeName/internal/pkg/categories/delivery/grpc/gen/categories.pb.go:159.2,159.24 1 0
2024_2_ThereWillBeName/internal/pkg/categories/delivery/grpc/gen/categories.pb.go:163.60,165.2 1 0
2024_2_ThereWillBeName/internal/pkg/categories/delivery/grpc/gen/categories.pb.go:167.61,168.14 1 0
2024_2_ThereWillBeName/internal/pkg/categories/delivery/grpc/gen/categories.pb.go:168.14,170.3 1 0
2024_2_ThereWillBeName/internal/pkg/categories/delivery/grpc/gen/categories.pb.go:171.2,171.12 1 0
2024_2_ThereWillBeName/internal/pkg/categories/delivery/grpc/gen/categories.pb.go:206.55,207.52 1 0
2024_2_ThereWillBeName/internal/pkg/categories/delivery/grpc/gen/categories.pb.go:207.52,209.3 1 0
2024_2_ThereWillBeName/internal/pkg/categories/delivery/grpc/gen/categories.pb.go:210.2,210.48 1 0
2024_2_ThereWillBeName/internal/pkg/categories/delivery/grpc/gen/categories.pb.go:230.13,230.51 1 0
2024_2_ThereWillBeName/internal/pkg/categories/delivery/grpc/gen/categories.pb.go:231.41,232.40 1 0
2024_2_ThereWillBeName/internal/pkg/categories/delivery/grpc/gen/categories.pb.go:232.40,234.3 1 0
2024_2_ThereWillBeName/internal/pkg/categories/delivery/grpc/gen/categories.pb.go:235.2,252.43 6 0
2024_2_ThereWillBeName/internal/pkg/categories/delivery/grpc/gen/categories_grpc.pb.go:36.72,38.2 1 0
2024_2_ThereWillBeName/internal/pkg/categories/delivery/grpc/gen/categories_grpc.pb.go:40.146,44.16 4 0
2024_2_ThereWillBeName/internal/pkg/categories/delivery/grpc/gen/categories_grpc.pb.go:44.16,46.3 1 0
2024_2_ThereWillBeName/internal/pkg/categories/delivery/grpc/gen/categories_grpc.pb.go:47.2,47.17 1 0
2024_2_ThereWillBeName/internal/pkg/categories/delivery/grpc/gen/categories_grpc.pb.go:65.124,67.2 1 0
2024_2_ThereWillBeName/internal/pkg/categories/delivery/grpc/gen/categories_grpc.pb.go:68.80,68.81 0 0
2024_2_ThereWillBeName/internal/pkg/categories/delivery/grpc/gen/categories_grpc.pb.go:69.80,69.81 0 0
2024_2_ThereWillBeName/internal/pkg/categories/delivery/grpc/gen/categories_grpc.pb.go:78.78,83.59 1 0
2024_2_ThereWillBeName/internal/pkg/categories/delivery/grpc/gen/categories_grpc.pb.go:83.59,85.3 1 0
2024_2_ThereWillBeName/internal/pkg/categories/delivery/grpc/gen/categories_grpc.pb.go:86.2,86.49 1 0
2024_2_ThereWillBeName/internal/pkg/categories/delivery/grpc/gen/categories_grpc.pb.go:89.169,91.32 2 0
2024_2_ThereWillBeName/internal/pkg/categories/delivery/grpc/gen/categories_grpc.pb.go:91.32,93.3 1 0
2024_2_ThereWillBeName/internal/pkg/categories/delivery/grpc/gen/categories_grpc.pb.go:94.2,94.24 1 0
2024_2_ThereWillBeName/internal/pkg/categories/delivery/grpc/gen/categories_grpc.pb.go:94.24,96.3 1 0
2024_2_ThereWillBeName/internal/pkg/categories/delivery/grpc/gen/categories_grpc.pb.go:97.2,101.77 2 0
2024_2_ThereWillBeName/internal/pkg/categories/delivery/grpc/gen/categories_grpc.pb.go:101.77,103.3 1 0
2024_2_ThereWillBeName/internal/pkg/categories/delivery/grpc/gen/categories_grpc.pb.go:104.2,104.44 1 0
2024_2_ThereWillBeName/internal/pkg/categories/mocks/mock.go:27.79,31.2 3 0
2024_2_ThereWillBeName/internal/pkg/categories/mocks/mock.go:34.77,36.2 1 0
2024_2_ThereWillBeName/internal/pkg/categories/mocks/mock.go:39.114,45.2 5 0
2024_2_ThereWillBeName/internal/pkg/categories/mocks/mock.go:48.105,51.2 2 0
2024_2_ThereWillBeName/internal/pkg/categories/mocks/mock.go:65.85,69.2 3 0
2024_2_ThereWillBeName/internal/pkg/categories/mocks/mock.go:72.83,74.2 1 0
2024_2_ThereWillBeName/internal/pkg/categories/mocks/mock.go:77.117,83.2 5 0
2024_2_ThereWillBeName/internal/pkg/categories/mocks/mock.go:86.108,89.2 2 0
2024_2_ThereWillBeName/internal/pkg/dblogger/dblogger.go:15.49,20.2 1 0
2024_2_ThereWillBeName/internal/pkg/dblogger/dblogger.go:22.102,35.2 5 0
2024_2_ThereWillBeName/internal/pkg/dblogger/dblogger.go:37.102,50.2 5 0
2024_2_ThereWillBeName/internal/pkg/dblogger/dblogger.go:52.95,64.2 5 0
2024_2_ThereWillBeName/internal/pkg/dblogger/dblogger.go:66.83,78.2 5 0
2024_2_ThereWillBeName/internal/pkg/dblogger/dblogger.go:80.28,82.2 1 0
2024_2_ThereWillBeName/internal/pkg/dblogger/dblogger.go:84.36,85.16 1 0
2024_2_ThereWillBeName/internal/pkg/dblogger/dblogger.go:85.16,87.3 1 0
2024_2_ThereWillBeName/internal/pkg/dblogger/dblogger.go:88.2,88.14 1 0
2024_2_ThereWillBeName/internal/pkg/cities/delivery/http/handler.go:23.84,25.2 1 0
2024_2_ThereWillBeName/internal/pkg/cities/delivery/http/handler.go:27.119,28.40 1 0
2024_2_ThereWillBeName/internal/pkg/cities/delivery/http/handler.go:28.40,36.3 4 0
2024_2_ThereWillBeName/internal/pkg/cities/delivery/http/handler.go:37.2,43.49 4 0
2024_2_ThereWillBeName/internal/pkg/cities/delivery/http/handler.go:57.91,63.17 4 0
2024_2_ThereWillBeName/internal/pkg/cities/delivery/http/handler.go:63.17,70.3 4 0
2024_2_ThereWillBeName/internal/pkg/cities/delivery/http/handler.go:72.2,73.16 2 0
2024_2_ThereWillBeName/internal/pkg/cities/delivery/http/handler.go:73.16,78.3 4 0
2024_2_ThereWillBeName/internal/pkg/cities/delivery/http/handler.go:80.2,81.74 2 0
2024_2_ThereWillBeName/internal/pkg/cities/delivery/http/handler.go:96.87,103.21 5 0
2024_2_ThereWillBeName/internal/pkg/cities/delivery/http/handler.go:103.21,111.3 4 0
2024_2_ThereWillBeName/internal/pkg/cities/delivery/http/handler.go:113.2,114.16 2 0
2024_2_ThereWillBeName/internal/pkg/cities/delivery/http/handler.go:114.16,121.3 4 0
2024_2_ThereWillBeName/internal/pkg/cities/delivery/http/handler.go:123.2,124.16 2 0
2024_2_ThereWillBeName/internal/pkg/cities/delivery/http/handler.go:124.16,129.3 4 0
2024_2_ThereWillBeName/internal/pkg/cities/delivery/http/handler.go:131.2,133.70 2 0
2024_2_ThereWillBeName/internal/pkg/cities/repo/cities_repository.go:17.61,19.2 1 0
2024_2_ThereWillBeName/internal/pkg/cities/repo/cities_repository.go:21.105,27.16 4 0
2024_2_ThereWillBeName/internal/pkg/cities/repo/cities_repository.go:27.16,29.3 1 0
2024_2_ThereWillBeName/internal/pkg/cities/repo/cities_repository.go:30.2,32.18 2 0
2024_2_ThereWillBeName/internal/pkg/cities/repo/cities_repository.go:32.18,35.17 3 0
2024_2_ThereWillBeName/internal/pkg/cities/repo/cities_repository.go:35.17,37.4 1 0
2024_2_ThereWillBeName/internal/pkg/cities/repo/cities_repository.go:38.3,38.32 1 0
2024_2_ThereWillBeName/internal/pkg/cities/repo/cities_repository.go:41.2,41.22 1 0
2024_2_ThereWillBeName/internal/pkg/cities/repo/cities_repository.go:41.22,43.3 1 0
2024_2_ThereWillBeName/internal/pkg/cities/repo/cities_repository.go:45.2,45.20 1 0
2024_2_ThereWillBeName/internal/pkg/cities/repo/cities_repository.go:48.94,53.16 4 0
2024_2_ThereWillBeName/internal/pkg/cities/repo/cities_repository.go:53.16,54.36 1 0
2024_2_ThereWillBeName/internal/pkg/cities/repo/cities_repository.go:54.36,56.4 1 0
2024_2_ThereWillBeName/internal/pkg/cities/repo/cities_repository.go:57.3,57.77 1 0
2024_2_ThereWillBeName/internal/pkg/cities/repo/cities_repository.go:60.2,60.18 1 0
2024_2_ThereWillBeName/internal/pkg/cities/delivery/grpc/gen/cities.pb.go:32.24,37.2 4 0
2024_2_ThereWillBeName/internal/pkg/cities/delivery/grpc/gen/cities.pb.go:39.32,41.2 1 0
2024_2_ThereWillBeName/internal/pkg/cities/delivery/grpc/gen/cities.pb.go:43.30,43.31 0 0
2024_2_ThereWillBeName/internal/pkg/cities/delivery/grpc/gen/cities.pb.go:45.52,47.14 2 0
2024_2_ThereWillBeName/internal/pkg/cities/delivery/grpc/gen/cities.pb.go:47.14,49.34 2 0
2024_2_ThereWillBeName/internal/pkg/cities/delivery/grpc/gen/cities.pb.go:49.34,51.4 1 0
2024_2_ThereWillBeName/internal/pkg/cities/delivery/grpc/gen/cities.pb.go:52.3,52.12 1 0
2024_2_ThereWillBeName/internal/pkg/cities/delivery/grpc/gen/cities.pb.go:54.2,54.24 1 0
2024_2_ThereWillBeName/internal/pkg/cities/delivery/grpc/gen/cities.pb.go:58.43,60.2 1 0
2024_2_ThereWillBeName/internal/pkg/cities/delivery/grpc/gen/cities.pb.go:62.31,63.14 1 0
2024_2_ThereWillBeName/internal/pkg/cities/delivery/grpc/gen/cities.pb.go:63.14,65.3 1 0
2024_2_ThereWillBeName/internal/pkg/cities/delivery/grpc/gen/cities.pb.go:66.2,66.10 1 0
2024_2_ThereWillBeName/internal/pkg/cities/delivery/grpc/gen/cities.pb.go:69.33,70.14 1 0
2024_2_ThereWillBeName/internal/pkg/cities/delivery/grpc/gen/cities.pb.go:70.14,72.3 1 0
2024_2_ThereWillBeName/internal/pkg/cities/delivery/grpc/gen/cities.pb.go:73.2,73.11 1 0
2024_2_ThereWillBeName/internal/pkg/cities/delivery/grpc/gen/cities.pb.go:84.45,89.2 4 0
2024_2_ThereWillBeName/internal/pkg/cities/delivery/grpc/gen/cities.pb.go:91.53,93.2 1 0
2024_2_ThereWillBeName/internal/pkg/cities/delivery/grpc/gen/cities.pb.go:95.51,95.52 0 0
2024_2_ThereWillBeName/internal/pkg/cities/delivery/grpc/gen/cities.pb.go:97.73,99.14 2 0
2024_2_ThereWillBeName/internal/pkg/cities/delivery/grpc/gen/cities.pb.go:99.14,101.34 2 0
2024_2_ThereWillBeName/internal/pkg/cities/delivery/grpc/gen/cities.pb.go:101.34,103.4 1 0
2024_2_ThereWillBeName/internal/pkg/cities/delivery/grpc/gen/cities.pb.go:104.3,104.12 1 0
2024_2_ThereWillBeName/internal/pkg/cities/delivery/grpc/gen/cities.pb.go:106.2,106.24 1 0
2024_2_ThereWillBeName/internal/pkg/cities/delivery/grpc/gen/cities.pb.go:110.64,112.2 1 0
2024_2_ThereWillBeName/internal/pkg/cities/delivery/grpc/gen/cities.pb.go:114.55,115.14 1 0
2024_2_ThereWillBeName/internal/pkg/cities/delivery/grpc/gen/cities.pb.go:115.14,117.3 1 0
2024_2_ThereWillBeName/internal/pkg/cities/delivery/grpc/gen/cities.pb.go:118.2,118.11 1 0
2024_2_ThereWillBeName/internal/pkg/cities/delivery/grpc/gen/cities.pb.go:129.46,134.2 4 0
2024_2_ThereWillBeName/internal/pkg/cities/delivery/grpc/gen/cities.pb.go:136.54,138.2 1 0
2024_2_ThereWillBeName/internal/pkg/cities/delivery/grpc/gen/cities.pb.go:140.52,140.53 0 0
2024_2_ThereWillBeName/internal/pkg/cities/delivery/grpc/gen/cities.pb.go:142.74,144.14 2 0
2024_2_ThereWillBeName/internal/pkg/cities/delivery/grpc/gen/cities.pb.go:144.14,146.34 2 0
2024_2_ThereWillBeName/internal/pkg/cities/delivery/grpc/gen/cities.pb.go:146.34,148.4 1 0
2024_2_ThereWillBeName/internal/pkg/cities/delivery/grpc/gen/cities.pb.go:149.3,149.12 1 0
2024_2_ThereWillBeName/internal/pkg/cities/delivery/grpc/gen/cities.pb.go:151.2,151.24 1 0
2024_2_ThereWillBeName/internal/pkg/cities/delivery/grpc/gen/cities.pb.go:155.65,157.2 1 0
2024_2_ThereWillBeName/internal/pkg/cities/delivery/grpc/gen/cities.pb.go:159.58,160.14 1 0
2024_2_ThereWillBeName/internal/pkg/cities/delivery/grpc/gen/cities.pb.go:160.14,162.3 1 0
2024_2_ThereWillBeName/internal/pkg/cities/delivery/grpc/gen/cities.pb.go:163.2,163.12 1 0
2024_2_ThereWillBeName/internal/pkg/cities/delivery/grpc/gen/cities.pb.go:174.41,179.2 4 0
2024_2_ThereWillBeName/internal/pkg/cities/delivery/grpc/gen/cities.pb.go:181.49,183.2 1 0
2024_2_ThereWillBeName/internal/pkg/cities/delivery/grpc/gen/cities.pb.go:185.47,185.48 0 0
2024_2_ThereWillBeName/internal/pkg/cities/delivery/grpc/gen/cities.pb.go:187.69,189.14 2 0
2024_2_ThereWillBeName/internal/pkg/cities/delivery/grpc/gen/cities.pb.go:189.14,191.34 2 0
2024_2_ThereWillBeName/internal/pkg/cities/delivery/grpc/gen/cities.pb.go:191.34,193.4 1 0
2024_2_ThereWillBeName/internal/pkg/cities/delivery/grpc/gen/cities.pb.go:194.3,194.12 1 0
2024_2_ThereWillBeName/internal/pkg/cities/delivery/grpc/gen/cities.pb.go:196.2,196.24 1 0
2024_2_ThereWillBeName/internal/pkg/cities/delivery/grpc/gen/cities.pb.go:200.60,202.2 1 0
2024_2_ThereWillBeName/internal/pkg/cities/delivery/grpc/gen/cities.pb.go:204.48,205.14 1 0
2024_2_ThereWillBeName/internal/pkg/cities/delivery/grpc/gen/cities.pb.go:205.14,207.3 1 0
2024_2_ThereWillBeName/internal/pkg/cities/delivery/grpc/gen/cities.pb.go:208.2,208.10 1 0
2024_2_ThereWillBeName/internal/pkg/cities/delivery/grpc/gen/cities.pb.go:219.42,224.2 4 0
2024_2_ThereWillBeName/internal/pkg/cities/delivery/grpc/gen/cities.pb.go:226.50,228.2 1 0
2024_2_ThereWillBeName/internal/pkg/cities/delivery/grpc/gen/cities.pb.go:230.48,230.49 0 0
2024_2_ThereWillBeName/internal/pkg/cities/delivery/grpc/gen/cities.pb.go:232.70,234.14 2 0
2024_2_ThereWillBeName/internal/pkg/cities/delivery/grpc/gen/cities.pb.go:234.14,236.34 2 0
2024_2_ThereWillBeName/internal/pkg/cities/delivery/grpc/gen/cities.pb.go:236.34,238.4 1 0
2024_2_ThereWillBeName/internal/pkg/cities/delivery/grpc/gen/cities.pb.go:239.3,239.12 1 0
2024_2_ThereWillBeName/internal/pkg/cities/delivery/grpc/gen/cities.pb.go:241.2,241.24 1 0
2024_2_ThereWillBeName/internal/pkg/cities/delivery/grpc/gen/cities.pb.go:245.61,247.2 1 0
2024_2_ThereWillBeName/internal/pkg/cities/delivery/grpc/gen/cities.pb.go:249.50,250.14 1 0
2024_2_ThereWillBeName/internal/pkg/cities/delivery/grpc/gen/cities.pb.go:250.14,252.3 1 0
2024_2_ThereWillBeName/internal/pkg/cities/delivery/grpc/gen/cities.pb.go:253.2,253.12 1 0
2024_2_ThereWillBeName/internal/pkg/cities/delivery/grpc/gen/cities.pb.go:298.51,299.48 1 0
2024_2_ThereWillBeName/internal/pkg/cities/delivery/grpc/gen/cities.pb.go:299.48,301.3 1 0
2024_2_ThereWillBeName/internal/pkg/cities/delivery/grpc/gen/cities.pb.go:302.2,302.44 1 0
2024_2_ThereWillBeName/internal/pkg/cities/delivery/grpc/gen/cities.pb.go:327.13,327.47 1 0
2024_2_ThereWillBeName/internal/pkg/cities/delivery/grpc/gen/cities.pb.go:328.37,329.36 1 0
2024_2_ThereWillBeName/internal/pkg/cities/delivery/grpc/gen/cities.pb.go:329.36,331.3 1 0
2024_2_ThereWillBeName/internal/pkg/cities/delivery/grpc/gen/cities.pb.go:332.2,349.39 6 0
2024_2_ThereWillBeName/internal/pkg/cities/delivery/grpc/gen/cities_grpc.pb.go:38.64,40.2 1 0
2024_2_ThereWillBeName/internal/pkg/cities/delivery/grpc/gen/cities_grpc.pb.go:42.157,46.16 4 0
2024_2_ThereWillBeName/internal/pkg/cities/delivery/grpc/gen/cities_grpc.pb.go:46.16,48.3 1 0
2024_2_ThereWillBeName/internal/pkg/cities/delivery/grpc/gen/cities_grpc.pb.go:49.2,49.17 1 0
2024_2_ThereWillBeName/internal/pkg/cities/delivery/grpc/gen/cities_grpc.pb.go:52.145,56.16 4 0
2024_2_ThereWillBeName/internal/pkg/cities/delivery/grpc/gen/cities_grpc.pb.go:56.16,58.3 1 0
2024_2_ThereWillBeName/internal/pkg/cities/delivery/grpc/gen/cities_grpc.pb.go:59.2,59.17 1 0
2024_2_ThereWillBeName/internal/pkg/cities/delivery/grpc/gen/cities_grpc.pb.go:78.135,80.2 1 0
2024_2_ThereWillBeName/internal/pkg/cities/delivery/grpc/gen/cities_grpc.pb.go:81.123,83.2 1 0
2024_2_ThereWillBeName/internal/pkg/cities/delivery/grpc/gen/cities_grpc.pb.go:84.72,84.73 0 0
2024_2_ThereWillBeName/internal/pkg/cities/delivery/grpc/gen/cities_grpc.pb.go:85.72,85.73 0 0
2024_2_ThereWillBeName/internal/pkg/cities/delivery/grpc/gen/cities_grpc.pb.go:94.70,99.59 1 0
2024_2_ThereWillBeName/internal/pkg/cities/delivery/grpc/gen/cities_grpc.pb.go:99.59,101.3 1 0
2024_2_ThereWillBeName/internal/pkg/cities/delivery/grpc/gen/cities_grpc.pb.go:102.2,102.45 1 0
2024_2_ThereWillBeName/internal/pkg/cities/delivery/grpc/gen/cities_grpc.pb.go:105.170,107.32 2 0
2024_2_ThereWillBeName/internal/pkg/cities/delivery/grpc/gen/cities_grpc.pb.go:107.32,109.3 1 0
2024_2_ThereWillBeName/internal/pkg/cities/delivery/grpc/gen/cities_grpc.pb.go:110.2,110.24 1 0
2024_2_ThereWillBeName/internal/pkg/cities/delivery/grpc/gen/cities_grpc.pb.go:110.24,112.3 1 0
2024_2_ThereWillBeName/internal/pkg/cities/delivery/grpc/gen/cities_grpc.pb.go:113.2,117.77 2 0
2024_2_ThereWillBeName/internal/pkg/cities/delivery/grpc/gen/cities_grpc.pb.go:117.77,119.3 1 0
2024_2_ThereWillBeName/internal/pkg/cities/delivery/grpc/gen/cities_grpc.pb.go:120.2,120.44 1 0
2024_2_ThereWillBeName/internal/pkg/cities/delivery/grpc/gen/cities_grpc.pb.go:123.166,125.32 2 0
2024_2_ThereWillBeName/internal/pkg/cities/delivery/grpc/gen/cities_grpc.pb.go:125.32,127.3 1 0
2024_2_ThereWillBeName/internal/pkg/cities/delivery/grpc/gen/cities_grpc.pb.go:128.2,128.24 1 0
2024_2_ThereWillBeName/internal/pkg/cities/delivery/grpc/gen/cities_grpc.pb.go:128.24,130.3 1 0
2024_2_ThereWillBeName/internal/pkg/cities/delivery/grpc/gen/cities_grpc.pb.go:131.2,135.77 2 0
2024_2_ThereWillBeName/internal/pkg/cities/delivery/grpc/gen/cities_grpc.pb.go:135.77,137.3 1 0
2024_2_ThereWillBeName/internal/pkg/cities/delivery/grpc/gen/cities_grpc.pb.go:138.2,138.44 1 0
2024_2_ThereWillBeName/internal/pkg/cities/usecase/cities_usecase.go:15.66,19.2 1 0
2024_2_ThereWillBeName/internal/pkg/cities/usecase/cities_usecase.go:21.106,23.16 2 0
2024_2_ThereWillBeName/internal/pkg/cities/usecase/cities_usecase.go:23.16,24.41 1 0
2024_2_ThereWillBeName/internal/pkg/cities/usecase/cities_usecase.go:24.41,26.4 1 0
2024_2_ThereWillBeName/internal/pkg/cities/usecase/cities_usecase.go:27.3,27.67 1 0
2024_2_ThereWillBeName/internal/pkg/cities/usecase/cities_usecase.go:29.2,29.25 1 0
2024_2_ThereWillBeName/internal/pkg/cities/usecase/cities_usecase.go:32.95,34.16 2 0
2024_2_ThereWillBeName/internal/pkg/cities/usecase/cities_usecase.go:34.16,35.41 1 0
2024_2_ThereWillBeName/internal/pkg/cities/usecase/cities_usecase.go:35.41,37.4 1 0
2024_2_ThereWillBeName/internal/pkg/cities/usecase/cities_usecase.go:38.3,38.77 1 0
2024_2_ThereWillBeName/internal/pkg/cities/usecase/cities_usecase.go:41.2,41.18 1 0
2024_2_ThereWillBeName/internal/models/place.go:49.70,59.2 9 0
2024_2_ThereWillBeName/internal/models/place.go:61.70,71.2 9 0
2024_2_ThereWillBeName/internal/models/review.go:32.61,38.2 5 0
2024_2_ThereWillBeName/internal/models/trip.go:21.55,39.2 15 0
2024_2_ThereWillBeName/internal/models/user.go:23.55,28.2 3 0
2024_2_ThereWillBeName/internal/pkg/categories/mocks/mock.go:27.79,31.2 3 0
2024_2_ThereWillBeName/internal/pkg/categories/mocks/mock.go:34.77,36.2 1 0
2024_2_ThereWillBeName/internal/pkg/categories/mocks/mock.go:39.114,45.2 5 0
2024_2_ThereWillBeName/internal/pkg/categories/mocks/mock.go:48.105,51.2 2 0
2024_2_ThereWillBeName/internal/pkg/categories/mocks/mock.go:65.85,69.2 3 1
2024_2_ThereWillBeName/internal/pkg/categories/mocks/mock.go:72.83,74.2 1 1
2024_2_ThereWillBeName/internal/pkg/categories/mocks/mock.go:77.117,83.2 5 1
2024_2_ThereWillBeName/internal/pkg/categories/mocks/mock.go:86.108,89.2 2 1
2024_2_ThereWillBeName/internal/pkg/categories/usecase/categories_usecase.go:13.84,15.2 1 1
2024_2_ThereWillBeName/internal/pkg/categories/usecase/categories_usecase.go:17.110,19.2 1 1
2024_2_ThereWillBeName/internal/validator/validator.go:11.23,13.2 1 0
2024_2_ThereWillBeName/internal/validator/validator.go:15.34,17.2 1 0
2024_2_ThereWillBeName/internal/validator/validator.go:19.51,20.41 1 0
2024_2_ThereWillBeName/internal/validator/validator.go:20.41,22.3 1 0
2024_2_ThereWillBeName/internal/validator/validator.go:25.57,26.9 1 0
2024_2_ThereWillBeName/internal/validator/validator.go:26.9,28.3 1 0
2024_2_ThereWillBeName/internal/validator/validator.go:31.67,33.2 1 0
2024_2_ThereWillBeName/internal/pkg/cities/delivery/grpc/grpc_server.go:16.71,18.2 1 0
2024_2_ThereWillBeName/internal/pkg/cities/delivery/grpc/grpc_server.go:20.146,22.16 2 0
2024_2_ThereWillBeName/internal/pkg/cities/delivery/grpc/grpc_server.go:22.16,24.3 1 0
2024_2_ThereWillBeName/internal/pkg/cities/delivery/grpc/grpc_server.go:26.2,27.30 2 0
2024_2_ThereWillBeName/internal/pkg/cities/delivery/grpc/grpc_server.go:27.30,32.3 1 0
[...]
2024_2_ThereWillBeName/internal/pkg/user/delivery/grpc/gen/user_grpc.pb.go:80.138,84.16 4 0
2024_2_ThereWillBeName/internal/pkg/user/delivery/grpc/gen/user_grpc.pb.go:84.16,86.3 1 0
2024_2_ThereWillBeName/internal/pkg/user/delivery/grpc/gen/user_grpc.pb.go:87.2,87.17 1 0
2024_2_ThereWillBeName/internal/pkg/user/delivery/grpc/gen/user_grpc.pb.go:90.141,94.16 4 0
2024_2_ThereWillBeName/internal/pkg/user/delivery/grpc/gen/user_grpc.pb.go:94.16,96.3 1 0
2024_2_ThereWillBeName/internal/pkg/user/delivery/grpc/gen/user_grpc.pb.go:97.2,97.17 1 0
2024_2_ThereWillBeName/internal/pkg/user/delivery/grpc/gen/user_grpc.pb.go:100.139,104.16 4 0
2024_2_ThereWillBeName/internal/pkg/user/delivery/grpc/gen/user_grpc.pb.go:104.16,106.3 1 0
2024_2_ThereWillBeName/internal/pkg/user/delivery/grpc/gen/user_grpc.pb.go:107.2,107.17 1 0
2024_2_ThereWillBeName/internal/pkg/user/delivery/grpc/gen/user_grpc.pb.go:130.104,132.2 1 0
2024_2_ThereWillBeName/internal/pkg/user/delivery/grpc/gen/user_grpc.pb.go:133.101,135.2 1 0
2024_2_ThereWillBeName/internal/pkg/user/delivery/grpc/gen/user_grpc.pb.go:136.122,138.2 1 0
2024_2_ThereWillBeName/internal/pkg/user/delivery/grpc/gen/user_grpc.pb.go:139.116,141.2 1 0
2024_2_ThereWillBeName/internal/pkg/user/delivery/grpc/gen/user_grpc.pb.go:142.119,144.2 1 0
2024_2_ThereWillBeName/internal/pkg/user/delivery/grpc/gen/user_grpc.pb.go:145.117,147.2 1 0
2024_2_ThereWillBeName/internal/pkg/user/delivery/grpc/gen/user_grpc.pb.go:148.82,148.83 0 0
2024_2_ThereWillBeName/internal/pkg/user/delivery/grpc/gen/user_grpc.pb.go:149.82,149.83 0 0
2024_2_ThereWillBeName/internal/pkg/user/delivery/grpc/gen/user_grpc.pb.go:158.80,163.59 1 0
2024_2_ThereWillBeName/internal/pkg/user/delivery/grpc/gen/user_grpc.pb.go:163.59,165.3 1 0
2024_2_ThereWillBeName/internal/pkg/user/delivery/grpc/gen/user_grpc.pb.go:166.2,166.50 1 0
2024_2_ThereWillBeName/internal/pkg/user/delivery/grpc/gen/user_grpc.pb.go:169.163,171.32 2 0
2024_2_ThereWillBeName/internal/pkg/user/delivery/grpc/gen/user_grpc.pb.go:171.32,173.3 1 0
2024_2_ThereWillBeName/internal/pkg/user/delivery/grpc/gen/user_grpc.pb.go:174.2,174.24 1 0
2024_2_ThereWillBeName/internal/pkg/user/delivery/grpc/gen/user_grpc.pb.go:174.24,176.3 1 0
2024_2_ThereWillBeName/internal/pkg/user/delivery/grpc/gen/user_grpc.pb.go:177.2,181.77 2 0
2024_2_ThereWillBeName/internal/pkg/user/delivery/grpc/gen/user_grpc.pb.go:181.77,183.3 1 0
2024_2_ThereWillBeName/internal/pkg/user/delivery/grpc/gen/user_grpc.pb.go:184.2,184.44 1 0
2024_2_ThereWillBeName/internal/pkg/user/delivery/grpc/gen/user_grpc.pb.go:187.162,189.32 2 0
2024_2_ThereWillBeName/internal/pkg/user/delivery/grpc/gen/user_grpc.pb.go:189.32,191.3 1 0
2024_2_ThereWillBeName/internal/pkg/user/delivery/grpc/gen/user_grpc.pb.go:192.2,192.24 1 0
2024_2_ThereWillBeName/internal/pkg/user/delivery/grpc/gen/user_grpc.pb.go:192.24,194.3 1 0
2024_2_ThereWillBeName/internal/pkg/user/delivery/grpc/gen/user_grpc.pb.go:195.2,199.77 2 0
2024_2_ThereWillBeName/internal/pkg/user/delivery/grpc/gen/user_grpc.pb.go:199.77,201.3 1 0
2024_2_ThereWillBeName/internal/pkg/user/delivery/grpc/gen/user_grpc.pb.go:202.2,202.44 1 0
2024_2_ThereWillBeName/internal/pkg/user/delivery/grpc/gen/user_grpc.pb.go:205.169,207.32 2 0
2024_2_ThereWillBeName/internal/pkg/user/delivery/grpc/gen/user_grpc.pb.go:207.32,209.3 1 0
2024_2_ThereWillBeName/internal/pkg/user/delivery/grpc/gen/user_grpc.pb.go:210.2,210.24 1 0
2024_2_ThereWillBeName/internal/pkg/user/delivery/grpc/gen/user_grpc.pb.go:210.24,212.3 1 0
2024_2_ThereWillBeName/internal/pkg/user/delivery/grpc/gen/user_grpc.pb.go:213.2,217.77 2 0
2024_2_ThereWillBeName/internal/pkg/user/delivery/grpc/gen/user_grpc.pb.go:217.77,219.3 1 0
2024_2_ThereWillBeName/internal/pkg/user/delivery/grpc/gen/user_grpc.pb.go:220.2,220.44 1 0
2024_2_ThereWillBeName/internal/pkg/user/delivery/grpc/gen/user_grpc.pb.go:223.167,225.32 2 0
2024_2_ThereWillBeName/internal/pkg/user/delivery/grpc/gen/user_grpc.pb.go:225.32,227.3 1 0
2024_2_ThereWillBeName/internal/pkg/user/delivery/grpc/gen/user_grpc.pb.go:228.2,228.24 1 0
2024_2_ThereWillBeName/internal/pkg/user/delivery/grpc/gen/user_grpc.pb.go:228.24,230.3 1 0
2024_2_ThereWillBeName/internal/pkg/user/delivery/grpc/gen/user_grpc.pb.go:231.2,235.77 2 0
2024_2_ThereWillBeName/internal/pkg/user/delivery/grpc/gen/user_grpc.pb.go:235.77,237.3 1 0
2024_2_ThereWillBeName/internal/pkg/user/delivery/grpc/gen/user_grpc.pb.go:238.2,238.44 1 0
2024_2_ThereWillBeName/internal/pkg/user/delivery/grpc/gen/user_grpc.pb.go:241.171,243.32 2 0
2024_2_ThereWillBeName/internal/pkg/user/delivery/grpc/gen/user_grpc.pb.go:243.32,245.3 1 0
2024_2_ThereWillBeName/internal/pkg/user/delivery/grpc/gen/user_grpc.pb.go:246.2,246.24 1 0
2024_2_ThereWillBeName/internal/pkg/user/delivery/grpc/gen/user_grpc.pb.go:246.24,248.3 1 0
2024_2_ThereWillBeName/internal/pkg/user/delivery/grpc/gen/user_grpc.pb.go:249.2,253.77 2 0
2024_2_ThereWillBeName/internal/pkg/user/delivery/grpc/gen/user_grpc.pb.go:253.77,255.3 1 0
2024_2_ThereWillBeName/internal/pkg/user/delivery/grpc/gen/user_grpc.pb.go:256.2,256.44 1 0
2024_2_ThereWillBeName/internal/pkg/user/delivery/grpc/gen/user_grpc.pb.go:259.170,261.32 2 0
2024_2_ThereWillBeName/internal/pkg/user/delivery/grpc/gen/user_grpc.pb.go:261.32,263.3 1 0
2024_2_ThereWillBeName/internal/pkg/user/delivery/grpc/gen/user_grpc.pb.go:264.2,264.24 1 0
2024_2_ThereWillBeName/internal/pkg/user/delivery/grpc/gen/user_grpc.pb.go:264.24,266.3 1 0
2024_2_ThereWillBeName/internal/pkg/user/delivery/grpc/gen/user_grpc.pb.go:267.2,271.77 2 0
2024_2_ThereWillBeName/internal/pkg/user/delivery/grpc/gen/user_grpc.pb.go:271.77,273.3 1 0
2024_2_ThereWillBeName/internal/pkg/user/delivery/grpc/gen/user_grpc.pb.go:274.2,274.44 1 0
2024_2_ThereWillBeName/internal/pkg/user/delivery/http/handler.go:43.103,49.2 1 0
2024_2_ThereWillBeName/internal/pkg/user/delivery/http/handler.go:61.66,68.69 5 0
2024_2_ThereWillBeName/internal/pkg/user/delivery/http/handler.go:68.69,75.3 4 0
2024_2_ThereWillBeName/internal/pkg/user/delivery/http/handler.go:77.2,88.47 6 0
2024_2_ThereWillBeName/internal/pkg/user/delivery/http/handler.go:88.47,91.3 2 0
2024_2_ThereWillBeName/internal/pkg/user/delivery/http/handler.go:93.2,101.16 4 0
2024_2_ThereWillBeName/internal/pkg/user/delivery/http/handler.go:101.16,102.46 1 0
2024_2_ThereWillBeName/internal/pkg/user/delivery/http/handler.go:102.46,109.4 4 0
2024_2_ThereWillBeName/internal/pkg/user/delivery/http/handler.go:111.3,117.9 4 0
2024_2_ThereWillBeName/internal/pkg/user/delivery/http/handler.go:120.2,125.16 4 0
2024_2_ThereWillBeName/internal/pkg/user/delivery/http/handler.go:125.16,132.3 4 0
2024_2_ThereWillBeName/internal/pkg/user/delivery/http/handler.go:134.2,146.69 4 0
2024_2_ThereWillBeName/internal/pkg/user/delivery/http/handler.go:159.65,168.69 5 0
2024_2_ThereWillBeName/internal/pkg/user/delivery/http/handler.go:168.69,175.3 4 0
2024_2_ThereWillBeName/internal/pkg/user/delivery/http/handler.go:177.2,186.16 5 0
2024_2_ThereWillBeName/internal/pkg/user/delivery/http/handler.go:186.16,194.3 4 0
2024_2_ThereWillBeName/internal/pkg/user/delivery/http/handler.go:196.2,211.16 4 0
2024_2_ThereWillBeName/internal/pkg/user/delivery/http/handler.go:211.16,218.3 4 0
2024_2_ThereWillBeName/internal/pkg/user/delivery/http/handler.go:219.2,228.69 4 0
2024_2_ThereWillBeName/internal/pkg/user/delivery/http/handler.go:238.66,243.9 4 0
2024_2_ThereWillBeName/internal/pkg/user/delivery/http/handler.go:243.9,252.3 4 0
2024_2_ThereWillBeName/internal/pkg/user/delivery/http/handler.go:254.2,256.30 2 0
2024_2_ThereWillBeName/internal/pkg/user/delivery/http/handler.go:267.71,272.9 4 0
2024_2_ThereWillBeName/internal/pkg/user/delivery/http/handler.go:272.9,281.3 4 0
2024_2_ThereWillBeName/internal/pkg/user/delivery/http/handler.go:283.2,284.9 2 0
2024_2_ThereWillBeName/internal/pkg/user/delivery/http/handler.go:284.9,292.3 4 0
2024_2_ThereWillBeName/internal/pkg/user/delivery/http/handler.go:294.2,295.9 2 0
2024_2_ThereWillBeName/internal/pkg/user/delivery/http/handler.go:295.9,303.3 4 0
2024_2_ThereWillBeName/internal/pkg/user/delivery/http/handler.go:305.2,312.69 3 0
2024_2_ThereWillBeName/internal/pkg/user/delivery/http/handler.go:326.72,332.16 5 0
2024_2_ThereWillBeName/internal/pkg/user/delivery/http/handler.go:332.16,340.3 4 0
2024_2_ThereWillBeName/internal/pkg/user/delivery/http/handler.go:342.2,343.39 2 0
2024_2_ThereWillBeName/internal/pkg/user/delivery/http/handler.go:343.39,351.3 4 0
2024_2_ThereWillBeName/internal/pkg/user/delivery/http/handler.go:353.2,357.69 2 0
2024_2_ThereWillBeName/internal/pkg/user/delivery/http/handler.go:357.69,364.3 4 0
2024_2_ThereWillBeName/internal/pkg/user/delivery/http/handler.go:366.2,366.58 1 0
2024_2_ThereWillBeName/internal/pkg/user/delivery/http/handler.go:366.58,368.18 2 0
2024_2_ThereWillBeName/internal/pkg/user/delivery/http/handler.go:368.18,370.4 1 0
2024_2_ThereWillBeName/internal/pkg/user/delivery/http/handler.go:370.9,377.4 4 0
2024_2_ThereWillBeName/internal/pkg/user/delivery/http/handler.go:380.2,381.16 2 0
2024_2_ThereWillBeName/internal/pkg/user/delivery/http/handler.go:381.16,388.3 4 0
2024_2_ThereWillBeName/internal/pkg/user/delivery/http/handler.go:390.2,393.44 3 0
2024_2_ThereWillBeName/internal/pkg/user/delivery/http/handler.go:393.44,400.3 4 0
2024_2_ThereWillBeName/internal/pkg/user/delivery/http/handler.go:402.2,403.33 2 0
2024_2_ThereWillBeName/internal/pkg/user/delivery/http/handler.go:403.33,410.3 4 0
2024_2_ThereWillBeName/internal/pkg/user/delivery/http/handler.go:412.2,423.16 5 0
2024_2_ThereWillBeName/internal/pkg/user/delivery/http/handler.go:423.16,430.3 4 0
2024_2_ThereWillBeName/internal/pkg/user/delivery/http/handler.go:432.2,439.69 3 0
2024_2_ThereWillBeName/internal/pkg/user/delivery/http/handler.go:452.70,458.16 5 0
2024_2_ThereWillBeName/internal/pkg/user/delivery/http/handler.go:458.16,466.3 4 0
2024_2_ThereWillBeName/internal/pkg/user/delivery/http/handler.go:468.2,469.9 2 0
2024_2_ThereWillBeName/internal/pkg/user/delivery/http/handler.go:469.9,477.3 4 0
2024_2_ThereWillBeName/internal/pkg/user/delivery/http/handler.go:479.2,487.16 4 0
2024_2_ThereWillBeName/internal/pkg/user/delivery/http/handler.go:487.16,488.41 1 0
2024_2_ThereWillBeName/internal/pkg/user/delivery/http/handler.go:488.41,496.4 4 0
2024_2_ThereWillBeName/internal/pkg/user/delivery/http/handler.go:498.3,504.9 4 0
2024_2_ThereWillBeName/internal/pkg/user/delivery/http/handler.go:506.2,508.79 2 0
2024_2_ThereWillBeName/internal/pkg/user/delivery/http/handler.go:511.74,515.9 4 0
2024_2_ThereWillBeName/internal/pkg/user/delivery/http/handler.go:515.9,521.3 3 0
2024_2_ThereWillBeName/internal/pkg/user/delivery/http/handler.go:523.2,524.9 2 0
2024_2_ThereWillBeName/internal/pkg/user/delivery/http/handler.go:524.9,530.3 3 0
2024_2_ThereWillBeName/internal/pkg/user/delivery/http/handler.go:532.2,533.9 2 0
2024_2_ThereWillBeName/internal/pkg/user/delivery/http/handler.go:533.9,539.3 3 0
2024_2_ThereWillBeName/internal/pkg/user/delivery/http/handler.go:541.2,545.69 2 0
2024_2_ThereWillBeName/internal/pkg/user/delivery/http/handler.go:545.69,551.3 3 0
2024_2_ThereWillBeName/internal/pkg/user/delivery/http/handler.go:553.2,564.16 4 0
2024_2_ThereWillBeName/internal/pkg/user/delivery/http/handler.go:564.16,565.41 1 0
2024_2_ThereWillBeName/internal/pkg/user/delivery/http/handler.go:565.41,571.4 3 0
2024_2_ThereWillBeName/internal/pkg/user/delivery/http/handler.go:571.9,571.48 1 0
2024_2_ThereWillBeName/internal/pkg/user/delivery/http/handler.go:571.48,577.4 3 0
2024_2_ThereWillBeName/internal/pkg/user/delivery/http/handler.go:579.3,583.9 3 0
2024_2_ThereWillBeName/internal/pkg/user/delivery/http/handler.go:586.2,596.69 3 0
2024_2_ThereWillBeName/internal/pkg/user/delivery/http/handler.go:599.73,604.9 4 0
2024_2_ThereWillBeName/internal/pkg/user/delivery/http/handler.go:604.9,610.3 3 0
2024_2_ThereWillBeName/internal/pkg/user/delivery/http/handler.go:612.2,616.66 2 0
2024_2_ThereWillBeName/internal/pkg/user/delivery/http/handler.go:616.66,622.3 3 0
2024_2_ThereWillBeName/internal/pkg/user/delivery/http/handler.go:624.2,633.16 4 0
2024_2_ThereWillBeName/internal/pkg/user/delivery/http/handler.go:633.16,634.41 1 0
2024_2_ThereWillBeName/internal/pkg/user/delivery/http/handler.go:634.41,640.4 3 0
2024_2_ThereWillBeName/internal/pkg/user/delivery/http/handler.go:641.3,645.9 3 0
2024_2_ThereWillBeName/internal/pkg/user/delivery/http/handler.go:648.2,657.69 3 0
2024_2_ThereWillBeName/internal/validator/validator.go:11.23,13.2 1 0
2024_2_ThereWillBeName/internal/validator/validator.go:15.34,17.2 1 0
2024_2_ThereWillBeName/internal/validator/validator.go:19.51,20.41 1 0
2024_2_ThereWillBeName/internal/validator/validator.go:20.41,22.3 1 0
2024_2_ThereWillBeName/internal/validator/validator.go:25.57,26.9 1 0
2024_2_ThereWillBeName/internal/validator/validator.go:26.9,28.3 1 0
2024_2_ThereWillBeName/internal/validator/validator.go:31.67,33.2 1 0
2024_2_ThereWillBeName/internal/validator/validator.go:11.23,13.2 1 0
2024_2_ThereWillBeName/internal/validator/validator.go:15.34,17.2 1 0
2024_2_ThereWillBeName/internal/validator/validator.go:19.51,20.41 1 0
2024_2_ThereWillBeName/internal/validator/validator.go:20.41,22.3 1 0
2024_2_ThereWillBeName/internal/validator/validator.go:25.57,26.9 1 0
2024_2_ThereWillBeName/internal/validator/validator.go:26.9,28.3 1 0
2024_2_ThereWillBeName/internal/validator/validator.go:31.67,33.2 1 0
2024_2_ThereWillBeName/internal/models/place.go:49.70,59.2 9 0
2024_2_ThereWillBeName/internal/models/place.go:61.70,71.2 9 0
2024_2_ThereWillBeName/internal/models/review.go:32.61,38.2 5 0
2024_2_ThereWillBeName/internal/models/trip.go:21.55,39.2 15 0
2024_2_ThereWillBeName/internal/models/user.go:23.55,28.2 3 0
2024_2_ThereWillBeName/internal/pkg/user/usecase/user_usecase.go:21.78,26.2 1 0
2024_2_ThereWillBeName/internal/pkg/user/usecase/user_usecase.go:28.59,30.16 2 0
2024_2_ThereWillBeName/internal/pkg/user/usecase/user_usecase.go:30.16,32.3 1 0
2024_2_ThereWillBeName/internal/pkg/user/usecase/user_usecase.go:33.2,35.53 2 0
2024_2_ThereWillBeName/internal/pkg/user/usecase/user_usecase.go:35.53,37.3 1 0
2024_2_ThereWillBeName/internal/pkg/user/usecase/user_usecase.go:39.2,39.12 1 0
2024_2_ThereWillBeName/internal/pkg/user/usecase/user_usecase.go:42.87,46.2 3 0
2024_2_ThereWillBeName/internal/pkg/user/usecase/user_usecase.go:48.99,51.16 2 0
2024_2_ThereWillBeName/internal/pkg/user/usecase/user_usecase.go:51.16,54.3 2 0
2024_2_ThereWillBeName/internal/pkg/user/usecase/user_usecase.go:56.2,56.95 1 0
2024_2_ThereWillBeName/internal/pkg/user/usecase/user_usecase.go:56.95,59.3 2 0
2024_2_ThereWillBeName/internal/pkg/user/usecase/user_usecase.go:59.8,61.3 1 0
2024_2_ThereWillBeName/internal/pkg/user/usecase/user_usecase.go:63.2,63.18 1 0
2024_2_ThereWillBeName/internal/pkg/user/usecase/user_usecase.go:66.132,68.16 2 0
2024_2_ThereWillBeName/internal/pkg/user/usecase/user_usecase.go:68.16,69.41 1 0
2024_2_ThereWillBeName/internal/pkg/user/usecase/user_usecase.go:69.41,71.4 1 0
2024_2_ThereWillBeName/internal/pkg/user/usecase/user_usecase.go:72.3,72.66 1 0
2024_2_ThereWillBeName/internal/pkg/user/usecase/user_usecase.go:75.2,77.54 2 0
2024_2_ThereWillBeName/internal/pkg/user/usecase/user_usecase.go:77.54,79.50 2 0
2024_2_ThereWillBeName/internal/pkg/user/usecase/user_usecase.go:79.50,81.4 1 0
2024_2_ThereWillBeName/internal/pkg/user/usecase/user_usecase.go:84.2,84.67 1 0
2024_2_ThereWillBeName/internal/pkg/user/usecase/user_usecase.go:84.67,86.3 1 0
2024_2_ThereWillBeName/internal/pkg/user/usecase/user_usecase.go:88.2,88.54 1 0
2024_2_ThereWillBeName/internal/pkg/user/usecase/user_usecase.go:88.54,89.86 1 0
2024_2_ThereWillBeName/internal/pkg/user/usecase/user_usecase.go:89.86,91.4 1 0
2024_2_ThereWillBeName/internal/pkg/user/usecase/user_usecase.go:94.2,94.28 1 0
2024_2_ThereWillBeName/internal/pkg/user/usecase/user_usecase.go:97.113,99.16 2 0
2024_2_ThereWillBeName/internal/pkg/user/usecase/user_usecase.go:99.16,100.41 1 0
2024_2_ThereWillBeName/internal/pkg/user/usecase/user_usecase.go:100.41,102.4 1 0
2024_2_ThereWillBeName/internal/pkg/user/usecase/user_usecase.go:103.3,103.84 1 0
2024_2_ThereWillBeName/internal/pkg/user/usecase/user_usecase.go:106.2,106.27 1 0
2024_2_ThereWillBeName/internal/pkg/user/usecase/user_usecase.go:106.27,108.3 1 0
2024_2_ThereWillBeName/internal/pkg/user/usecase/user_usecase.go:110.2,114.8 1 0
2024_2_ThereWillBeName/internal/pkg/user/usecase/user_usecase.go:117.111,119.16 2 0
2024_2_ThereWillBeName/internal/pkg/user/usecase/user_usecase.go:119.16,122.3 2 0
2024_2_ThereWillBeName/internal/pkg/user/usecase/user_usecase.go:124.2,124.104 1 0
2024_2_ThereWillBeName/internal/pkg/user/usecase/user_usecase.go:124.104,127.3 2 0
2024_2_ThereWillBeName/internal/pkg/user/usecase/user_usecase.go:129.2,131.68 2 0
2024_2_ThereWillBeName/internal/pkg/user/usecase/user_usecase.go:134.102,136.2 1 0
2024_2_ThereWillBeName/internal/validator/validator.go:11.23,13.2 1 0
2024_2_ThereWillBeName/internal/validator/validator.go:15.34,17.2 1 0
2024_2_ThereWillBeName/internal/validator/validator.go:19.51,20.41 1 0
2024_2_ThereWillBeName/internal/validator/validator.go:20.41,22.3 1 0
2024_2_ThereWillBeName/internal/validator/validator.go:25.57,26.9 1 0
2024_2_ThereWillBeName/internal/validator/validator.go:26.9,28.3 1 0
2024_2_ThereWillBeName/internal/validator/validator.go:31.67,33.2 1 0
2024_2_ThereWillBeName/internal/pkg/user/mocks/mock.go:27.67,31.2 3 0
2024_2_ThereWillBeName/internal/pkg/user/mocks/mock.go:34.65,36.2 1 0
2024_2_ThereWillBeName/internal/pkg/user/mocks/mock.go:39.113,45.2 5 0
2024_2_ThereWillBeName/internal/pkg/user/mocks/mock.go:48.102,51.2 2 0
2024_2_ThereWillBeName/internal/pkg/user/mocks/mock.go:54.99,60.2 5 0
2024_2_ThereWillBeName/internal/pkg/user/mocks/mock.go:63.93,66.2 2 0
2024_2_ThereWillBeName/internal/pkg/user/mocks/mock.go:69.87,75.2 5 0
2024_2_ThereWillBeName/internal/pkg/user/mocks/mock.go:78.83,81.2 2 0
2024_2_ThereWillBeName/internal/pkg/user/mocks/mock.go:84.111,89.2 4 0
2024_2_ThereWillBeName/internal/pkg/user/mocks/mock.go:92.108,95.2 2 0
2024_2_ThereWillBeName/internal/pkg/user/mocks/mock.go:98.102,103.2 4 0
2024_2_ThereWillBeName/internal/pkg/user/mocks/mock.go:106.106,109.2 2 0
2024_2_ThereWillBeName/internal/pkg/user/mocks/mock.go:112.132,118.2 5 0
2024_2_ThereWillBeName/internal/pkg/user/mocks/mock.go:121.119,124.2 2 0
2024_2_ThereWillBeName/internal/pkg/user/mocks/mock.go:138.61,142.2 3 0
2024_2_ThereWillBeName/internal/pkg/user/mocks/mock.go:145.59,147.2 1 0
2024_2_ThereWillBeName/internal/pkg/user/mocks/mock.go:150.88,156.2 5 0
2024_2_ThereWillBeName/internal/pkg/user/mocks/mock.go:159.84,162.2 2 0
2024_2_ThereWillBeName/internal/pkg/user/mocks/mock.go:165.73,170.2 4 0
2024_2_ThereWillBeName/internal/pkg/user/mocks/mock.go:173.82,176.2 2 0
2024_2_ThereWillBeName/internal/pkg/user/mocks/mock.go:179.96,185.2 5 0
2024_2_ThereWillBeName/internal/pkg/user/mocks/mock.go:188.97,191.2 2 0
2024_2_ThereWillBeName/internal/pkg/user/mocks/mock.go:194.95,200.2 5 0
2024_2_ThereWillBeName/internal/pkg/user/mocks/mock.go:203.89,206.2 2 0
2024_2_ThereWillBeName/internal/pkg/user/mocks/mock.go:209.98,215.2 5 0
2024_2_ThereWillBeName/internal/pkg/user/mocks/mock.go:218.87,221.2 2 0
2024_2_ThereWillBeName/internal/pkg/user/mocks/mock.go:224.98,230.2 5 0
2024_2_ThereWillBeName/internal/pkg/user/mocks/mock.go:233.91,236.2 2 0
2024_2_ThereWillBeName/internal/pkg/user/mocks/mock.go:239.108,244.2 4 0
2024_2_ThereWillBeName/internal/pkg/user/mocks/mock.go:247.112,250.2 2 0
2024_2_ThereWillBeName/internal/pkg/user/mocks/mock.go:253.99,258.2 4 0
2024_2_ThereWillBeName/internal/pkg/user/mocks/mock.go:261.103,264.2 2 0
2024_2_ThereWillBeName/internal/pkg/user/mocks/mock.go:267.99,272.2 4 0
2024_2_ThereWillBeName/internal/pkg/user/mocks/mock.go:275.103,278.2 2 0
2024_2_ThereWillBeName/internal/pkg/user/mocks/mock.go:281.80,286.2 4 0
2024_2_ThereWillBeName/internal/pkg/user/mocks/mock.go:289.84,292.2 2 0
